2026-03-15 10:35:28,721 [INFO] Activator:176 - 


2026-03-15 10:35:28,726 [INFO] Activator:177 - !SESSION log4j initialized
2026-03-15 10:35:33,323 [INFO] LogOutputStream:77 - [STDOUT_REDIRECT] 
2026-03-15 10:35:35,784 [ERROR] LogOutputStream:75 - [STDERR_REDIRECT] 
2026-03-15 10:35:38,645 [INFO] LogOutputStream:77 - [STDOUT_REDIRECT] 
2026-03-15 10:35:40,230 [ERROR] ConfigurationRetriever:142 - IOException on connection: PKIX path building failed: sun.security.provider.certpath.SunCertPathBuilderException: unable to find valid certification path to requested target
2026-03-15 10:35:40,282 [ERROR] ConfigurationRetriever:142 - IOException on connection: PKIX path building failed: sun.security.provider.certpath.SunCertPathBuilderException: unable to find valid certification path to requested target
2026-03-15 10:35:40,329 [ERROR] ConfigurationRetriever:142 - IOException on connection: PKIX path building failed: sun.security.provider.certpath.SunCertPathBuilderException: unable to find valid certification path to requested target
2026-03-15 10:35:40,517 [INFO] ApplicationProperties:184 - Using Application install path: /Applications/STM32CubeIDE.app/Contents/Eclipse/plugins/com.st.stm32cube.common.mx_6.15.0.202507011659
2026-03-15 10:35:40,530 [INFO] DbMcusXml:78 - Set database path to: /Applications/STM32CubeIDE.app/Contents/Eclipse/plugins/com.st.stm32cube.common.mx_6.15.0.202507011659//db//mcu/
2026-03-15 10:35:40,530 [INFO] ApiDb:274 - Set plugin database path to: /Applications/STM32CubeIDE.app/Contents/Eclipse/plugins/com.st.stm32cube.common.mx_6.15.0.202507011659//db//plugins/boardmanager/
2026-03-15 10:35:40,531 [WARN] ApiDb:259 - Overriding images path with different value:  => /Applications/STM32CubeIDE.app/Contents/Eclipse/plugins/com.st.stm32cube.common.mx_6.15.0.202507011659//db//plugins/mcufinder/images/
2026-03-15 10:35:40,538 [INFO] ApiDb:250 - Set database path to: /Users/ggpai/.stmcufinder/plugins/mcufinder//mcu/
2026-03-15 10:35:40,539 [INFO] DbMcusAds:125 - Set database path to: /Users/ggpai/.stmcufinder/plugins/mcufinder//mcu/
2026-03-15 10:35:40,540 [INFO] CrossReferenceDbSqlite:203 - Set database path to: /Users/ggpai/.stmcufinder/plugins/mcufinder//mcu/cs/
2026-03-15 10:35:40,656 [INFO] RulesReader:64 - Compatibility file has been processed (317 Rules)
2026-03-15 10:35:40,704 [INFO] DbMcusXml:78 - Set database path to: /Applications/STM32CubeIDE.app/Contents/Eclipse/plugins/com.st.stm32cube.common.mx_6.15.0.202507011659//db//mcu/
2026-03-15 10:35:40,705 [INFO] ApiDb:274 - Set plugin database path to: /Applications/STM32CubeIDE.app/Contents/Eclipse/plugins/com.st.stm32cube.common.mx_6.15.0.202507011659//db//plugins/boardmanager/
2026-03-15 10:35:40,705 [INFO] ApiDb:261 - Set plugin images path to: /Applications/STM32CubeIDE.app/Contents/Eclipse/plugins/com.st.stm32cube.common.mx_6.15.0.202507011659//db//plugins/mcufinder/images/
2026-03-15 10:35:40,705 [WARN] DbFile:41 - Overriding database path with different value: /Users/ggpai/.stmcufinder/plugins/mcufinder/ => /Users/ggpai/.stmcufinder/plugins/mcufinder
2026-03-15 10:35:40,706 [INFO] ApiDb:250 - Set database path to: /Users/ggpai/.stmcufinder/plugins/mcufinder//mcu/
2026-03-15 10:35:40,706 [WARN] DbFile:41 - Overriding database path with different value: /Users/ggpai/.stmcufinder/plugins/mcufinder/ => /Users/ggpai/.stmcufinder/plugins/mcufinder
2026-03-15 10:35:40,706 [INFO] DbMcusAds:125 - Set database path to: /Users/ggpai/.stmcufinder/plugins/mcufinder//mcu/
2026-03-15 10:35:40,706 [WARN] DbFile:41 - Overriding database path with different value: /Users/ggpai/.stmcufinder/plugins/mcufinder/ => /Users/ggpai/.stmcufinder/plugins/mcufinder
2026-03-15 10:35:40,706 [WARN] DbFile:41 - Overriding database path with different value: /Users/ggpai/.stmcufinder/plugins/mcufinder/ => /Users/ggpai/.stmcufinder/plugins/mcufinder
2026-03-15 10:35:40,706 [INFO] CrossReferenceDbSqlite:203 - Set database path to: /Users/ggpai/.stmcufinder/plugins/mcufinder//mcu/cs/
2026-03-15 10:35:40,769 [INFO] MainPanel:274 - HeapMemory: 268435456
2026-03-15 10:35:41,239 [INFO] DbMcusXml:78 - Set database path to: /Applications/STM32CubeIDE.app/Contents/Eclipse/plugins/com.st.stm32cube.common.mx_6.15.0.202507011659//db//mcu/
2026-03-15 10:35:41,239 [INFO] ApiDb:274 - Set plugin database path to: /Applications/STM32CubeIDE.app/Contents/Eclipse/plugins/com.st.stm32cube.common.mx_6.15.0.202507011659//db//plugins/boardmanager/
2026-03-15 10:35:41,239 [INFO] ApiDb:261 - Set plugin images path to: /Applications/STM32CubeIDE.app/Contents/Eclipse/plugins/com.st.stm32cube.common.mx_6.15.0.202507011659//db//plugins/mcufinder/images/
2026-03-15 10:35:41,239 [WARN] DbFile:41 - Overriding database path with different value: /Users/ggpai/.stmcufinder/plugins/mcufinder/ => /Users/ggpai/.stmcufinder/plugins/mcufinder
2026-03-15 10:35:41,239 [INFO] ApiDb:250 - Set database path to: /Users/ggpai/.stmcufinder/plugins/mcufinder//mcu/
2026-03-15 10:35:41,239 [WARN] DbFile:41 - Overriding database path with different value: /Users/ggpai/.stmcufinder/plugins/mcufinder/ => /Users/ggpai/.stmcufinder/plugins/mcufinder
2026-03-15 10:35:41,239 [INFO] DbMcusAds:125 - Set database path to: /Users/ggpai/.stmcufinder/plugins/mcufinder//mcu/
2026-03-15 10:35:41,239 [WARN] DbFile:41 - Overriding database path with different value: /Users/ggpai/.stmcufinder/plugins/mcufinder/ => /Users/ggpai/.stmcufinder/plugins/mcufinder
2026-03-15 10:35:41,239 [WARN] DbFile:41 - Overriding database path with different value: /Users/ggpai/.stmcufinder/plugins/mcufinder/ => /Users/ggpai/.stmcufinder/plugins/mcufinder
2026-03-15 10:35:41,239 [INFO] CrossReferenceDbSqlite:203 - Set database path to: /Users/ggpai/.stmcufinder/plugins/mcufinder//mcu/cs/
2026-03-15 10:35:41,254 [INFO] ApplicationProperties:184 - Using Application install path: /Applications/STM32CubeIDE.app/Contents/Eclipse/plugins/com.st.stm32cube.common.mx_6.15.0.202507011659
2026-03-15 10:35:41,255 [INFO] PluginManage:196 - Search for loadable plugins [exclusion list=, ]
2026-03-15 10:35:41,256 [INFO] PluginManage:310 - Check plugin analytics
2026-03-15 10:35:41,411 [INFO] AnalyticsPlugin:253 - Accepted Software Licenses: STM32CubeMX.6.17.0
2026-03-15 10:35:41,411 [INFO] AnalyticsPlugin:255 - Accepted CMSIS Pack Licenses: 
2026-03-15 10:35:41,411 [INFO] AnalyticsPlugin:257 - Accepted Firmware Licenses: 
2026-03-15 10:35:41,425 [INFO] PluginManage:359 - Loaded plugin analytics (category:tool,tabindex:-1)
2026-03-15 10:35:41,426 [INFO] PluginManage:310 - Check plugin cadmodel
2026-03-15 10:35:41,437 [INFO] CADModel:105 - Init CAD model plugin
2026-03-15 10:35:41,438 [INFO] PluginManage:359 - Loaded plugin cadmodel (category:power,tabindex:5)
2026-03-15 10:35:41,438 [INFO] PluginManage:310 - Check plugin clock
2026-03-15 10:35:41,447 [INFO] PluginManage:359 - Loaded plugin clock (category:base,tabindex:2)
2026-03-15 10:35:41,447 [INFO] PluginManage:310 - Check plugin ddr
2026-03-15 10:35:41,449 [INFO] PluginManage:359 - Loaded plugin ddr (category:tool,tabindex:6)
2026-03-15 10:35:41,449 [INFO] PluginManage:310 - Check plugin filemanager
2026-03-15 10:35:41,467 [ERROR] ConfigurationRetriever:142 - IOException on connection: PKIX path building failed: sun.security.provider.certpath.SunCertPathBuilderException: unable to find valid certification path to requested target
2026-03-15 10:35:41,508 [ERROR] ConfigurationRetriever:142 - IOException on connection: PKIX path building failed: sun.security.provider.certpath.SunCertPathBuilderException: unable to find valid certification path to requested target
2026-03-15 10:35:41,547 [ERROR] ConfigurationRetriever:142 - IOException on connection: PKIX path building failed: sun.security.provider.certpath.SunCertPathBuilderException: unable to find valid certification path to requested target
2026-03-15 10:35:41,577 [INFO] PluginManage:359 - Loaded plugin filemanager (category:base,tabindex:10)
2026-03-15 10:35:41,577 [INFO] PluginManage:310 - Check plugin ipmanager
2026-03-15 10:35:41,584 [INFO] PluginManage:359 - Loaded plugin ipmanager (category:base,tabindex:5)
2026-03-15 10:35:41,584 [INFO] PluginManage:310 - Check plugin lpbam
2026-03-15 10:35:41,591 [INFO] PluginManage:359 - Loaded plugin lpbam (category:base,tabindex:0)
2026-03-15 10:35:41,591 [INFO] PluginManage:310 - Check plugin memorymap
2026-03-15 10:35:41,598 [INFO] PluginManage:359 - Loaded plugin memorymap (category:base,tabindex:4)
2026-03-15 10:35:41,598 [INFO] PluginManage:310 - Check plugin pinoutandconfiguration
2026-03-15 10:35:41,604 [INFO] PluginManage:359 - Loaded plugin pinoutandconfiguration (category:base,tabindex:1)
2026-03-15 10:35:41,604 [INFO] PluginManage:310 - Check plugin pinoutconfig
2026-03-15 10:35:41,680 [WARN] SupportedApi:132 - Cannot load RTOS API schema: s4s-elt-must-match.1: The content of 'definitions' must match (annotation?, (simpleType | complexType)?, (unique | key | keyref)*)). A problem was found starting at: attribute.
2026-03-15 10:35:41,815 [INFO] PluginManage:359 - Loaded plugin pinoutconfig (category:base,tabindex:0)
2026-03-15 10:35:41,816 [INFO] PluginManage:310 - Check plugin power
2026-03-15 10:35:41,829 [INFO] PluginManage:359 - Loaded plugin power (category:power,tabindex:4)
2026-03-15 10:35:41,830 [INFO] PluginManage:310 - Check plugin projectmanager
2026-03-15 10:35:41,857 [INFO] PluginManage:359 - Loaded plugin projectmanager (category:projectmanager,tabindex:4)
2026-03-15 10:35:41,857 [INFO] PluginManage:310 - Check plugin rif
2026-03-15 10:35:41,863 [INFO] PluginManage:359 - Loaded plugin rif (category:base,tabindex:3)
2026-03-15 10:35:41,863 [INFO] PluginManage:310 - Check plugin thirdparty
2026-03-15 10:35:42,002 [INFO] PluginManage:359 - Loaded plugin thirdparty (category:base,tabindex:-1)
2026-03-15 10:35:42,003 [INFO] PluginManage:310 - Check plugin tools
2026-03-15 10:35:42,002 [WARN] IntegrityCheckThread:84 - waiting for thirdparty lock release [integrity check]
2026-03-15 10:35:42,003 [INFO] IntegrityCheckThread:86 - entering critical section [integrity check]
2026-03-15 10:35:42,004 [INFO] ThirdPartyUpdaterWithRetryManager:70 - Updater plugin not ready yet. [1/15]
2026-03-15 10:35:42,007 [INFO] PluginManage:359 - Loaded plugin tools (category:base,tabindex:7)
2026-03-15 10:35:42,008 [INFO] PluginManage:310 - Check plugin tutovideos
2026-03-15 10:35:42,155 [INFO] PluginManage:359 - Loaded plugin tutovideos (category:base,tabindex:-1)
2026-03-15 10:35:42,156 [INFO] PluginManage:310 - Check plugin updater
2026-03-15 10:35:42,179 [INFO] PluginManage:359 - Loaded plugin updater (category:base,tabindex:12)
2026-03-15 10:35:42,179 [INFO] PluginManage:310 - Check plugin userauth
2026-03-15 10:35:42,183 [INFO] UserAuth:118 - Init User Auth plugin
2026-03-15 10:35:42,184 [INFO] PluginManage:359 - Loaded plugin userauth (category:base,tabindex:14)
2026-03-15 10:35:42,185 [INFO] PluginManage:283 - PluginManage : Loaded plugins [18]
2026-03-15 10:35:42,381 [INFO] PinOutPanel:1589 - setPackage(No Configuration,No Configuration)
2026-03-15 10:35:42,453 [INFO] CADModel:165 - CPN selected for project level
2026-03-15 10:35:42,453 [INFO] CADModel:114 - Register for checkConnection events
2026-03-15 10:35:42,462 [INFO] IPUIPlugin:80 - create IPUIPlugin
2026-03-15 10:35:42,462 [INFO] PluginManager:220 - loadIPPluginJar : add mdma
2026-03-15 10:35:42,466 [INFO] IPUIPlugin:80 - create IPUIPlugin
2026-03-15 10:35:42,466 [INFO] PluginManager:220 - loadIPPluginJar : add freertos
2026-03-15 10:35:42,469 [INFO] IPUIPlugin:80 - create IPUIPlugin
2026-03-15 10:35:42,471 [INFO] PluginManager:220 - loadIPPluginJar : add gic
2026-03-15 10:35:42,478 [INFO] IPUIPlugin:80 - create IPUIPlugin
2026-03-15 10:35:42,478 [INFO] PluginManager:220 - loadIPPluginJar : add adc
2026-03-15 10:35:42,479 [INFO] IPUIPlugin:80 - create IPUIPlugin
2026-03-15 10:35:42,479 [INFO] PluginManager:220 - loadIPPluginJar : add gtzc
2026-03-15 10:35:42,480 [INFO] IPUIPlugin:80 - create IPUIPlugin
2026-03-15 10:35:42,480 [INFO] PluginManager:220 - loadIPPluginJar : add quadspi
2026-03-15 10:35:42,482 [INFO] IPUIPlugin:80 - create IPUIPlugin
2026-03-15 10:35:42,482 [INFO] PluginManager:220 - loadIPPluginJar : add aes
2026-03-15 10:35:42,483 [INFO] IPUIPlugin:80 - create IPUIPlugin
2026-03-15 10:35:42,483 [INFO] PluginManager:220 - loadIPPluginJar : add pdm2pcm
2026-03-15 10:35:42,484 [INFO] IPUIPlugin:80 - create IPUIPlugin
2026-03-15 10:35:42,485 [INFO] PluginManager:220 - loadIPPluginJar : add hash
2026-03-15 10:35:42,486 [INFO] IPUIPlugin:80 - create IPUIPlugin
2026-03-15 10:35:42,486 [INFO] PluginManager:220 - loadIPPluginJar : add tim
2026-03-15 10:35:42,488 [INFO] IPUIPlugin:80 - create IPUIPlugin
2026-03-15 10:35:42,488 [INFO] PluginManager:220 - loadIPPluginJar : add tsc
2026-03-15 10:35:42,490 [INFO] IPUIPlugin:80 - create IPUIPlugin
2026-03-15 10:35:42,490 [INFO] PluginManager:220 - loadIPPluginJar : add extmemmanager
2026-03-15 10:35:42,491 [INFO] IPUIPlugin:80 - create IPUIPlugin
2026-03-15 10:35:42,491 [INFO] PluginManager:220 - loadIPPluginJar : add ts
2026-03-15 10:35:42,492 [INFO] IPUIPlugin:80 - create IPUIPlugin
2026-03-15 10:35:42,492 [INFO] PluginManager:220 - loadIPPluginJar : add radio
2026-03-15 10:35:42,493 [INFO] IPUIPlugin:80 - create IPUIPlugin
2026-03-15 10:35:42,494 [INFO] PluginManager:220 - loadIPPluginJar : add can
2026-03-15 10:35:42,494 [INFO] IPUIPlugin:80 - create IPUIPlugin
2026-03-15 10:35:42,494 [INFO] PluginManager:220 - loadIPPluginJar : add dma3
2026-03-15 10:35:42,496 [INFO] IPUIPlugin:80 - create IPUIPlugin
2026-03-15 10:35:42,496 [INFO] PluginManager:220 - loadIPPluginJar : add dfsdm
2026-03-15 10:35:42,497 [INFO] IPUIPlugin:80 - create IPUIPlugin
2026-03-15 10:35:42,497 [INFO] PluginManager:220 - loadIPPluginJar : add spi
2026-03-15 10:35:42,499 [INFO] IPUIPlugin:80 - create IPUIPlugin
2026-03-15 10:35:42,500 [INFO] PluginManager:220 - loadIPPluginJar : add gfxmmu
2026-03-15 10:35:42,501 [INFO] IPUIPlugin:80 - create IPUIPlugin
2026-03-15 10:35:42,501 [INFO] PluginManager:220 - loadIPPluginJar : add genericplugin
2026-03-15 10:35:42,502 [INFO] IPUIPlugin:80 - create IPUIPlugin
2026-03-15 10:35:42,502 [INFO] PluginManager:220 - loadIPPluginJar : add cryp
2026-03-15 10:35:42,505 [INFO] IPUIPlugin:80 - create IPUIPlugin
2026-03-15 10:35:42,505 [INFO] PluginManager:220 - loadIPPluginJar : add gpio
2026-03-15 10:35:42,507 [INFO] IPUIPlugin:80 - create IPUIPlugin
2026-03-15 10:35:42,507 [INFO] PluginManager:220 - loadIPPluginJar : add ddr_ctrl_phy
2026-03-15 10:35:42,509 [INFO] IPUIPlugin:80 - create IPUIPlugin
2026-03-15 10:35:42,509 [INFO] PluginManager:220 - loadIPPluginJar : add comp
2026-03-15 10:35:42,510 [INFO] IPUIPlugin:80 - create IPUIPlugin
2026-03-15 10:35:42,510 [INFO] PluginManager:220 - loadIPPluginJar : add tracer_emb
2026-03-15 10:35:42,511 [INFO] IPUIPlugin:80 - create IPUIPlugin
2026-03-15 10:35:42,511 [INFO] PluginManager:220 - loadIPPluginJar : add openamp
2026-03-15 10:35:42,514 [INFO] IPUIPlugin:80 - create IPUIPlugin
2026-03-15 10:35:42,515 [INFO] PluginManager:220 - loadIPPluginJar : add stm32_wpan
2026-03-15 10:35:42,518 [INFO] IPUIPlugin:80 - create IPUIPlugin
2026-03-15 10:35:42,520 [INFO] PluginManager:220 - loadIPPluginJar : add plateformsettings
2026-03-15 10:35:42,522 [INFO] IPUIPlugin:80 - create IPUIPlugin
2026-03-15 10:35:42,522 [INFO] PluginManager:220 - loadIPPluginJar : add ipddr
2026-03-15 10:35:42,523 [INFO] IPUIPlugin:80 - create IPUIPlugin
2026-03-15 10:35:42,523 [INFO] PluginManager:220 - loadIPPluginJar : add usart
2026-03-15 10:35:42,523 [INFO] IPUIPlugin:80 - create IPUIPlugin
2026-03-15 10:35:42,524 [INFO] PluginManager:220 - loadIPPluginJar : add ltdc
2026-03-15 10:35:42,525 [INFO] IPUIPlugin:80 - create IPUIPlugin
2026-03-15 10:35:42,525 [INFO] PluginManager:220 - loadIPPluginJar : add nvic
2026-03-15 10:35:42,526 [INFO] IPUIPlugin:80 - create IPUIPlugin
2026-03-15 10:35:42,526 [INFO] PluginManager:220 - loadIPPluginJar : add fatfs
2026-03-15 10:35:42,530 [INFO] IPUIPlugin:80 - create IPUIPlugin
2026-03-15 10:35:42,530 [INFO] PluginManager:220 - loadIPPluginJar : add linkedlist
2026-03-15 10:35:42,534 [INFO] IPUIPlugin:80 - create IPUIPlugin
2026-03-15 10:35:42,534 [INFO] PluginManager:220 - loadIPPluginJar : add dma
2026-03-15 10:35:42,536 [INFO] IPUIPlugin:80 - create IPUIPlugin
2026-03-15 10:35:42,536 [INFO] PluginManager:220 - loadIPPluginJar : add fmc
2026-03-15 10:35:42,537 [INFO] IPUIPlugin:80 - create IPUIPlugin
2026-03-15 10:35:42,537 [INFO] PluginManager:220 - loadIPPluginJar : add i2s
2026-03-15 10:35:42,538 [INFO] IPUIPlugin:80 - create IPUIPlugin
2026-03-15 10:35:42,538 [INFO] PluginManager:220 - loadIPPluginJar : add ucpd
2026-03-15 10:35:42,539 [INFO] IPUIPlugin:80 - create IPUIPlugin
2026-03-15 10:35:42,539 [INFO] PluginManager:220 - loadIPPluginJar : add lorawan
2026-03-15 10:35:42,540 [INFO] IPUIPlugin:80 - create IPUIPlugin
2026-03-15 10:35:42,540 [INFO] PluginManager:220 - loadIPPluginJar : add opamp
2026-03-15 10:35:42,542 [INFO] IPUIPlugin:80 - create IPUIPlugin
2026-03-15 10:35:42,542 [INFO] PluginManager:220 - loadIPPluginJar : add i3c
2026-03-15 10:35:42,544 [INFO] IPUIPlugin:80 - create IPUIPlugin
2026-03-15 10:35:42,545 [INFO] PluginManager:220 - loadIPPluginJar : add touchsensing
2026-03-15 10:35:42,547 [INFO] IPUIPlugin:80 - create IPUIPlugin
2026-03-15 10:35:42,547 [INFO] PluginManager:220 - loadIPPluginJar : add i2c
2026-03-15 10:35:42,549 [INFO] IPUIPlugin:80 - create IPUIPlugin
2026-03-15 10:35:42,549 [INFO] PluginManager:220 - loadIPPluginJar : add resmgrutility
2026-03-15 10:35:42,550 [INFO] IPUIPlugin:80 - create IPUIPlugin
2026-03-15 10:35:42,550 [INFO] PluginManager:220 - loadIPPluginJar : add sai
2026-03-15 10:35:42,552 [INFO] IPUIPlugin:80 - create IPUIPlugin
2026-03-15 10:35:42,552 [INFO] PluginManager:220 - loadIPPluginJar : add usbx
2026-03-15 10:35:42,666 [FATAL] Updater:351 - Updater called before beeing initialized
2026-03-15 10:35:42,706 [INFO] RulesReader:64 - Compatibility file has been processed (317 Rules)
2026-03-15 10:35:42,717 [INFO] RulesReader:64 - Compatibility file has been processed (317 Rules)
2026-03-15 10:35:42,723 [INFO] CADModel:165 - CPN selected for project level
2026-03-15 10:35:42,724 [INFO] CADModel:114 - Register for checkConnection events
2026-03-15 10:35:42,724 [FATAL] Updater:351 - Updater called before beeing initialized
2026-03-15 10:35:42,724 [ERROR] CADModel:125 - Updater not yet initialized, retry later 
2026-03-15 10:35:42,927 [FATAL] Updater:351 - Updater called before beeing initialized
2026-03-15 10:35:42,929 [INFO] CADModel:165 - CPN selected for project level
2026-03-15 10:35:42,929 [INFO] CADModel:114 - Register for checkConnection events
2026-03-15 10:35:42,929 [FATAL] Updater:351 - Updater called before beeing initialized
2026-03-15 10:35:42,929 [ERROR] CADModel:125 - Updater not yet initialized, retry later 
2026-03-15 10:35:42,931 [FATAL] Updater:351 - Updater called before beeing initialized
2026-03-15 10:35:43,110 [FATAL] Updater:351 - Updater called before beeing initialized
2026-03-15 10:35:43,114 [INFO] DbMcusAds:53 - JSON generation date=Thu Sep 30 12:25:09 IST 2021 (1632984909247)
2026-03-15 10:35:43,114 [FATAL] Updater:351 - Updater called before beeing initialized
2026-03-15 10:35:44,077 [WARN] DetailPanel:346 - Failed to get advertising image, set to default
2026-03-15 10:35:44,153 [FATAL] Updater:351 - Updater called before beeing initialized
2026-03-15 10:35:44,155 [FATAL] Updater:351 - Updater called before beeing initialized
2026-03-15 10:35:44,155 [FATAL] Updater:351 - Updater called before beeing initialized
2026-03-15 10:35:44,155 [WARN] DetailPanel:346 - Failed to get advertising image, set to default
2026-03-15 10:35:44,159 [FATAL] Updater:351 - Updater called before beeing initialized
2026-03-15 10:35:44,205 [ERROR] Updater:1198 - MainUpdater not yet initialized. External WinMGr cannot be set.
2026-03-15 10:35:44,208 [INFO] Updater:1134 - Updater Version found : 6.15.0
2026-03-15 10:35:44,220 [INFO] ApplicationProperties:184 - Using Application install path: /Applications/STM32CubeIDE.app/Contents/Eclipse/plugins/com.st.stm32cube.common.mx_6.15.0.202507011659
2026-03-15 10:35:44,489 [INFO] MainUpdater:2872 - connection check result : 22
2026-03-15 10:35:44,489 [INFO] MainUpdater:289 - Updater Check For Update Now.
2026-03-15 10:35:44,489 [INFO] MicroXplorer:498 - Change Database Version : DB.6.0.150
2026-03-15 10:35:44,501 [INFO] McuFinderGlobals:63 - Set McuFinder mode to 2 (CubeIDE integrated)
2026-03-15 10:35:44,501 [INFO] UserAuth:171 - activating auth plugin
2026-03-15 10:35:44,512 [INFO] UserAuth:487 - Internet connection configuration mode: 2
2026-03-15 10:35:44,538 [INFO] UserAuth:487 - Internet connection configuration mode: 2
2026-03-15 10:35:44,799 [INFO] CheckServerUpdateThread:120 - End of CheckServer Thread
2026-03-15 10:35:45,166 [INFO] ThirdParty:978 - Integrity check success = true
2026-03-15 10:35:45,166 [INFO] IntegrityCheckThread:100 - exiting critical section [integrity check]
2026-03-15 10:35:45,166 [INFO] IntegrityCheckThread:103 - End integrity checks thread
2026-03-15 11:03:42,079 [ERROR] ConfigurationRetriever:142 - IOException on connection: PKIX path building failed: sun.security.provider.certpath.SunCertPathBuilderException: unable to find valid certification path to requested target
2026-03-15 11:03:42,126 [ERROR] ConfigurationRetriever:142 - IOException on connection: PKIX path building failed: sun.security.provider.certpath.SunCertPathBuilderException: unable to find valid certification path to requested target
2026-03-15 11:03:42,167 [ERROR] ConfigurationRetriever:142 - IOException on connection: PKIX path building failed: sun.security.provider.certpath.SunCertPathBuilderException: unable to find valid certification path to requested target
2026-03-15 11:04:14,370 [ERROR] ConfigurationRetriever:142 - IOException on connection: PKIX path building failed: sun.security.provider.certpath.SunCertPathBuilderException: unable to find valid certification path to requested target
2026-03-15 11:04:14,547 [ERROR] ConfigurationRetriever:142 - IOException on connection: PKIX path building failed: sun.security.provider.certpath.SunCertPathBuilderException: unable to find valid certification path to requested target
2026-03-15 11:04:14,594 [ERROR] ConfigurationRetriever:142 - IOException on connection: PKIX path building failed: sun.security.provider.certpath.SunCertPathBuilderException: unable to find valid certification path to requested target
2026-03-15 11:16:09,373 [ERROR] ConfigurationRetriever:142 - IOException on connection: PKIX path building failed: sun.security.provider.certpath.SunCertPathBuilderException: unable to find valid certification path to requested target
2026-03-15 11:16:09,418 [ERROR] ConfigurationRetriever:142 - IOException on connection: PKIX path building failed: sun.security.provider.certpath.SunCertPathBuilderException: unable to find valid certification path to requested target
2026-03-15 11:16:09,461 [ERROR] ConfigurationRetriever:142 - IOException on connection: PKIX path building failed: sun.security.provider.certpath.SunCertPathBuilderException: unable to find valid certification path to requested target
2026-03-15 11:45:34,154 [ERROR] ConfigurationRetriever:142 - IOException on connection: PKIX path building failed: sun.security.provider.certpath.SunCertPathBuilderException: unable to find valid certification path to requested target
2026-03-15 11:45:34,206 [ERROR] ConfigurationRetriever:142 - IOException on connection: PKIX path building failed: sun.security.provider.certpath.SunCertPathBuilderException: unable to find valid certification path to requested target
2026-03-15 11:45:34,249 [ERROR] ConfigurationRetriever:142 - IOException on connection: PKIX path building failed: sun.security.provider.certpath.SunCertPathBuilderException: unable to find valid certification path to requested target
2026-03-15 11:50:29,659 [INFO] McuFinderGlobals:63 - Set McuFinder mode to 2 (CubeIDE integrated)
2026-03-15 11:50:29,899 [INFO] MainUpdater:2872 - connection check result : 22
2026-03-15 11:50:30,988 [INFO] MicroXplorer:468 - Change Database Path : 
2026-03-15 11:50:30,989 [INFO] MicroXplorer:498 - Change Database Version : DB.6.0.150
2026-03-15 11:50:30,995 [WARN] ThirdParty:871 - waiting for thirdparty lock release [close project]
2026-03-15 11:50:30,995 [INFO] ThirdParty:873 - entering critical section [close project]
2026-03-15 11:50:30,998 [INFO] ThirdParty:883 - exiting critical section [close project]
2026-03-15 11:50:31,007 [INFO] PinOutPanel:1589 - setPackage(No Configuration,No Configuration)
2026-03-15 11:50:31,018 [INFO] UtilMem:75 - Begin LoadConfig() Used Memory: 241564704 Bytes (326107136)
2026-03-15 11:50:31,020 [INFO] MicroXplorer:468 - Change Database Path : 
2026-03-15 11:50:31,020 [INFO] MicroXplorer:498 - Change Database Version : DB.6.0.150
2026-03-15 11:50:31,021 [INFO] OpenFileManager:355 - Change cursor
2026-03-15 11:50:31,097 [INFO] Mcu:2029 - Initializing MCU STM32F407V(E-G)Tx STM32F407VGTx STM32F407VGT6
2026-03-15 11:50:33,249 [INFO] Context:786 - Trying to add GPIOservice into a context  which must be forbidden
2026-03-15 11:50:34,156 [INFO] ImportTextPane:234 - (OptionalMessage_ERROR) Pin34 (VP_RIF_VS_RIF1) cannot be retrieved for this MCU
2026-03-15 11:50:34,298 [INFO] RtosManager:558 - Registered RTOS mode: class=CMSIS, group=RTOS, mode=CMSIS_V1, owner=FREERTOS
2026-03-15 11:50:34,299 [INFO] RtosManager:558 - Registered RTOS mode: class=CMSIS, group=RTOS2, mode=CMSIS_V2, owner=FREERTOS
2026-03-15 11:50:34,299 [INFO] RtosManager:558 - Registered RTOS mode: class=RTOS, group=Core, mode=CMSIS_V1, owner=FREERTOS
2026-03-15 11:50:34,299 [INFO] RtosManager:558 - Registered RTOS mode: class=RTOS, group=Core, mode=CMSIS_V2, owner=FREERTOS
2026-03-15 11:50:34,299 [WARN] ModelIntegratedComponent:184 - Missing modes for component STMicroelectronics:FreeRTOS:0.0.1:STMicroelectronics:RTOS:FreeRTOS:Core:::10.2.0:
2026-03-15 11:50:34,303 [WARN] ModelIntegratedComponent:63 - No mode defined for component null
2026-03-15 11:50:34,303 [WARN] ModelIntegratedComponent:63 - No mode defined for component null
2026-03-15 11:50:34,303 [WARN] ModelIntegratedComponent:63 - No mode defined for component null
2026-03-15 11:50:34,303 [WARN] ModelIntegratedComponent:63 - No mode defined for component null
2026-03-15 11:50:34,303 [WARN] ModelIntegratedComponent:63 - No mode defined for component null
2026-03-15 11:50:34,303 [WARN] ModelIntegratedComponent:63 - No mode defined for component null
2026-03-15 11:50:34,303 [WARN] ModelIntegratedComponent:63 - No mode defined for component null
2026-03-15 11:50:34,304 [WARN] ModelIntegratedComponent:63 - No mode defined for component null
2026-03-15 11:50:34,304 [WARN] ModelIntegratedComponent:63 - No mode defined for component null
2026-03-15 11:50:34,304 [WARN] ModelIntegratedComponent:63 - No mode defined for component null
2026-03-15 11:50:34,304 [WARN] ModelIntegratedComponent:63 - No mode defined for component null
2026-03-15 11:50:34,304 [WARN] ModelIntegratedComponent:63 - No mode defined for component null
2026-03-15 11:50:34,304 [WARN] ModelIntegratedComponent:63 - No mode defined for component null
2026-03-15 11:50:34,304 [WARN] ModelIntegratedComponent:63 - No mode defined for component null
2026-03-15 11:50:34,305 [WARN] ModelIntegratedComponent:63 - No mode defined for component null
2026-03-15 11:50:34,305 [WARN] ModelIntegratedComponent:63 - No mode defined for component null
2026-03-15 11:50:34,305 [WARN] ModelIntegratedComponent:63 - No mode defined for component null
2026-03-15 11:50:34,305 [WARN] ModelIntegratedComponent:63 - No mode defined for component null
2026-03-15 11:50:34,305 [WARN] ModelIntegratedComponent:63 - No mode defined for component null
2026-03-15 11:50:34,305 [WARN] ModelIntegratedComponent:63 - No mode defined for component null
2026-03-15 11:50:34,305 [WARN] ModelIntegratedComponent:63 - No mode defined for component null
2026-03-15 11:50:34,305 [WARN] ModelIntegratedComponent:63 - No mode defined for component null
2026-03-15 11:50:34,305 [WARN] ModelIntegratedComponent:63 - No mode defined for component null
2026-03-15 11:50:34,305 [WARN] ModelIntegratedComponent:63 - No mode defined for component null
2026-03-15 11:50:34,305 [WARN] ModelIntegratedComponent:63 - No mode defined for component null
2026-03-15 11:50:34,305 [WARN] ModelIntegratedComponent:63 - No mode defined for component null
2026-03-15 11:50:34,306 [WARN] ModelIntegratedComponent:63 - No mode defined for component null
2026-03-15 11:50:34,306 [WARN] ModelIntegratedComponent:63 - No mode defined for component null
2026-03-15 11:50:34,306 [WARN] ModelIntegratedComponent:63 - No mode defined for component null
2026-03-15 11:50:34,307 [WARN] ModelIntegratedComponent:63 - No mode defined for component null
2026-03-15 11:50:34,307 [WARN] ModelIntegratedComponent:63 - No mode defined for component null
2026-03-15 11:50:34,307 [WARN] ModelIntegratedComponent:63 - No mode defined for component null
2026-03-15 11:50:34,307 [WARN] ModelIntegratedComponent:63 - No mode defined for component null
2026-03-15 11:50:34,307 [WARN] ModelIntegratedComponent:63 - No mode defined for component null
2026-03-15 11:50:34,307 [WARN] ModelIntegratedComponent:63 - No mode defined for component null
2026-03-15 11:50:34,307 [WARN] ModelPack:524 - Component already loaded: STMicroelectronics:HAL Drivers:0.0.0:STMicroelectronics:Device:STMicro_Driver:XSPI:HAL::0.0.1:HAL_XSPI
2026-03-15 11:50:34,322 [INFO] ThirdPartyModel:298 - Start build external matchings
2026-03-15 11:50:34,325 [INFO] ThirdPartyModel:316 - End build external matchings
2026-03-15 11:50:36,253 [INFO] ApiDb:581 - Connected to CubeFinder SQLite database (/Users/ggpai/.stmcufinder/plugins/mcufinder/mcu/cube-finder-db.db)
2026-03-15 11:50:36,297 [INFO] ApiDb:668 - CubeFinder database Data Model version=2.1
2026-03-15 11:50:36,298 [INFO] ApiDb:669 - CubeFinder database Configuration version=3.0.42
2026-03-15 11:50:36,300 [INFO] ApiDb:670 - CubeFinder database generation date=2026-02-13 (1770995876)
2026-03-15 11:50:36,300 [INFO] ApiDb:671 - CubeFinder database FW Pack versions=[FP-ATR-ASTRA1_V2.0.0, FP-SNS-FLIGHT1_V5.1.0, FP-SNS-MOTENV1_V5.1.0, FP-SNS-MOTENVWB1_V1.4.0, FP-SNS-SMARTAG2_V1.2.0, FP-SNS-STBOX1_V2.1.0, STM32Cube_FW_C0_V1.4.0, STM32Cube_FW_F4_V1.28.3, STM32Cube_FW_F7_V1.17.4, STM32Cube_FW_G0_V1.6.2, STM32Cube_FW_G4_V1.6.1, STM32Cube_FW_H5_V1.6.0, STM32Cube_FW_H7RS_V1.3.0, STM32Cube_FW_H7_V1.13.0, STM32Cube_FW_L0_V1.12.2, STM32Cube_FW_L4_V1.18.2, STM32Cube_FW_L5_V1.6.0, STM32Cube_FW_N6_V1.3.0, STM32Cube_FW_U0_V1.3.0, STM32Cube_FW_U3_V1.3.0, STM32Cube_FW_U5_V1.8.0, STM32Cube_FW_WB0_V1.4.0, STM32Cube_FW_WBA_V1.9.0, STM32Cube_FW_WB_V1.24.0, STM32Cube_FW_WL3_V1.4.0, STM32Cube_FW_WL_V1.5.0, X-CUBE-ALGOBUILD_V1.4.0, X-CUBE-ALS_V1.0.2, X-CUBE-AZRTOS-F4_V1.1.0, X-CUBE-AZRTOS-F7_V1.1.0, X-CUBE-AZRTOS-G0_V1.1.0, X-CUBE-AZRTOS-G4_V2.0.0, X-CUBE-AZRTOS-H7RS_V1.1.0, X-CUBE-AZRTOS-H7_V3.4.0, X-CUBE-AZRTOS-L4_V2.0.0, X-CUBE-AZRTOS-L5_V2.0.0, X-CUBE-AZRTOS-WB_V2.0.0, X-CUBE-AZRTOS-WL_V2.0.0, X-CUBE-BLE1_V7.1.0, X-CUBE-BLE2_V3.3.0, X-CUBE-BLEMGR_V4.1.0, X-CUBE-EEPRMA1_V5.2.0, X-CUBE-FREERTOS_V1.3.1, X-CUBE-GNSS1_V6.0.0, X-CUBE-MEMS1_V12.0.0, X-CUBE-NFC4_V3.0.0, X-CUBE-NFC7_V2.0.0, X-CUBE-SFXS2LP1_V4.0.0, X-CUBE-ST67W61_V1.1.0, X-CUBE-SUBG2_V5.0.0, X-CUBE-TOF1_V3.4.3]
2026-03-15 11:50:36,379 [INFO] DbBoardsSqlite:226 - include board P-NUCLEO-WB55-NUCLEO as a kit item of type 'Nucleo-64'
2026-03-15 11:50:36,380 [INFO] DbBoardsSqlite:226 - include board P-NUCLEO-WB55-USBDONGLE as a kit item of type 'Nucleo USB Dongle'
2026-03-15 11:50:36,381 [INFO] DbBoardsSqlite:226 - include board STEVAL-IDP005V1 as a kit item of type 'Evaluation Board'
2026-03-15 11:50:36,381 [INFO] DbBoardsSqlite:226 - include board STEVAL-IDP005V2 as a kit item of type 'Evaluation Board'
2026-03-15 11:50:36,488 [INFO] ApiDb:240 - Found 880 in-development CPN: [B-G473E-ZEST1S, B-WB1M-WPAN1, B-WBA5M-WPAN, B-WL5M-SUBG1, NUCLEO-C031C6, NUCLEO-C051C8, NUCLEO-C071RB, NUCLEO-C092RC, NUCLEO-H503RB, NUCLEO-H533RE, NUCLEO-H563ZI, NUCLEO-H7S3L8, NUCLEO-N657X0-Q, NUCLEO-U031R8, NUCLEO-U083RC, NUCLEO-U385RG-Q, NUCLEO-U545RE-Q, NUCLEO-U5A5ZJ-Q, NUCLEO-WB05KZ, NUCLEO-WB07CC, NUCLEO-WB09KE, NUCLEO-WBA52CG, NUCLEO-WBA55CG, NUCLEO-WL33CC1, NUCLEO-WL33CC2, STEVAL-PROTEUS1, STEVAL-SMARTAG2, STEVAL-STWINBX1, STM320518-EVAL, STM32C0116-DK, STM32C011D6Y3TR, STM32C011D6Y6TR, STM32C011F4P3, STM32C011F4P6, STM32C011F4U3, STM32C011F4U6TR, STM32C011F6P3, STM32C011F6P6, STM32C011F6U3, STM32C011F6U6TR, STM32C011J4M3, STM32C011J4M6, STM32C011J6M3, STM32C011J6M6, STM32C0316-DK, STM32C031C4T3, STM32C031C4T6, STM32C031C4U3, STM32C031C4U6, STM32C031C6T3, STM32C031C6T6, STM32C031C6U3, STM32C031C6U6, STM32C031F4P3, STM32C031F4P6, STM32C031F6P3, STM32C031F6P6, STM32C031G4U3, STM32C031G4U6, STM32C031G6U3, STM32C031G6U6, STM32C031K4T3, STM32C031K4T6, STM32C031K4U3, STM32C031K4U6, STM32C031K6T3, STM32C031K6T6, STM32C031K6U3, STM32C031K6U6, STM32C051C6T6, STM32C051C6U6, STM32C051C8T6, STM32C051C8U6, STM32C051D8Y6TR, STM32C051F6P6, STM32C051F8P6, STM32C051G6U6, STM32C051G8U6, STM32C051K6T6, STM32C051K6U6, STM32C051K8T6, STM32C071C8T6, STM32C071C8T6N, STM32C071C8U6, STM32C071C8U6N, STM32C071CBT6, STM32C071CBT6N, STM32C071CBU6, STM32C071CBU6N, STM32C071F8P6, STM32C071F8P6N, STM32C071FBP6, STM32C071FBP6N, STM32C071FBY6TR, STM32C071G8U6, STM32C071G8U6N, STM32C071GBU6, STM32C071GBU6N, STM32C071K8T6, STM32C071K8T6N, STM32C071K8U6, STM32C071K8U6N, STM32C071KBT6, STM32C071KBT6N, STM32C071KBU6, STM32C071KBU6N, STM32C071R8T6, STM32C071R8T6N, STM32C071RBI6N, STM32C071RBT6, STM32C071RBT6N, STM32C091CBT6, STM32C091CBU6, STM32C091CCT6, STM32C091CCU6, STM32C091ECY6TR, STM32C091FBP6, STM32C091FCP6, STM32C091GBU6, STM32C091GCU6, STM32C091KBT6, STM32C091KBU6, STM32C091KCT6, STM32C091KCU6, STM32C091RBT6, STM32C091RCI6, STM32C091RCT6, STM32C092CBT6, STM32C092CBU6, STM32C092CCT6, STM32C092CCU6, STM32C092ECY6TR, STM32C092FBP6, STM32C092FCP6, STM32C092GBU6, STM32C092GCU6, STM32C092KBT6, STM32C092KBU6, STM32C092KCT6, STM32C092KCU6, STM32C092RBT6, STM32C092RCI6, STM32C092RCT6, STM32G071K8TXN, STM32G071K8UXN, STM32G081GBU6N, STM32G081KBT6N, STM32G081KBUXN, STM32G0B1CCT6N, STM32G0B1KCT6, STM32G0B1NEY6TR, STM32G0B1RCT6N, STM32G0C1CCT6, STM32G0C1CCT6N, STM32G0C1CCU6N, STM32G0C1CET6N, STM32G0C1CEU6N, STM32G0C1KCT6, STM32G0C1NEY6TR, STM32G0C1RCI6N, STM32G0C1RCT6N, STM32G0C1REI6N, STM32G0C1RET6N, STM32G0C1VCI6, STM32G0C1VEI6, STM32G411C6T3, STM32G411C6T6, STM32G411C6U3, STM32G411C6U6, STM32G411C8T3, STM32G411C8T6, STM32G411C8U3, STM32G411C8U6, STM32G411CBT3, STM32G411CBT6, STM32G411CBU3, STM32G411CBU6, STM32G411K6T3, STM32G411K6T6, STM32G411K6U3, STM32G411K6U6, STM32G411K8T3, STM32G411K8T6, STM32G411K8U3, STM32G411K8U6, STM32G411KBT3, STM32G411KBT6, STM32G411KBU3, STM32G411KBU6, STM32G411M6T3, STM32G411M6T6, STM32G411M8T3, STM32G411M8T6, STM32G411MBT3, STM32G411MBT6, STM32G411R6T3, STM32G411R6T6, STM32G411R8T3, STM32G411R8T6, STM32G411RBT3, STM32G411RBT6, STM32G414CBT3, STM32G414CBT6, STM32G414CBU3, STM32G414CBU6, STM32G414CCT3, STM32G414CCT6, STM32G414CCU3, STM32G414CCU6, STM32G414MBT3, STM32G414MBT6, STM32G414MCT3, STM32G414MCT6, STM32G414RBT3, STM32G414RBT6, STM32G414RCT3, STM32G414RCT6, STM32G414VBT3, STM32G414VBT6, STM32G414VCT3, STM32G414VCT6, STM32G431CBT3Z, STM32G431RBT3Z, STM32G471CCT6, STM32G471CCU6, STM32G471CET3, STM32G471CET6, STM32G471CEU3, STM32G471CEU6, STM32G471MCT6, STM32G471MET3, STM32G471MET6, STM32G471MEY6TR, STM32G471QCT6, STM32G471QET3, STM32G471RCT6, STM32G471RET3, STM32G471RET6, STM32G471VCH6, STM32G471VCI6, STM32G471VCT6, STM32G471VEH3, STM32G471VEH6, STM32G471VEI3, STM32G471VEI6, STM32G471VET3, STM32G471VET6, STM32G473QET3Z, STM32G473RET3Z, STM32G474CCT6, STM32G491RET3Z, STM32H503CBT6, STM32H503CBU6, STM32H503EBY6TR, STM32H503KBU6, STM32H503RBT6, STM32H523CCT6, STM32H523CCU6, STM32H523CET6, STM32H523CEU6, STM32H523HEY6TR, STM32H523RCT6, STM32H523RET6, STM32H523VCI6, STM32H523VCT6, STM32H523VEI6, STM32H523VET6, STM32H523ZCJ6, STM32H523ZCT6, STM32H523ZEJ6, STM32H523ZET6, STM32H533CET6, STM32H533CEU6, STM32H533HEY6TR, STM32H533RET6, STM32H533VEI6, STM32H533VET6, STM32H533ZEJ6, STM32H533ZET6, STM32H562AGI6, STM32H562AII6, STM32H562IGK6, STM32H562IGT6, STM32H562IIK6, STM32H562IIT6, STM32H562RGT6, STM32H562RGV6, STM32H562RIT6, STM32H562RIV6, STM32H562VGT6, STM32H562VIT6, STM32H562ZGT6, STM32H562ZIT6, STM32H563AGI6, STM32H563AII3Q, STM32H563AII6, STM32H563IGK6, STM32H563IGT6, STM32H563IIK3Q, STM32H563IIK6, STM32H563IIT3Q, STM32H563IIT6, STM32H563MIY3QTR, STM32H563RGT6, STM32H563RGV6, STM32H563RIT6, STM32H563RIV6, STM32H563VGT6, STM32H563VIT3Q, STM32H563VIT6, STM32H563ZGT6, STM32H563ZIT3Q, STM32H563ZIT6, STM32H573AII3Q, STM32H573AII6, STM32H573I-DK, STM32H573IIK3Q, STM32H573IIK6, STM32H573IIT3Q, STM32H573IIT6, STM32H573MIY3QTR, STM32H573RIT6, STM32H573RIV6, STM32H573VIT3Q, STM32H573VIT6, STM32H573ZIT3Q, STM32H573ZIT6, STM32H7R3A8I6, STM32H7R3I8K6, STM32H7R3I8T6, STM32H7R3L8H6, STM32H7R3L8H6H, STM32H7R3R8V6, STM32H7R3V8H6, STM32H7R3V8T6, STM32H7R3V8Y6TR, STM32H7R3Z8J6, STM32H7R3Z8T6, STM32H7R7A8I6, STM32H7R7I8K6, STM32H7R7I8T6, STM32H7R7L8H6, STM32H7R7L8H6H, STM32H7R7Z8J6, STM32H7S3A8I6, STM32H7S3I8K6, STM32H7S3I8T6, STM32H7S3L8H6, STM32H7S3L8H6H, STM32H7S3R8V6, STM32H7S3V8H6, STM32H7S3V8T6, STM32H7S3V8Y6TR, STM32H7S3Z8J6, STM32H7S3Z8T6, STM32H7S78-DK, STM32H7S7A8I6, STM32H7S7I8K6, STM32H7S7I8T6, STM32H7S7L8H6, STM32H7S7L8H6H, STM32H7S7Z8J6, STM32L4R5QGI6STR, STM32MP131AAE3, STM32MP131AAF3, STM32MP131AAG3, STM32MP131CAE3, STM32MP131CAF3, STM32MP131CAG3, STM32MP131DAE7, STM32MP131DAF7, STM32MP131DAG7, STM32MP131FAE7, STM32MP131FAF7, STM32MP131FAG7, STM32MP133AAE3, STM32MP133AAF3, STM32MP133AAG3, STM32MP133CAE3, STM32MP133CAF3, STM32MP133CAG3, STM32MP133DAE7, STM32MP133DAF7, STM32MP133DAG7, STM32MP133FAE7, STM32MP133FAF7, STM32MP133FAG7, STM32MP135AAE3, STM32MP135AAF3, STM32MP135AAG3, STM32MP135CAE3, STM32MP135CAF3, STM32MP135CAG3, STM32MP135DAE7, STM32MP135DAF7, STM32MP135DAG7, STM32MP135F-DK, STM32MP135FAE7, STM32MP135FAF7, STM32MP135FAF7T, STM32MP135FAF7U, STM32MP135FAG7, STM32MP211AAL3, STM32MP211AAM3, STM32MP211AAN3, STM32MP211AAO3, STM32MP211CAL3, STM32MP211CAM3, STM32MP211CAN3, STM32MP211CAO3, STM32MP211DAL3, STM32MP211DAM3, STM32MP211DAN3, STM32MP211DAO3, STM32MP211FAL3, STM32MP211FAM3, STM32MP211FAN3, STM32MP211FAO3, STM32MP213AAL3, STM32MP213AAM3, STM32MP213AAN3, STM32MP213AAO3, STM32MP213CAL3, STM32MP213CAM3, STM32MP213CAN3, STM32MP213CAO3, STM32MP213DAL3, STM32MP213DAM3, STM32MP213DAN3, STM32MP213DAO3, STM32MP213FAL3, STM32MP213FAM3, STM32MP213FAN3, STM32MP213FAO3, STM32MP215AAL3, STM32MP215AAM3, STM32MP215AAN3, STM32MP215AAO3, STM32MP215CAL3, STM32MP215CAM3, STM32MP215CAN3, STM32MP215CAO3, STM32MP215DAL3, STM32MP215DAM3, STM32MP215DAN3, STM32MP215DAO3, STM32MP215F-DK, STM32MP215FAL3, STM32MP215FAM3, STM32MP215FAN3, STM32MP215FAO3, STM32MP231AAJ3, STM32MP231AAK3, STM32MP231AAL3, STM32MP231CAJ3, STM32MP231CAK3, STM32MP231CAL3, STM32MP231DAJ3, STM32MP231DAK3, STM32MP231DAL3, STM32MP231FAJ3, STM32MP231FAK3, STM32MP231FAL3, STM32MP233AAJ3, STM32MP233AAK3, STM32MP233AAL3, STM32MP233CAJ3, STM32MP233CAK3, STM32MP233CAL3, STM32MP233DAJ3, STM32MP233DAK3, STM32MP233DAL3, STM32MP233FAJ3, STM32MP233FAK3, STM32MP233FAL3, STM32MP235AAJ3, STM32MP235AAK3, STM32MP235AAL3, STM32MP235CAJ3, STM32MP235CAK3, STM32MP235CAL3, STM32MP235DAJ3, STM32MP235DAK3, STM32MP235DAL3, STM32MP235FAJ3, STM32MP235FAK3, STM32MP235FAL3, STM32MP251AAI3, STM32MP251AAK3, STM32MP251AAL3, STM32MP251CAI3, STM32MP251CAK3, STM32MP251CAL3, STM32MP251DAI3, STM32MP251DAK3, STM32MP251DAL3, STM32MP251FAI3, STM32MP251FAK3, STM32MP251FAL3, STM32MP253AAI3, STM32MP253AAK3, STM32MP253AAL3, STM32MP253CAI3, STM32MP253CAK3, STM32MP253CAL3, STM32MP253DAI3, STM32MP253DAK3, STM32MP253DAL3, STM32MP253FAI3, STM32MP253FAK3, STM32MP253FAL3, STM32MP255AAI3, STM32MP255AAK3, STM32MP255AAL3, STM32MP255CAI3, STM32MP255CAK3, STM32MP255CAL3, STM32MP255DAI3, STM32MP255DAK3, STM32MP255DAL3, STM32MP255FAI3, STM32MP255FAK3, STM32MP255FAL3, STM32MP257AAI3, STM32MP257AAK3, STM32MP257AAL3, STM32MP257CAI3, STM32MP257CAK3, STM32MP257CAL3, STM32MP257DAI3, STM32MP257DAK3, STM32MP257DAL3, STM32MP257F-DK, STM32MP257F-EV1, STM32MP257FAI3, STM32MP257FAK3, STM32MP257FAL3, STM32N645A0H3Q, STM32N645B0H3Q, STM32N645I0H3Q, STM32N645L0H3Q, STM32N645X0H3Q, STM32N645Z0H3Q, STM32N647A0H3Q, STM32N647B0H3Q, STM32N647I0H3Q, STM32N647L0H3Q, STM32N647X0H3Q, STM32N647Z0H3Q, STM32N655A0H3Q, STM32N655B0H3Q, STM32N655I0H3Q, STM32N655L0H3Q, STM32N655X0H3Q, STM32N655Z0H3Q, STM32N6570-DK, STM32N657A0H3Q, STM32N657B0H3Q, STM32N657I0H3Q, STM32N657L0H3Q, STM32N657X0H3Q, STM32N657Z0H3Q, STM32U031C6T6, STM32U031C6U6, STM32U031C8T6, STM32U031C8U6, STM32U031F4P6, STM32U031F6P6, STM32U031F8P6, STM32U031G6Y6TR, STM32U031G8Y6TR, STM32U031K4U6, STM32U031K6U6, STM32U031K8U6, STM32U031R6I6, STM32U031R6T6, STM32U031R8I6, STM32U031R8T6, STM32U073C8T6, STM32U073C8U6, STM32U073CBT6, STM32U073CBU6, STM32U073CCT6, STM32U073CCU6, STM32U073H8Y6TR, STM32U073HBY6TR, STM32U073HCY6TR, STM32U073K8U6, STM32U073KBU6, STM32U073KCU6, STM32U073M8I6, STM32U073M8T6, STM32U073MBI6, STM32U073MBT6, STM32U073MCI6, STM32U073MCT6, STM32U073R8I6, STM32U073R8T6, STM32U073RBI6, STM32U073RBT6, STM32U073RCI6, STM32U073RCT6, STM32U083C-DK, STM32U083CCT6, STM32U083CCU6, STM32U083HCY6TR, STM32U083KCU6, STM32U083MCI6, STM32U083MCT6, STM32U083RCI6, STM32U083RCT6, STM32U375CET6, STM32U375CET6Q, STM32U375CEU6, STM32U375CEU6Q, STM32U375CEY6QTR, STM32U375CGT6, STM32U375CGT6Q, STM32U375CGU6, STM32U375CGU6Q, STM32U375CGY6QTR, STM32U375KEU6, STM32U375KGU6, STM32U375REI6, STM32U375REI6Q, STM32U375RET6, STM32U375RET6Q, STM32U375REY6GTR, STM32U375REY6QTR, STM32U375RGI6, STM32U375RGI6Q, STM32U375RGT6, STM32U375RGT6Q, STM32U375RGY6GTR, STM32U375RGY6QTR, STM32U375VEI6, STM32U375VEI6Q, STM32U375VET6, STM32U375VET6Q, STM32U375VGI6, STM32U375VGI6Q, STM32U375VGT6, STM32U375VGT6Q, STM32U385CGT6, STM32U385CGT6Q, STM32U385CGU6, STM32U385CGU6Q, STM32U385CGY6QTR, STM32U385KGU6, STM32U385RGI6, STM32U385RGI6Q, STM32U385RGT6, STM32U385RGT6Q, STM32U385RGY6GTR, STM32U385RGY6QTR, STM32U385VGI6, STM32U385VGI6Q, STM32U385VGT6, STM32U385VGT6Q, STM32U535CBT6, STM32U535CBT6Q, STM32U535CBU6, STM32U535CBU6Q, STM32U535CCT6, STM32U535CCT6Q, STM32U535CCU6, STM32U535CCU6Q, STM32U535CET6, STM32U535CET6Q, STM32U535CEU6, STM32U535CEU6Q, STM32U535JEY6QTR, STM32U535NCY6QTR, STM32U535NEY6QTR, STM32U535RBI6, STM32U535RBI6Q, STM32U535RBT6, STM32U535RBT6Q, STM32U535RCI6, STM32U535RCI6Q, STM32U535RCT6, STM32U535RCT6Q, STM32U535REI6, STM32U535REI6Q, STM32U535RET6, STM32U535RET6Q, STM32U535VCI6, STM32U535VCI6Q, STM32U535VCT6, STM32U535VCT6Q, STM32U535VEI6, STM32U535VEI6Q, STM32U535VET6, STM32U535VET6Q, STM32U545CET6, STM32U545CET6Q, STM32U545CEU6, STM32U545CEU6Q, STM32U545JEY6QTR, STM32U545NEY6QTR, STM32U545REI6, STM32U545REI6Q, STM32U545RET6, STM32U545RET6Q, STM32U545VEI6, STM32U545VEI6Q, STM32U545VET6, STM32U545VET6Q, STM32U595AIH6, STM32U595AIH6Q, STM32U595AJH6, STM32U595AJH6Q, STM32U595QII6, STM32U595QII6Q, STM32U595QJI6, STM32U595QJI6Q, STM32U595RIT6, STM32U595RIT6Q, STM32U595RJT6, STM32U595RJT6Q, STM32U595VIT6, STM32U595VIT6Q, STM32U595VJT6, STM32U595VJT6Q, STM32U595ZIT6, STM32U595ZIT6Q, STM32U595ZIY6QTR, STM32U595ZJT6, STM32U595ZJT6Q, STM32U595ZJY6QTR, STM32U599BJY6QTR, STM32U599NIH6Q, STM32U599NJH6Q, STM32U599VIT6Q, STM32U599VJT6, STM32U599VJT6Q, STM32U599ZIT6Q, STM32U599ZIY6QTR, STM32U599ZJT6Q, STM32U599ZJY6QTR, STM32U5A5AJH6, STM32U5A5AJH6Q, STM32U5A5QII3Q , STM32U5A5QJI6, STM32U5A5QJI6Q, STM32U5A5RJT6, STM32U5A5RJT6Q, STM32U5A5VJT6, STM32U5A5VJT6Q, STM32U5A5ZJT6, STM32U5A5ZJT6Q, STM32U5A5ZJY6QTR, STM32U5A9BJY6QTR, STM32U5A9J-DK, STM32U5A9NJH6Q, STM32U5A9VJT6Q, STM32U5A9ZJT6Q, STM32U5A9ZJY6QTR, STM32U5F7VIT6, STM32U5F7VIT6Q, STM32U5F7VJT6, STM32U5F7VJT6Q, STM32U5F9BJY6QTR, STM32U5F9NJH6Q, STM32U5F9VIT6Q, STM32U5F9VJT6Q, STM32U5F9ZIJ6QTR, STM32U5F9ZIT6Q, STM32U5F9ZJJ6QTR, STM32U5F9ZJT6Q, STM32U5G7VJT6, STM32U5G7VJT6Q, STM32U5G9BJY6QTR, STM32U5G9J-DK1, STM32U5G9J-DK2, STM32U5G9NJH6Q, STM32U5G9VJT6Q, STM32U5G9ZJJ6QTR, STM32U5G9ZJT6Q, STM32WB05KZV6TR, STM32WB05KZV7TR, STM32WB05TZF6TR, STM32WB05TZF7TR, STM32WB06CCF6TR, STM32WB06CCF7TR, STM32WB06CCV6TR, STM32WB06CCV7TR, STM32WB06KCV6TR, STM32WB06KCV7TR, STM32WB07CCF6TR, STM32WB07CCF7TR, STM32WB07CCV6TR, STM32WB07CCV7TR, STM32WB07KCV6TR, STM32WB07KCV7TR, STM32WB09KEV6TR, STM32WB09KEV7TR, STM32WB09TEF6TR, STM32WB09TEF7TR, STM32WB1MMCH6, STM32WBA50KGU6, STM32WBA50KGU6TR, STM32WBA52CEU6, STM32WBA52CEU6TR, STM32WBA52CEU7, STM32WBA52CEU7TR, STM32WBA52CGU6, STM32WBA52CGU6TR, STM32WBA52CGU6U, STM32WBA52CGU7, STM32WBA52CGU7TR, STM32WBA52KEU6, STM32WBA52KEU6TR, STM32WBA52KGU6, STM32WBA52KGU6TR, STM32WBA54CEU6, STM32WBA54CEU6TR, STM32WBA54CEU7, STM32WBA54CEU7TR, STM32WBA54CGU6, STM32WBA54CGU6TR, STM32WBA54CGU7, STM32WBA54CGU7TR, STM32WBA54KEU6, STM32WBA54KEU6TR, STM32WBA54KEU7, STM32WBA54KEU7TR, STM32WBA54KGU6, STM32WBA54KGU6TR, STM32WBA54KGU7, STM32WBA54KGU7TR, STM32WBA55CEU6, STM32WBA55CEU6TR, STM32WBA55CEU7, STM32WBA55CEU7TR, STM32WBA55CGU6, STM32WBA55CGU6TR, STM32WBA55CGU6U, STM32WBA55CGU7, STM32WBA55CGU7TR, STM32WBA55G-DK1, STM32WBA55HEF6, STM32WBA55HEF7, STM32WBA55HGF6, STM32WBA55HGF7, STM32WBA55UEI6, STM32WBA55UEI6TR, STM32WBA55UEI7, STM32WBA55UEI7TR, STM32WBA55UGI6, STM32WBA55UGI6TR, STM32WBA55UGI7, STM32WBA55UGI7TR, STM32WBA5MMGH6TR, STM32WBA62MGF6, STM32WBA62MIF6, STM32WBA65MGF7, STM32WBA65MIF6, STM32WBA65MIF7, STM32WL30K8V6, STM32WL30KBV6, STM32WL31C8V6, STM32WL31CBV6, STM32WL31K8V6, STM32WL31KBV6, STM32WL33C8V6, STM32WL33C8V6X, STM32WL33CBV6, STM32WL33CBV6X, STM32WL33CCV6, STM32WL33CCV6A, STM32WL33CCV6X, STM32WL33K8V7, STM32WL33K8V7X, STM32WL33KBV7 , STM32WL33KBV7X, STM32WL33KCV7, STM32WL33KCV7X, STM32WL5MOCH6, STM32WL5MOCH6TR]
2026-03-15 11:50:36,493 [INFO] ApiDb:668 - CubeFinder database Data Model version=2.1
2026-03-15 11:50:36,493 [INFO] ApiDb:669 - CubeFinder database Configuration version=3.0.42
2026-03-15 11:50:36,493 [INFO] ApiDb:670 - CubeFinder database generation date=2026-02-13 (1770995876)
2026-03-15 11:50:36,494 [INFO] ApiDb:671 - CubeFinder database FW Pack versions=[FP-ATR-ASTRA1_V2.0.0, FP-SNS-FLIGHT1_V5.1.0, FP-SNS-MOTENV1_V5.1.0, FP-SNS-MOTENVWB1_V1.4.0, FP-SNS-SMARTAG2_V1.2.0, FP-SNS-STBOX1_V2.1.0, STM32Cube_FW_C0_V1.4.0, STM32Cube_FW_F4_V1.28.3, STM32Cube_FW_F7_V1.17.4, STM32Cube_FW_G0_V1.6.2, STM32Cube_FW_G4_V1.6.1, STM32Cube_FW_H5_V1.6.0, STM32Cube_FW_H7RS_V1.3.0, STM32Cube_FW_H7_V1.13.0, STM32Cube_FW_L0_V1.12.2, STM32Cube_FW_L4_V1.18.2, STM32Cube_FW_L5_V1.6.0, STM32Cube_FW_N6_V1.3.0, STM32Cube_FW_U0_V1.3.0, STM32Cube_FW_U3_V1.3.0, STM32Cube_FW_U5_V1.8.0, STM32Cube_FW_WB0_V1.4.0, STM32Cube_FW_WBA_V1.9.0, STM32Cube_FW_WB_V1.24.0, STM32Cube_FW_WL3_V1.4.0, STM32Cube_FW_WL_V1.5.0, X-CUBE-ALGOBUILD_V1.4.0, X-CUBE-ALS_V1.0.2, X-CUBE-AZRTOS-F4_V1.1.0, X-CUBE-AZRTOS-F7_V1.1.0, X-CUBE-AZRTOS-G0_V1.1.0, X-CUBE-AZRTOS-G4_V2.0.0, X-CUBE-AZRTOS-H7RS_V1.1.0, X-CUBE-AZRTOS-H7_V3.4.0, X-CUBE-AZRTOS-L4_V2.0.0, X-CUBE-AZRTOS-L5_V2.0.0, X-CUBE-AZRTOS-WB_V2.0.0, X-CUBE-AZRTOS-WL_V2.0.0, X-CUBE-BLE1_V7.1.0, X-CUBE-BLE2_V3.3.0, X-CUBE-BLEMGR_V4.1.0, X-CUBE-EEPRMA1_V5.2.0, X-CUBE-FREERTOS_V1.3.1, X-CUBE-GNSS1_V6.0.0, X-CUBE-MEMS1_V12.0.0, X-CUBE-NFC4_V3.0.0, X-CUBE-NFC7_V2.0.0, X-CUBE-SFXS2LP1_V4.0.0, X-CUBE-ST67W61_V1.1.0, X-CUBE-SUBG2_V5.0.0, X-CUBE-TOF1_V3.4.3]
2026-03-15 11:50:37,837 [INFO] ApiDb:240 - Found 880 in-development CPN: [B-G473E-ZEST1S, B-WB1M-WPAN1, B-WBA5M-WPAN, B-WL5M-SUBG1, NUCLEO-C031C6, NUCLEO-C051C8, NUCLEO-C071RB, NUCLEO-C092RC, NUCLEO-H503RB, NUCLEO-H533RE, NUCLEO-H563ZI, NUCLEO-H7S3L8, NUCLEO-N657X0-Q, NUCLEO-U031R8, NUCLEO-U083RC, NUCLEO-U385RG-Q, NUCLEO-U545RE-Q, NUCLEO-U5A5ZJ-Q, NUCLEO-WB05KZ, NUCLEO-WB07CC, NUCLEO-WB09KE, NUCLEO-WBA52CG, NUCLEO-WBA55CG, NUCLEO-WL33CC1, NUCLEO-WL33CC2, STEVAL-PROTEUS1, STEVAL-SMARTAG2, STEVAL-STWINBX1, STM320518-EVAL, STM32C0116-DK, STM32C011D6Y3TR, STM32C011D6Y6TR, STM32C011F4P3, STM32C011F4P6, STM32C011F4U3, STM32C011F4U6TR, STM32C011F6P3, STM32C011F6P6, STM32C011F6U3, STM32C011F6U6TR, STM32C011J4M3, STM32C011J4M6, STM32C011J6M3, STM32C011J6M6, STM32C0316-DK, STM32C031C4T3, STM32C031C4T6, STM32C031C4U3, STM32C031C4U6, STM32C031C6T3, STM32C031C6T6, STM32C031C6U3, STM32C031C6U6, STM32C031F4P3, STM32C031F4P6, STM32C031F6P3, STM32C031F6P6, STM32C031G4U3, STM32C031G4U6, STM32C031G6U3, STM32C031G6U6, STM32C031K4T3, STM32C031K4T6, STM32C031K4U3, STM32C031K4U6, STM32C031K6T3, STM32C031K6T6, STM32C031K6U3, STM32C031K6U6, STM32C051C6T6, STM32C051C6U6, STM32C051C8T6, STM32C051C8U6, STM32C051D8Y6TR, STM32C051F6P6, STM32C051F8P6, STM32C051G6U6, STM32C051G8U6, STM32C051K6T6, STM32C051K6U6, STM32C051K8T6, STM32C071C8T6, STM32C071C8T6N, STM32C071C8U6, STM32C071C8U6N, STM32C071CBT6, STM32C071CBT6N, STM32C071CBU6, STM32C071CBU6N, STM32C071F8P6, STM32C071F8P6N, STM32C071FBP6, STM32C071FBP6N, STM32C071FBY6TR, STM32C071G8U6, STM32C071G8U6N, STM32C071GBU6, STM32C071GBU6N, STM32C071K8T6, STM32C071K8T6N, STM32C071K8U6, STM32C071K8U6N, STM32C071KBT6, STM32C071KBT6N, STM32C071KBU6, STM32C071KBU6N, STM32C071R8T6, STM32C071R8T6N, STM32C071RBI6N, STM32C071RBT6, STM32C071RBT6N, STM32C091CBT6, STM32C091CBU6, STM32C091CCT6, STM32C091CCU6, STM32C091ECY6TR, STM32C091FBP6, STM32C091FCP6, STM32C091GBU6, STM32C091GCU6, STM32C091KBT6, STM32C091KBU6, STM32C091KCT6, STM32C091KCU6, STM32C091RBT6, STM32C091RCI6, STM32C091RCT6, STM32C092CBT6, STM32C092CBU6, STM32C092CCT6, STM32C092CCU6, STM32C092ECY6TR, STM32C092FBP6, STM32C092FCP6, STM32C092GBU6, STM32C092GCU6, STM32C092KBT6, STM32C092KBU6, STM32C092KCT6, STM32C092KCU6, STM32C092RBT6, STM32C092RCI6, STM32C092RCT6, STM32G071K8TXN, STM32G071K8UXN, STM32G081GBU6N, STM32G081KBT6N, STM32G081KBUXN, STM32G0B1CCT6N, STM32G0B1KCT6, STM32G0B1NEY6TR, STM32G0B1RCT6N, STM32G0C1CCT6, STM32G0C1CCT6N, STM32G0C1CCU6N, STM32G0C1CET6N, STM32G0C1CEU6N, STM32G0C1KCT6, STM32G0C1NEY6TR, STM32G0C1RCI6N, STM32G0C1RCT6N, STM32G0C1REI6N, STM32G0C1RET6N, STM32G0C1VCI6, STM32G0C1VEI6, STM32G411C6T3, STM32G411C6T6, STM32G411C6U3, STM32G411C6U6, STM32G411C8T3, STM32G411C8T6, STM32G411C8U3, STM32G411C8U6, STM32G411CBT3, STM32G411CBT6, STM32G411CBU3, STM32G411CBU6, STM32G411K6T3, STM32G411K6T6, STM32G411K6U3, STM32G411K6U6, STM32G411K8T3, STM32G411K8T6, STM32G411K8U3, STM32G411K8U6, STM32G411KBT3, STM32G411KBT6, STM32G411KBU3, STM32G411KBU6, STM32G411M6T3, STM32G411M6T6, STM32G411M8T3, STM32G411M8T6, STM32G411MBT3, STM32G411MBT6, STM32G411R6T3, STM32G411R6T6, STM32G411R8T3, STM32G411R8T6, STM32G411RBT3, STM32G411RBT6, STM32G414CBT3, STM32G414CBT6, STM32G414CBU3, STM32G414CBU6, STM32G414CCT3, STM32G414CCT6, STM32G414CCU3, STM32G414CCU6, STM32G414MBT3, STM32G414MBT6, STM32G414MCT3, STM32G414MCT6, STM32G414RBT3, STM32G414RBT6, STM32G414RCT3, STM32G414RCT6, STM32G414VBT3, STM32G414VBT6, STM32G414VCT3, STM32G414VCT6, STM32G431CBT3Z, STM32G431RBT3Z, STM32G471CCT6, STM32G471CCU6, STM32G471CET3, STM32G471CET6, STM32G471CEU3, STM32G471CEU6, STM32G471MCT6, STM32G471MET3, STM32G471MET6, STM32G471MEY6TR, STM32G471QCT6, STM32G471QET3, STM32G471RCT6, STM32G471RET3, STM32G471RET6, STM32G471VCH6, STM32G471VCI6, STM32G471VCT6, STM32G471VEH3, STM32G471VEH6, STM32G471VEI3, STM32G471VEI6, STM32G471VET3, STM32G471VET6, STM32G473QET3Z, STM32G473RET3Z, STM32G474CCT6, STM32G491RET3Z, STM32H503CBT6, STM32H503CBU6, STM32H503EBY6TR, STM32H503KBU6, STM32H503RBT6, STM32H523CCT6, STM32H523CCU6, STM32H523CET6, STM32H523CEU6, STM32H523HEY6TR, STM32H523RCT6, STM32H523RET6, STM32H523VCI6, STM32H523VCT6, STM32H523VEI6, STM32H523VET6, STM32H523ZCJ6, STM32H523ZCT6, STM32H523ZEJ6, STM32H523ZET6, STM32H533CET6, STM32H533CEU6, STM32H533HEY6TR, STM32H533RET6, STM32H533VEI6, STM32H533VET6, STM32H533ZEJ6, STM32H533ZET6, STM32H562AGI6, STM32H562AII6, STM32H562IGK6, STM32H562IGT6, STM32H562IIK6, STM32H562IIT6, STM32H562RGT6, STM32H562RGV6, STM32H562RIT6, STM32H562RIV6, STM32H562VGT6, STM32H562VIT6, STM32H562ZGT6, STM32H562ZIT6, STM32H563AGI6, STM32H563AII3Q, STM32H563AII6, STM32H563IGK6, STM32H563IGT6, STM32H563IIK3Q, STM32H563IIK6, STM32H563IIT3Q, STM32H563IIT6, STM32H563MIY3QTR, STM32H563RGT6, STM32H563RGV6, STM32H563RIT6, STM32H563RIV6, STM32H563VGT6, STM32H563VIT3Q, STM32H563VIT6, STM32H563ZGT6, STM32H563ZIT3Q, STM32H563ZIT6, STM32H573AII3Q, STM32H573AII6, STM32H573I-DK, STM32H573IIK3Q, STM32H573IIK6, STM32H573IIT3Q, STM32H573IIT6, STM32H573MIY3QTR, STM32H573RIT6, STM32H573RIV6, STM32H573VIT3Q, STM32H573VIT6, STM32H573ZIT3Q, STM32H573ZIT6, STM32H7R3A8I6, STM32H7R3I8K6, STM32H7R3I8T6, STM32H7R3L8H6, STM32H7R3L8H6H, STM32H7R3R8V6, STM32H7R3V8H6, STM32H7R3V8T6, STM32H7R3V8Y6TR, STM32H7R3Z8J6, STM32H7R3Z8T6, STM32H7R7A8I6, STM32H7R7I8K6, STM32H7R7I8T6, STM32H7R7L8H6, STM32H7R7L8H6H, STM32H7R7Z8J6, STM32H7S3A8I6, STM32H7S3I8K6, STM32H7S3I8T6, STM32H7S3L8H6, STM32H7S3L8H6H, STM32H7S3R8V6, STM32H7S3V8H6, STM32H7S3V8T6, STM32H7S3V8Y6TR, STM32H7S3Z8J6, STM32H7S3Z8T6, STM32H7S78-DK, STM32H7S7A8I6, STM32H7S7I8K6, STM32H7S7I8T6, STM32H7S7L8H6, STM32H7S7L8H6H, STM32H7S7Z8J6, STM32L4R5QGI6STR, STM32MP131AAE3, STM32MP131AAF3, STM32MP131AAG3, STM32MP131CAE3, STM32MP131CAF3, STM32MP131CAG3, STM32MP131DAE7, STM32MP131DAF7, STM32MP131DAG7, STM32MP131FAE7, STM32MP131FAF7, STM32MP131FAG7, STM32MP133AAE3, STM32MP133AAF3, STM32MP133AAG3, STM32MP133CAE3, STM32MP133CAF3, STM32MP133CAG3, STM32MP133DAE7, STM32MP133DAF7, STM32MP133DAG7, STM32MP133FAE7, STM32MP133FAF7, STM32MP133FAG7, STM32MP135AAE3, STM32MP135AAF3, STM32MP135AAG3, STM32MP135CAE3, STM32MP135CAF3, STM32MP135CAG3, STM32MP135DAE7, STM32MP135DAF7, STM32MP135DAG7, STM32MP135F-DK, STM32MP135FAE7, STM32MP135FAF7, STM32MP135FAF7T, STM32MP135FAF7U, STM32MP135FAG7, STM32MP211AAL3, STM32MP211AAM3, STM32MP211AAN3, STM32MP211AAO3, STM32MP211CAL3, STM32MP211CAM3, STM32MP211CAN3, STM32MP211CAO3, STM32MP211DAL3, STM32MP211DAM3, STM32MP211DAN3, STM32MP211DAO3, STM32MP211FAL3, STM32MP211FAM3, STM32MP211FAN3, STM32MP211FAO3, STM32MP213AAL3, STM32MP213AAM3, STM32MP213AAN3, STM32MP213AAO3, STM32MP213CAL3, STM32MP213CAM3, STM32MP213CAN3, STM32MP213CAO3, STM32MP213DAL3, STM32MP213DAM3, STM32MP213DAN3, STM32MP213DAO3, STM32MP213FAL3, STM32MP213FAM3, STM32MP213FAN3, STM32MP213FAO3, STM32MP215AAL3, STM32MP215AAM3, STM32MP215AAN3, STM32MP215AAO3, STM32MP215CAL3, STM32MP215CAM3, STM32MP215CAN3, STM32MP215CAO3, STM32MP215DAL3, STM32MP215DAM3, STM32MP215DAN3, STM32MP215DAO3, STM32MP215F-DK, STM32MP215FAL3, STM32MP215FAM3, STM32MP215FAN3, STM32MP215FAO3, STM32MP231AAJ3, STM32MP231AAK3, STM32MP231AAL3, STM32MP231CAJ3, STM32MP231CAK3, STM32MP231CAL3, STM32MP231DAJ3, STM32MP231DAK3, STM32MP231DAL3, STM32MP231FAJ3, STM32MP231FAK3, STM32MP231FAL3, STM32MP233AAJ3, STM32MP233AAK3, STM32MP233AAL3, STM32MP233CAJ3, STM32MP233CAK3, STM32MP233CAL3, STM32MP233DAJ3, STM32MP233DAK3, STM32MP233DAL3, STM32MP233FAJ3, STM32MP233FAK3, STM32MP233FAL3, STM32MP235AAJ3, STM32MP235AAK3, STM32MP235AAL3, STM32MP235CAJ3, STM32MP235CAK3, STM32MP235CAL3, STM32MP235DAJ3, STM32MP235DAK3, STM32MP235DAL3, STM32MP235FAJ3, STM32MP235FAK3, STM32MP235FAL3, STM32MP251AAI3, STM32MP251AAK3, STM32MP251AAL3, STM32MP251CAI3, STM32MP251CAK3, STM32MP251CAL3, STM32MP251DAI3, STM32MP251DAK3, STM32MP251DAL3, STM32MP251FAI3, STM32MP251FAK3, STM32MP251FAL3, STM32MP253AAI3, STM32MP253AAK3, STM32MP253AAL3, STM32MP253CAI3, STM32MP253CAK3, STM32MP253CAL3, STM32MP253DAI3, STM32MP253DAK3, STM32MP253DAL3, STM32MP253FAI3, STM32MP253FAK3, STM32MP253FAL3, STM32MP255AAI3, STM32MP255AAK3, STM32MP255AAL3, STM32MP255CAI3, STM32MP255CAK3, STM32MP255CAL3, STM32MP255DAI3, STM32MP255DAK3, STM32MP255DAL3, STM32MP255FAI3, STM32MP255FAK3, STM32MP255FAL3, STM32MP257AAI3, STM32MP257AAK3, STM32MP257AAL3, STM32MP257CAI3, STM32MP257CAK3, STM32MP257CAL3, STM32MP257DAI3, STM32MP257DAK3, STM32MP257DAL3, STM32MP257F-DK, STM32MP257F-EV1, STM32MP257FAI3, STM32MP257FAK3, STM32MP257FAL3, STM32N645A0H3Q, STM32N645B0H3Q, STM32N645I0H3Q, STM32N645L0H3Q, STM32N645X0H3Q, STM32N645Z0H3Q, STM32N647A0H3Q, STM32N647B0H3Q, STM32N647I0H3Q, STM32N647L0H3Q, STM32N647X0H3Q, STM32N647Z0H3Q, STM32N655A0H3Q, STM32N655B0H3Q, STM32N655I0H3Q, STM32N655L0H3Q, STM32N655X0H3Q, STM32N655Z0H3Q, STM32N6570-DK, STM32N657A0H3Q, STM32N657B0H3Q, STM32N657I0H3Q, STM32N657L0H3Q, STM32N657X0H3Q, STM32N657Z0H3Q, STM32U031C6T6, STM32U031C6U6, STM32U031C8T6, STM32U031C8U6, STM32U031F4P6, STM32U031F6P6, STM32U031F8P6, STM32U031G6Y6TR, STM32U031G8Y6TR, STM32U031K4U6, STM32U031K6U6, STM32U031K8U6, STM32U031R6I6, STM32U031R6T6, STM32U031R8I6, STM32U031R8T6, STM32U073C8T6, STM32U073C8U6, STM32U073CBT6, STM32U073CBU6, STM32U073CCT6, STM32U073CCU6, STM32U073H8Y6TR, STM32U073HBY6TR, STM32U073HCY6TR, STM32U073K8U6, STM32U073KBU6, STM32U073KCU6, STM32U073M8I6, STM32U073M8T6, STM32U073MBI6, STM32U073MBT6, STM32U073MCI6, STM32U073MCT6, STM32U073R8I6, STM32U073R8T6, STM32U073RBI6, STM32U073RBT6, STM32U073RCI6, STM32U073RCT6, STM32U083C-DK, STM32U083CCT6, STM32U083CCU6, STM32U083HCY6TR, STM32U083KCU6, STM32U083MCI6, STM32U083MCT6, STM32U083RCI6, STM32U083RCT6, STM32U375CET6, STM32U375CET6Q, STM32U375CEU6, STM32U375CEU6Q, STM32U375CEY6QTR, STM32U375CGT6, STM32U375CGT6Q, STM32U375CGU6, STM32U375CGU6Q, STM32U375CGY6QTR, STM32U375KEU6, STM32U375KGU6, STM32U375REI6, STM32U375REI6Q, STM32U375RET6, STM32U375RET6Q, STM32U375REY6GTR, STM32U375REY6QTR, STM32U375RGI6, STM32U375RGI6Q, STM32U375RGT6, STM32U375RGT6Q, STM32U375RGY6GTR, STM32U375RGY6QTR, STM32U375VEI6, STM32U375VEI6Q, STM32U375VET6, STM32U375VET6Q, STM32U375VGI6, STM32U375VGI6Q, STM32U375VGT6, STM32U375VGT6Q, STM32U385CGT6, STM32U385CGT6Q, STM32U385CGU6, STM32U385CGU6Q, STM32U385CGY6QTR, STM32U385KGU6, STM32U385RGI6, STM32U385RGI6Q, STM32U385RGT6, STM32U385RGT6Q, STM32U385RGY6GTR, STM32U385RGY6QTR, STM32U385VGI6, STM32U385VGI6Q, STM32U385VGT6, STM32U385VGT6Q, STM32U535CBT6, STM32U535CBT6Q, STM32U535CBU6, STM32U535CBU6Q, STM32U535CCT6, STM32U535CCT6Q, STM32U535CCU6, STM32U535CCU6Q, STM32U535CET6, STM32U535CET6Q, STM32U535CEU6, STM32U535CEU6Q, STM32U535JEY6QTR, STM32U535NCY6QTR, STM32U535NEY6QTR, STM32U535RBI6, STM32U535RBI6Q, STM32U535RBT6, STM32U535RBT6Q, STM32U535RCI6, STM32U535RCI6Q, STM32U535RCT6, STM32U535RCT6Q, STM32U535REI6, STM32U535REI6Q, STM32U535RET6, STM32U535RET6Q, STM32U535VCI6, STM32U535VCI6Q, STM32U535VCT6, STM32U535VCT6Q, STM32U535VEI6, STM32U535VEI6Q, STM32U535VET6, STM32U535VET6Q, STM32U545CET6, STM32U545CET6Q, STM32U545CEU6, STM32U545CEU6Q, STM32U545JEY6QTR, STM32U545NEY6QTR, STM32U545REI6, STM32U545REI6Q, STM32U545RET6, STM32U545RET6Q, STM32U545VEI6, STM32U545VEI6Q, STM32U545VET6, STM32U545VET6Q, STM32U595AIH6, STM32U595AIH6Q, STM32U595AJH6, STM32U595AJH6Q, STM32U595QII6, STM32U595QII6Q, STM32U595QJI6, STM32U595QJI6Q, STM32U595RIT6, STM32U595RIT6Q, STM32U595RJT6, STM32U595RJT6Q, STM32U595VIT6, STM32U595VIT6Q, STM32U595VJT6, STM32U595VJT6Q, STM32U595ZIT6, STM32U595ZIT6Q, STM32U595ZIY6QTR, STM32U595ZJT6, STM32U595ZJT6Q, STM32U595ZJY6QTR, STM32U599BJY6QTR, STM32U599NIH6Q, STM32U599NJH6Q, STM32U599VIT6Q, STM32U599VJT6, STM32U599VJT6Q, STM32U599ZIT6Q, STM32U599ZIY6QTR, STM32U599ZJT6Q, STM32U599ZJY6QTR, STM32U5A5AJH6, STM32U5A5AJH6Q, STM32U5A5QII3Q , STM32U5A5QJI6, STM32U5A5QJI6Q, STM32U5A5RJT6, STM32U5A5RJT6Q, STM32U5A5VJT6, STM32U5A5VJT6Q, STM32U5A5ZJT6, STM32U5A5ZJT6Q, STM32U5A5ZJY6QTR, STM32U5A9BJY6QTR, STM32U5A9J-DK, STM32U5A9NJH6Q, STM32U5A9VJT6Q, STM32U5A9ZJT6Q, STM32U5A9ZJY6QTR, STM32U5F7VIT6, STM32U5F7VIT6Q, STM32U5F7VJT6, STM32U5F7VJT6Q, STM32U5F9BJY6QTR, STM32U5F9NJH6Q, STM32U5F9VIT6Q, STM32U5F9VJT6Q, STM32U5F9ZIJ6QTR, STM32U5F9ZIT6Q, STM32U5F9ZJJ6QTR, STM32U5F9ZJT6Q, STM32U5G7VJT6, STM32U5G7VJT6Q, STM32U5G9BJY6QTR, STM32U5G9J-DK1, STM32U5G9J-DK2, STM32U5G9NJH6Q, STM32U5G9VJT6Q, STM32U5G9ZJJ6QTR, STM32U5G9ZJT6Q, STM32WB05KZV6TR, STM32WB05KZV7TR, STM32WB05TZF6TR, STM32WB05TZF7TR, STM32WB06CCF6TR, STM32WB06CCF7TR, STM32WB06CCV6TR, STM32WB06CCV7TR, STM32WB06KCV6TR, STM32WB06KCV7TR, STM32WB07CCF6TR, STM32WB07CCF7TR, STM32WB07CCV6TR, STM32WB07CCV7TR, STM32WB07KCV6TR, STM32WB07KCV7TR, STM32WB09KEV6TR, STM32WB09KEV7TR, STM32WB09TEF6TR, STM32WB09TEF7TR, STM32WB1MMCH6, STM32WBA50KGU6, STM32WBA50KGU6TR, STM32WBA52CEU6, STM32WBA52CEU6TR, STM32WBA52CEU7, STM32WBA52CEU7TR, STM32WBA52CGU6, STM32WBA52CGU6TR, STM32WBA52CGU6U, STM32WBA52CGU7, STM32WBA52CGU7TR, STM32WBA52KEU6, STM32WBA52KEU6TR, STM32WBA52KGU6, STM32WBA52KGU6TR, STM32WBA54CEU6, STM32WBA54CEU6TR, STM32WBA54CEU7, STM32WBA54CEU7TR, STM32WBA54CGU6, STM32WBA54CGU6TR, STM32WBA54CGU7, STM32WBA54CGU7TR, STM32WBA54KEU6, STM32WBA54KEU6TR, STM32WBA54KEU7, STM32WBA54KEU7TR, STM32WBA54KGU6, STM32WBA54KGU6TR, STM32WBA54KGU7, STM32WBA54KGU7TR, STM32WBA55CEU6, STM32WBA55CEU6TR, STM32WBA55CEU7, STM32WBA55CEU7TR, STM32WBA55CGU6, STM32WBA55CGU6TR, STM32WBA55CGU6U, STM32WBA55CGU7, STM32WBA55CGU7TR, STM32WBA55G-DK1, STM32WBA55HEF6, STM32WBA55HEF7, STM32WBA55HGF6, STM32WBA55HGF7, STM32WBA55UEI6, STM32WBA55UEI6TR, STM32WBA55UEI7, STM32WBA55UEI7TR, STM32WBA55UGI6, STM32WBA55UGI6TR, STM32WBA55UGI7, STM32WBA55UGI7TR, STM32WBA5MMGH6TR, STM32WBA62MGF6, STM32WBA62MIF6, STM32WBA65MGF7, STM32WBA65MIF6, STM32WBA65MIF7, STM32WL30K8V6, STM32WL30KBV6, STM32WL31C8V6, STM32WL31CBV6, STM32WL31K8V6, STM32WL31KBV6, STM32WL33C8V6, STM32WL33C8V6X, STM32WL33CBV6, STM32WL33CBV6X, STM32WL33CCV6, STM32WL33CCV6A, STM32WL33CCV6X, STM32WL33K8V7, STM32WL33K8V7X, STM32WL33KBV7 , STM32WL33KBV7X, STM32WL33KCV7, STM32WL33KCV7X, STM32WL5MOCH6, STM32WL5MOCH6TR]
2026-03-15 11:50:37,843 [INFO] DbMcus:218 - Found 4922 MCUs, 4922 are supported
2026-03-15 11:50:37,845 [INFO] ApiDb:423 - Load user favorites file /Users/ggpai/.stm32cubeide/favorites.mcus.txt: 0 item(s)
2026-03-15 11:50:37,845 [INFO] ApiDb:427 - User favorites MCUs=[]
2026-03-15 11:50:37,845 [INFO] DbMcus:224 - Set 0 / 0 favorites MCUs
2026-03-15 11:50:38,347 [INFO] BoardInfo:889 - No configuration file found for board P-NUCLEO-WB55
2026-03-15 11:50:38,365 [INFO] DbBoards:161 - Kit is not supported: P-NUCLEO-WB55
2026-03-15 11:50:38,372 [INFO] BoardInfo:889 - No configuration file found for board STEVAL-BFA001V1B
2026-03-15 11:50:38,372 [INFO] DbBoards:161 - Kit is not supported: STEVAL-BFA001V1B
2026-03-15 11:50:38,373 [INFO] BoardInfo:889 - No configuration file found for board STEVAL-BFA001V2B
2026-03-15 11:50:38,374 [INFO] DbBoards:161 - Kit is not supported: STEVAL-BFA001V2B
2026-03-15 11:50:38,505 [INFO] DbBoards:168 - Found 212 boards, 209 are supported
2026-03-15 11:50:38,505 [INFO] DbBoards:169 - Found 212 boards, 43 of them is supported for  Bsp
2026-03-15 11:50:38,518 [INFO] ApiDb:423 - Load user favorites file /Users/ggpai/.stm32cubeide/favorites.boards.txt: 1 item(s)
2026-03-15 11:50:38,520 [INFO] ApiDb:427 - User favorites Boards=[STM32F407G-DISC1]
2026-03-15 11:50:38,520 [INFO] DbBoards:198 - Set 1 / 1 favorites Boards
2026-03-15 11:50:38,647 [INFO] UtilMem:75 - End LoadConfig() Used Memory: 225270104 Bytes (369098752)
2026-03-15 11:50:38,763 [WARN] ThirdParty:833 - waiting for thirdparty lock release [change project]
2026-03-15 11:50:38,769 [INFO] ThirdParty:835 - entering critical section [change project]
2026-03-15 11:50:38,772 [INFO] ThirdParty:1030 - CMSIS Pack Vendor :STMicroelectronics USBPD 4.1
2026-03-15 11:50:38,772 [INFO] ThirdParty:1030 - CMSIS Pack Vendor :STMicroelectronics ThreadX 1.0.0
2026-03-15 11:50:38,772 [INFO] ThirdParty:1030 - CMSIS Pack Vendor :STMicroelectronics USB_HOST 2.0.0
2026-03-15 11:50:38,773 [INFO] ThirdParty:1030 - CMSIS Pack Vendor :STMicroelectronics LIBJPEG 8.0.0
2026-03-15 11:50:38,773 [INFO] ThirdParty:1030 - CMSIS Pack Vendor :STMicroelectronics FreeRTOS 0.0.1
2026-03-15 11:50:38,773 [INFO] ThirdParty:1030 - CMSIS Pack Vendor :STMicroelectronics USB_DEVICE 1.0.0
2026-03-15 11:50:38,773 [INFO] ThirdParty:1030 - CMSIS Pack Vendor :STMicroelectronics STM32_WPAN 1.0.0
2026-03-15 11:50:38,773 [INFO] ThirdParty:1030 - CMSIS Pack Vendor :STMicroelectronics USB_DEVICE 3.0.0
2026-03-15 11:50:38,773 [INFO] ThirdParty:1030 - CMSIS Pack Vendor :STMicroelectronics HAL Drivers 0.0.0
2026-03-15 11:50:38,773 [INFO] ThirdParty:1030 - CMSIS Pack Vendor :STMicroelectronics MBEDTLS 2.16.2
2026-03-15 11:50:38,773 [INFO] ThirdParty:1030 - CMSIS Pack Vendor :STMicroelectronics ThreadX 0.0.2
2026-03-15 11:50:38,773 [INFO] ThirdParty:1030 - CMSIS Pack Vendor :STMicroelectronics lwIP 2.0.3
2026-03-15 11:50:38,773 [INFO] ThirdParty:1030 - CMSIS Pack Vendor :STMicroelectronics lwIP 2.1.2
2026-03-15 11:50:38,773 [INFO] ThirdParty:1030 - CMSIS Pack Vendor :STMicroelectronics MBEDTLS 2.14.1
2026-03-15 11:50:38,773 [INFO] ThirdParty:1030 - CMSIS Pack Vendor :STMicroelectronics USB_HOST 1.0.0
2026-03-15 11:50:38,773 [INFO] ThirdParty:1030 - CMSIS Pack Vendor :STMicroelectronics PDM2PCM 3.1.0
2026-03-15 11:50:38,773 [INFO] ThirdParty:1030 - CMSIS Pack Vendor :STMicroelectronics USB_DEVICE 2.0.0
2026-03-15 11:50:38,773 [INFO] ThirdParty:1030 - CMSIS Pack Vendor :STMicroelectronics PDM2PCM 3.2.0
2026-03-15 11:50:38,773 [INFO] ThirdParty:1030 - CMSIS Pack Vendor :STMicroelectronics PDM2PCM 3.3.0
2026-03-15 11:50:38,776 [INFO] ThirdParty:841 - exiting critical section [change project]
2026-03-15 11:50:39,690 [INFO] PinOutPanel:1589 - setPackage(No Configuration,No Configuration)
2026-03-15 11:50:39,700 [INFO] PinOutPanel:1589 - setPackage(STM32F407VGTx,LQFP100)
2026-03-15 11:50:40,549 [INFO] UtilMem:75 - Before build in PCC Used Memory: 274681824 Bytes (369098752)
2026-03-15 11:50:41,651 [INFO] UtilMem:75 - After build in PCC Used Memory: 295061056 Bytes (369098752)
2026-03-15 11:50:41,715 [INFO] IPUIPlugin:80 - create IPUIPlugin
2026-03-15 11:50:41,715 [INFO] IPUIPlugin:80 - create IPUIPlugin
2026-03-15 11:50:41,716 [INFO] IPUIPlugin:80 - create IPUIPlugin
2026-03-15 11:50:41,716 [INFO] IPUIPlugin:80 - create IPUIPlugin
2026-03-15 11:50:41,716 [INFO] IPUIPlugin:80 - create IPUIPlugin
2026-03-15 11:50:41,716 [INFO] IPUIPlugin:80 - create IPUIPlugin
2026-03-15 11:50:41,717 [INFO] IPUIPlugin:80 - create IPUIPlugin
2026-03-15 11:50:41,717 [INFO] IPUIPlugin:80 - create IPUIPlugin
2026-03-15 11:50:41,717 [INFO] IPUIPlugin:80 - create IPUIPlugin
2026-03-15 11:50:41,717 [INFO] IPUIPlugin:80 - create IPUIPlugin
2026-03-15 11:50:41,718 [INFO] IPUIPlugin:80 - create IPUIPlugin
2026-03-15 11:50:41,718 [INFO] IPUIPlugin:80 - create IPUIPlugin
2026-03-15 11:50:41,718 [INFO] IPUIPlugin:80 - create IPUIPlugin
2026-03-15 11:50:41,720 [INFO] IPUIPlugin:80 - create IPUIPlugin
2026-03-15 11:50:41,721 [INFO] IPUIPlugin:80 - create IPUIPlugin
2026-03-15 11:50:41,721 [INFO] IPUIPlugin:80 - create IPUIPlugin
2026-03-15 11:50:41,721 [INFO] IPUIPlugin:80 - create IPUIPlugin
2026-03-15 11:50:41,722 [INFO] IPUIPlugin:80 - create IPUIPlugin
2026-03-15 11:50:41,722 [INFO] IPUIPlugin:80 - create IPUIPlugin
2026-03-15 11:50:41,722 [INFO] IPUIPlugin:80 - create IPUIPlugin
2026-03-15 11:50:41,722 [INFO] IPUIPlugin:80 - create IPUIPlugin
2026-03-15 11:50:41,722 [INFO] IPUIPlugin:80 - create IPUIPlugin
2026-03-15 11:50:41,722 [INFO] IPUIPlugin:80 - create IPUIPlugin
2026-03-15 11:50:41,722 [INFO] IPUIPlugin:80 - create IPUIPlugin
2026-03-15 11:50:41,722 [INFO] IPUIPlugin:80 - create IPUIPlugin
2026-03-15 11:50:41,723 [INFO] IPUIPlugin:80 - create IPUIPlugin
2026-03-15 11:50:41,723 [INFO] IPUIPlugin:80 - create IPUIPlugin
2026-03-15 11:50:41,723 [INFO] IPUIPlugin:80 - create IPUIPlugin
2026-03-15 11:50:41,723 [INFO] IPUIPlugin:80 - create IPUIPlugin
2026-03-15 11:50:41,723 [INFO] IPUIPlugin:80 - create IPUIPlugin
2026-03-15 11:50:41,723 [INFO] IPUIPlugin:80 - create IPUIPlugin
2026-03-15 11:50:41,723 [INFO] IPUIPlugin:80 - create IPUIPlugin
2026-03-15 11:50:41,723 [INFO] IPUIPlugin:80 - create IPUIPlugin
2026-03-15 11:50:41,723 [INFO] IPUIPlugin:80 - create IPUIPlugin
2026-03-15 11:50:41,723 [INFO] IPUIPlugin:80 - create IPUIPlugin
2026-03-15 11:50:41,723 [INFO] IPUIPlugin:80 - create IPUIPlugin
2026-03-15 11:50:41,724 [INFO] IPUIPlugin:80 - create IPUIPlugin
2026-03-15 11:50:41,724 [INFO] IPUIPlugin:80 - create IPUIPlugin
2026-03-15 11:50:41,724 [INFO] IPUIPlugin:80 - create IPUIPlugin
2026-03-15 11:50:41,724 [INFO] IPUIPlugin:80 - create IPUIPlugin
2026-03-15 11:50:41,724 [INFO] IPUIPlugin:80 - create IPUIPlugin
2026-03-15 11:50:41,724 [INFO] IPUIPlugin:80 - create IPUIPlugin
2026-03-15 11:50:41,724 [INFO] IPUIPlugin:80 - create IPUIPlugin
2026-03-15 11:50:41,724 [INFO] IPUIPlugin:80 - create IPUIPlugin
2026-03-15 11:50:41,725 [INFO] IPUIPlugin:80 - create IPUIPlugin
2026-03-15 11:50:41,725 [INFO] IPUIPlugin:80 - create IPUIPlugin
2026-03-15 11:50:41,725 [INFO] IPUIPlugin:80 - create IPUIPlugin
2026-03-15 11:50:41,725 [INFO] IPUIPlugin:80 - create IPUIPlugin
2026-03-15 11:50:41,725 [INFO] IPUIPlugin:80 - create IPUIPlugin
2026-03-15 11:50:41,725 [INFO] IPUIPlugin:80 - create IPUIPlugin
2026-03-15 11:50:41,725 [INFO] IPUIPlugin:80 - create IPUIPlugin
2026-03-15 11:50:41,725 [INFO] IPUIPlugin:80 - create IPUIPlugin
2026-03-15 11:50:41,725 [INFO] IPUIPlugin:80 - create IPUIPlugin
2026-03-15 11:50:41,726 [INFO] IPUIPlugin:80 - create IPUIPlugin
2026-03-15 11:50:41,726 [INFO] IPUIPlugin:80 - create IPUIPlugin
2026-03-15 11:50:41,726 [INFO] IPUIPlugin:80 - create IPUIPlugin
2026-03-15 11:50:41,726 [INFO] IPUIPlugin:80 - create IPUIPlugin
2026-03-15 11:50:41,727 [INFO] IPUIPlugin:80 - create IPUIPlugin
2026-03-15 11:50:41,998 [INFO] ApiDbMcu:532 - Load IP Config File for PDM2PCM
2026-03-15 11:50:42,543 [INFO] CADModel:165 - CPN selected for project levelSTM32F407VGT6
2026-03-15 11:50:42,545 [INFO] CADModel:114 - Register for checkConnection events
2026-03-15 11:50:42,593 [INFO] OpenFileManager:386 - Restore cursor
2026-03-15 11:51:58,959 [ERROR] ConfigurationRetriever:142 - IOException on connection: PKIX path building failed: sun.security.provider.certpath.SunCertPathBuilderException: unable to find valid certification path to requested target
2026-03-15 11:51:59,019 [ERROR] ConfigurationRetriever:142 - IOException on connection: PKIX path building failed: sun.security.provider.certpath.SunCertPathBuilderException: unable to find valid certification path to requested target
2026-03-15 11:51:59,064 [ERROR] ConfigurationRetriever:142 - IOException on connection: PKIX path building failed: sun.security.provider.certpath.SunCertPathBuilderException: unable to find valid certification path to requested target
2026-03-15 11:51:59,616 [ERROR] ConfigurationRetriever:142 - IOException on connection: PKIX path building failed: sun.security.provider.certpath.SunCertPathBuilderException: unable to find valid certification path to requested target
2026-03-15 11:51:59,818 [ERROR] ConfigurationRetriever:142 - IOException on connection: PKIX path building failed: sun.security.provider.certpath.SunCertPathBuilderException: unable to find valid certification path to requested target
2026-03-15 11:51:59,888 [ERROR] ConfigurationRetriever:142 - IOException on connection: PKIX path building failed: sun.security.provider.certpath.SunCertPathBuilderException: unable to find valid certification path to requested target
2026-03-15 11:52:45,772 [INFO] LogOutputStream:77 - [STDOUT_REDIRECT] StartTraceHandler.execute(), success : Collect=true
2026-03-15 11:52:48,055 [INFO] LogOutputStream:77 - [STDOUT_REDIRECT] StartTraceHandler.execute(), success : Collect=false
2026-03-15 11:52:49,387 [INFO] LogOutputStream:77 - [STDOUT_REDIRECT] StartTraceHandler.execute(), success : Collect=true
2026-03-15 11:55:51,708 [ERROR] ConfigurationRetriever:142 - IOException on connection: PKIX path building failed: sun.security.provider.certpath.SunCertPathBuilderException: unable to find valid certification path to requested target
2026-03-15 11:55:51,754 [ERROR] ConfigurationRetriever:142 - IOException on connection: PKIX path building failed: sun.security.provider.certpath.SunCertPathBuilderException: unable to find valid certification path to requested target
2026-03-15 11:55:51,807 [ERROR] ConfigurationRetriever:142 - IOException on connection: PKIX path building failed: sun.security.provider.certpath.SunCertPathBuilderException: unable to find valid certification path to requested target
2026-03-15 11:55:59,220 [ERROR] ConfigurationRetriever:142 - IOException on connection: PKIX path building failed: sun.security.provider.certpath.SunCertPathBuilderException: unable to find valid certification path to requested target
2026-03-15 11:55:59,287 [ERROR] ConfigurationRetriever:142 - IOException on connection: PKIX path building failed: sun.security.provider.certpath.SunCertPathBuilderException: unable to find valid certification path to requested target
2026-03-15 11:55:59,366 [ERROR] ConfigurationRetriever:142 - IOException on connection: PKIX path building failed: sun.security.provider.certpath.SunCertPathBuilderException: unable to find valid certification path to requested target
2026-03-15 11:55:59,729 [ERROR] ConfigurationRetriever:142 - IOException on connection: PKIX path building failed: sun.security.provider.certpath.SunCertPathBuilderException: unable to find valid certification path to requested target
2026-03-15 11:55:59,774 [ERROR] ConfigurationRetriever:142 - IOException on connection: PKIX path building failed: sun.security.provider.certpath.SunCertPathBuilderException: unable to find valid certification path to requested target
2026-03-15 11:55:59,814 [ERROR] ConfigurationRetriever:142 - IOException on connection: PKIX path building failed: sun.security.provider.certpath.SunCertPathBuilderException: unable to find valid certification path to requested target
2026-03-15 11:56:15,026 [INFO] LogOutputStream:77 - [STDOUT_REDIRECT] StartTraceHandler.execute(), success : Collect=false
2026-03-15 11:56:16,965 [INFO] LogOutputStream:77 - [STDOUT_REDIRECT] StartTraceHandler.execute(), success : Collect=true
2026-03-15 11:56:17,832 [INFO] LogOutputStream:77 - [STDOUT_REDIRECT] StartTraceHandler.execute(), success : Collect=false
2026-03-15 11:56:18,789 [INFO] LogOutputStream:77 - [STDOUT_REDIRECT] StartTraceHandler.execute(), success : Collect=true
2026-03-15 11:56:23,210 [INFO] LogOutputStream:77 - [STDOUT_REDIRECT] StartTraceHandler.execute(), success : Collect=false
2026-03-15 11:56:26,890 [INFO] LogOutputStream:77 - [STDOUT_REDIRECT] StartTraceHandler.execute(), success : Collect=true
2026-03-15 16:32:43,958 [ERROR] ConfigurationRetriever:142 - IOException on connection: PKIX path building failed: sun.security.provider.certpath.SunCertPathBuilderException: unable to find valid certification path to requested target
2026-03-15 16:32:44,007 [ERROR] ConfigurationRetriever:142 - IOException on connection: PKIX path building failed: sun.security.provider.certpath.SunCertPathBuilderException: unable to find valid certification path to requested target
2026-03-15 16:32:44,057 [ERROR] ConfigurationRetriever:142 - IOException on connection: PKIX path building failed: sun.security.provider.certpath.SunCertPathBuilderException: unable to find valid certification path to requested target
2026-03-15 16:32:46,136 [INFO] LogOutputStream:77 - [STDOUT_REDIRECT] ***WARNING: Display must be created on main thread due to Cocoa restrictions. Use vmarg -XstartOnFirstThread
2026-03-15 16:32:46,155 [INFO] LogOutputStream:77 - [STDOUT_REDIRECT] ***WARNING: Display must be created on main thread due to Cocoa restrictions. Use vmarg -XstartOnFirstThread
2026-03-15 23:47:23,414 [INFO] Activator:176 - 


2026-03-15 23:47:23,415 [INFO] Activator:177 - !SESSION log4j initialized
2026-03-15 23:47:28,135 [INFO] LogOutputStream:77 - [STDOUT_REDIRECT] 
2026-03-15 23:47:30,458 [ERROR] LogOutputStream:75 - [STDERR_REDIRECT] 
2026-03-15 23:47:34,475 [INFO] LogOutputStream:77 - [STDOUT_REDIRECT] 
2026-03-15 23:47:35,474 [ERROR] ConfigurationRetriever:142 - IOException on connection: PKIX path building failed: sun.security.provider.certpath.SunCertPathBuilderException: unable to find valid certification path to requested target
2026-03-15 23:47:35,524 [ERROR] ConfigurationRetriever:142 - IOException on connection: PKIX path building failed: sun.security.provider.certpath.SunCertPathBuilderException: unable to find valid certification path to requested target
2026-03-15 23:47:35,574 [ERROR] ConfigurationRetriever:142 - IOException on connection: PKIX path building failed: sun.security.provider.certpath.SunCertPathBuilderException: unable to find valid certification path to requested target
2026-03-15 23:47:35,779 [INFO] ApplicationProperties:184 - Using Application install path: /Applications/STM32CubeIDE.app/Contents/Eclipse/plugins/com.st.stm32cube.common.mx_6.15.0.202507011659
2026-03-15 23:47:35,791 [INFO] DbMcusXml:78 - Set database path to: /Applications/STM32CubeIDE.app/Contents/Eclipse/plugins/com.st.stm32cube.common.mx_6.15.0.202507011659//db//mcu/
2026-03-15 23:47:35,791 [INFO] ApiDb:274 - Set plugin database path to: /Applications/STM32CubeIDE.app/Contents/Eclipse/plugins/com.st.stm32cube.common.mx_6.15.0.202507011659//db//plugins/boardmanager/
2026-03-15 23:47:35,792 [WARN] ApiDb:259 - Overriding images path with different value:  => /Applications/STM32CubeIDE.app/Contents/Eclipse/plugins/com.st.stm32cube.common.mx_6.15.0.202507011659//db//plugins/mcufinder/images/
2026-03-15 23:47:35,800 [INFO] ApiDb:250 - Set database path to: /Users/ggpai/.stmcufinder/plugins/mcufinder//mcu/
2026-03-15 23:47:35,800 [INFO] DbMcusAds:125 - Set database path to: /Users/ggpai/.stmcufinder/plugins/mcufinder//mcu/
2026-03-15 23:47:35,802 [INFO] CrossReferenceDbSqlite:203 - Set database path to: /Users/ggpai/.stmcufinder/plugins/mcufinder//mcu/cs/
2026-03-15 23:47:35,928 [INFO] RulesReader:64 - Compatibility file has been processed (317 Rules)
2026-03-15 23:47:35,982 [INFO] DbMcusXml:78 - Set database path to: /Applications/STM32CubeIDE.app/Contents/Eclipse/plugins/com.st.stm32cube.common.mx_6.15.0.202507011659//db//mcu/
2026-03-15 23:47:35,982 [INFO] ApiDb:274 - Set plugin database path to: /Applications/STM32CubeIDE.app/Contents/Eclipse/plugins/com.st.stm32cube.common.mx_6.15.0.202507011659//db//plugins/boardmanager/
2026-03-15 23:47:35,983 [INFO] ApiDb:261 - Set plugin images path to: /Applications/STM32CubeIDE.app/Contents/Eclipse/plugins/com.st.stm32cube.common.mx_6.15.0.202507011659//db//plugins/mcufinder/images/
2026-03-15 23:47:35,983 [WARN] DbFile:41 - Overriding database path with different value: /Users/ggpai/.stmcufinder/plugins/mcufinder/ => /Users/ggpai/.stmcufinder/plugins/mcufinder
2026-03-15 23:47:35,983 [INFO] ApiDb:250 - Set database path to: /Users/ggpai/.stmcufinder/plugins/mcufinder//mcu/
2026-03-15 23:47:35,984 [WARN] DbFile:41 - Overriding database path with different value: /Users/ggpai/.stmcufinder/plugins/mcufinder/ => /Users/ggpai/.stmcufinder/plugins/mcufinder
2026-03-15 23:47:35,984 [INFO] DbMcusAds:125 - Set database path to: /Users/ggpai/.stmcufinder/plugins/mcufinder//mcu/
2026-03-15 23:47:35,984 [WARN] DbFile:41 - Overriding database path with different value: /Users/ggpai/.stmcufinder/plugins/mcufinder/ => /Users/ggpai/.stmcufinder/plugins/mcufinder
2026-03-15 23:47:35,984 [WARN] DbFile:41 - Overriding database path with different value: /Users/ggpai/.stmcufinder/plugins/mcufinder/ => /Users/ggpai/.stmcufinder/plugins/mcufinder
2026-03-15 23:47:35,984 [INFO] CrossReferenceDbSqlite:203 - Set database path to: /Users/ggpai/.stmcufinder/plugins/mcufinder//mcu/cs/
2026-03-15 23:47:36,054 [INFO] MainPanel:274 - HeapMemory: 268435456
2026-03-15 23:47:36,749 [INFO] DbMcusXml:78 - Set database path to: /Applications/STM32CubeIDE.app/Contents/Eclipse/plugins/com.st.stm32cube.common.mx_6.15.0.202507011659//db//mcu/
2026-03-15 23:47:36,749 [INFO] ApiDb:274 - Set plugin database path to: /Applications/STM32CubeIDE.app/Contents/Eclipse/plugins/com.st.stm32cube.common.mx_6.15.0.202507011659//db//plugins/boardmanager/
2026-03-15 23:47:36,750 [INFO] ApiDb:261 - Set plugin images path to: /Applications/STM32CubeIDE.app/Contents/Eclipse/plugins/com.st.stm32cube.common.mx_6.15.0.202507011659//db//plugins/mcufinder/images/
2026-03-15 23:47:36,750 [WARN] DbFile:41 - Overriding database path with different value: /Users/ggpai/.stmcufinder/plugins/mcufinder/ => /Users/ggpai/.stmcufinder/plugins/mcufinder
2026-03-15 23:47:36,751 [INFO] ApiDb:250 - Set database path to: /Users/ggpai/.stmcufinder/plugins/mcufinder//mcu/
2026-03-15 23:47:36,751 [WARN] DbFile:41 - Overriding database path with different value: /Users/ggpai/.stmcufinder/plugins/mcufinder/ => /Users/ggpai/.stmcufinder/plugins/mcufinder
2026-03-15 23:47:36,751 [INFO] DbMcusAds:125 - Set database path to: /Users/ggpai/.stmcufinder/plugins/mcufinder//mcu/
2026-03-15 23:47:36,751 [WARN] DbFile:41 - Overriding database path with different value: /Users/ggpai/.stmcufinder/plugins/mcufinder/ => /Users/ggpai/.stmcufinder/plugins/mcufinder
2026-03-15 23:47:36,751 [WARN] DbFile:41 - Overriding database path with different value: /Users/ggpai/.stmcufinder/plugins/mcufinder/ => /Users/ggpai/.stmcufinder/plugins/mcufinder
2026-03-15 23:47:36,751 [INFO] CrossReferenceDbSqlite:203 - Set database path to: /Users/ggpai/.stmcufinder/plugins/mcufinder//mcu/cs/
2026-03-15 23:47:36,776 [INFO] ApplicationProperties:184 - Using Application install path: /Applications/STM32CubeIDE.app/Contents/Eclipse/plugins/com.st.stm32cube.common.mx_6.15.0.202507011659
2026-03-15 23:47:36,778 [INFO] PluginManage:196 - Search for loadable plugins [exclusion list=, ]
2026-03-15 23:47:36,782 [INFO] PluginManage:310 - Check plugin analytics
2026-03-15 23:47:37,057 [INFO] AnalyticsPlugin:253 - Accepted Software Licenses: STM32CubeMX.6.17.0
2026-03-15 23:47:37,058 [INFO] AnalyticsPlugin:255 - Accepted CMSIS Pack Licenses: 
2026-03-15 23:47:37,058 [INFO] AnalyticsPlugin:257 - Accepted Firmware Licenses: 
2026-03-15 23:47:37,070 [INFO] PluginManage:359 - Loaded plugin analytics (category:tool,tabindex:-1)
2026-03-15 23:47:37,071 [INFO] PluginManage:310 - Check plugin cadmodel
2026-03-15 23:47:37,084 [INFO] CADModel:105 - Init CAD model plugin
2026-03-15 23:47:37,085 [INFO] PluginManage:359 - Loaded plugin cadmodel (category:power,tabindex:5)
2026-03-15 23:47:37,085 [INFO] PluginManage:310 - Check plugin clock
2026-03-15 23:47:37,095 [INFO] PluginManage:359 - Loaded plugin clock (category:base,tabindex:2)
2026-03-15 23:47:37,095 [INFO] PluginManage:310 - Check plugin ddr
2026-03-15 23:47:37,098 [INFO] PluginManage:359 - Loaded plugin ddr (category:tool,tabindex:6)
2026-03-15 23:47:37,098 [INFO] PluginManage:310 - Check plugin filemanager
2026-03-15 23:47:37,120 [ERROR] ConfigurationRetriever:142 - IOException on connection: PKIX path building failed: sun.security.provider.certpath.SunCertPathBuilderException: unable to find valid certification path to requested target
2026-03-15 23:47:37,168 [ERROR] ConfigurationRetriever:142 - IOException on connection: PKIX path building failed: sun.security.provider.certpath.SunCertPathBuilderException: unable to find valid certification path to requested target
2026-03-15 23:47:37,218 [ERROR] ConfigurationRetriever:142 - IOException on connection: PKIX path building failed: sun.security.provider.certpath.SunCertPathBuilderException: unable to find valid certification path to requested target
2026-03-15 23:47:37,251 [INFO] PluginManage:359 - Loaded plugin filemanager (category:base,tabindex:10)
2026-03-15 23:47:37,251 [INFO] PluginManage:310 - Check plugin ipmanager
2026-03-15 23:47:37,260 [INFO] PluginManage:359 - Loaded plugin ipmanager (category:base,tabindex:5)
2026-03-15 23:47:37,261 [INFO] PluginManage:310 - Check plugin lpbam
2026-03-15 23:47:37,270 [INFO] PluginManage:359 - Loaded plugin lpbam (category:base,tabindex:0)
2026-03-15 23:47:37,271 [INFO] PluginManage:310 - Check plugin memorymap
2026-03-15 23:47:37,281 [INFO] PluginManage:359 - Loaded plugin memorymap (category:base,tabindex:4)
2026-03-15 23:47:37,282 [INFO] PluginManage:310 - Check plugin pinoutandconfiguration
2026-03-15 23:47:37,290 [INFO] PluginManage:359 - Loaded plugin pinoutandconfiguration (category:base,tabindex:1)
2026-03-15 23:47:37,291 [INFO] PluginManage:310 - Check plugin pinoutconfig
2026-03-15 23:47:37,386 [WARN] SupportedApi:132 - Cannot load RTOS API schema: s4s-elt-must-match.1: The content of 'definitions' must match (annotation?, (simpleType | complexType)?, (unique | key | keyref)*)). A problem was found starting at: attribute.
2026-03-15 23:47:37,552 [INFO] PluginManage:359 - Loaded plugin pinoutconfig (category:base,tabindex:0)
2026-03-15 23:47:37,552 [INFO] PluginManage:310 - Check plugin power
2026-03-15 23:47:37,563 [INFO] PluginManage:359 - Loaded plugin power (category:power,tabindex:4)
2026-03-15 23:47:37,563 [INFO] PluginManage:310 - Check plugin projectmanager
2026-03-15 23:47:37,589 [INFO] PluginManage:359 - Loaded plugin projectmanager (category:projectmanager,tabindex:4)
2026-03-15 23:47:37,589 [INFO] PluginManage:310 - Check plugin rif
2026-03-15 23:47:37,597 [INFO] PluginManage:359 - Loaded plugin rif (category:base,tabindex:3)
2026-03-15 23:47:37,597 [INFO] PluginManage:310 - Check plugin thirdparty
2026-03-15 23:47:37,736 [INFO] PluginManage:359 - Loaded plugin thirdparty (category:base,tabindex:-1)
2026-03-15 23:47:37,736 [WARN] IntegrityCheckThread:84 - waiting for thirdparty lock release [integrity check]
2026-03-15 23:47:37,737 [INFO] PluginManage:310 - Check plugin tools
2026-03-15 23:47:37,737 [INFO] IntegrityCheckThread:86 - entering critical section [integrity check]
2026-03-15 23:47:37,737 [INFO] ThirdPartyUpdaterWithRetryManager:70 - Updater plugin not ready yet. [1/15]
2026-03-15 23:47:37,739 [INFO] PluginManage:359 - Loaded plugin tools (category:base,tabindex:7)
2026-03-15 23:47:37,739 [INFO] PluginManage:310 - Check plugin tutovideos
2026-03-15 23:47:37,891 [INFO] PluginManage:359 - Loaded plugin tutovideos (category:base,tabindex:-1)
2026-03-15 23:47:37,891 [INFO] PluginManage:310 - Check plugin updater
2026-03-15 23:47:37,917 [INFO] PluginManage:359 - Loaded plugin updater (category:base,tabindex:12)
2026-03-15 23:47:37,917 [INFO] PluginManage:310 - Check plugin userauth
2026-03-15 23:47:37,921 [INFO] UserAuth:118 - Init User Auth plugin
2026-03-15 23:47:37,922 [INFO] PluginManage:359 - Loaded plugin userauth (category:base,tabindex:14)
2026-03-15 23:47:37,923 [INFO] PluginManage:283 - PluginManage : Loaded plugins [18]
2026-03-15 23:47:38,485 [INFO] PinOutPanel:1589 - setPackage(No Configuration,No Configuration)
2026-03-15 23:47:38,596 [INFO] CADModel:165 - CPN selected for project level
2026-03-15 23:47:38,596 [INFO] CADModel:114 - Register for checkConnection events
2026-03-15 23:47:38,608 [INFO] IPUIPlugin:80 - create IPUIPlugin
2026-03-15 23:47:38,608 [INFO] PluginManager:220 - loadIPPluginJar : add mdma
2026-03-15 23:47:38,614 [INFO] IPUIPlugin:80 - create IPUIPlugin
2026-03-15 23:47:38,615 [INFO] PluginManager:220 - loadIPPluginJar : add freertos
2026-03-15 23:47:38,618 [INFO] IPUIPlugin:80 - create IPUIPlugin
2026-03-15 23:47:38,619 [INFO] PluginManager:220 - loadIPPluginJar : add gic
2026-03-15 23:47:38,625 [INFO] IPUIPlugin:80 - create IPUIPlugin
2026-03-15 23:47:38,625 [INFO] PluginManager:220 - loadIPPluginJar : add adc
2026-03-15 23:47:38,627 [INFO] IPUIPlugin:80 - create IPUIPlugin
2026-03-15 23:47:38,627 [INFO] PluginManager:220 - loadIPPluginJar : add gtzc
2026-03-15 23:47:38,627 [INFO] IPUIPlugin:80 - create IPUIPlugin
2026-03-15 23:47:38,627 [INFO] PluginManager:220 - loadIPPluginJar : add quadspi
2026-03-15 23:47:38,629 [INFO] IPUIPlugin:80 - create IPUIPlugin
2026-03-15 23:47:38,629 [INFO] PluginManager:220 - loadIPPluginJar : add aes
2026-03-15 23:47:38,630 [INFO] IPUIPlugin:80 - create IPUIPlugin
2026-03-15 23:47:38,630 [INFO] PluginManager:220 - loadIPPluginJar : add pdm2pcm
2026-03-15 23:47:38,631 [INFO] IPUIPlugin:80 - create IPUIPlugin
2026-03-15 23:47:38,631 [INFO] PluginManager:220 - loadIPPluginJar : add hash
2026-03-15 23:47:38,633 [INFO] IPUIPlugin:80 - create IPUIPlugin
2026-03-15 23:47:38,633 [INFO] PluginManager:220 - loadIPPluginJar : add tim
2026-03-15 23:47:38,634 [INFO] IPUIPlugin:80 - create IPUIPlugin
2026-03-15 23:47:38,635 [INFO] PluginManager:220 - loadIPPluginJar : add tsc
2026-03-15 23:47:38,636 [INFO] IPUIPlugin:80 - create IPUIPlugin
2026-03-15 23:47:38,636 [INFO] PluginManager:220 - loadIPPluginJar : add extmemmanager
2026-03-15 23:47:38,637 [INFO] IPUIPlugin:80 - create IPUIPlugin
2026-03-15 23:47:38,637 [INFO] PluginManager:220 - loadIPPluginJar : add ts
2026-03-15 23:47:38,638 [INFO] IPUIPlugin:80 - create IPUIPlugin
2026-03-15 23:47:38,638 [INFO] PluginManager:220 - loadIPPluginJar : add radio
2026-03-15 23:47:38,639 [INFO] IPUIPlugin:80 - create IPUIPlugin
2026-03-15 23:47:38,639 [INFO] PluginManager:220 - loadIPPluginJar : add can
2026-03-15 23:47:38,640 [INFO] IPUIPlugin:80 - create IPUIPlugin
2026-03-15 23:47:38,640 [INFO] PluginManager:220 - loadIPPluginJar : add dma3
2026-03-15 23:47:38,642 [INFO] IPUIPlugin:80 - create IPUIPlugin
2026-03-15 23:47:38,642 [INFO] PluginManager:220 - loadIPPluginJar : add dfsdm
2026-03-15 23:47:38,643 [INFO] IPUIPlugin:80 - create IPUIPlugin
2026-03-15 23:47:38,643 [INFO] PluginManager:220 - loadIPPluginJar : add spi
2026-03-15 23:47:38,645 [INFO] IPUIPlugin:80 - create IPUIPlugin
2026-03-15 23:47:38,646 [INFO] PluginManager:220 - loadIPPluginJar : add gfxmmu
2026-03-15 23:47:38,646 [INFO] IPUIPlugin:80 - create IPUIPlugin
2026-03-15 23:47:38,646 [INFO] PluginManager:220 - loadIPPluginJar : add genericplugin
2026-03-15 23:47:38,647 [INFO] IPUIPlugin:80 - create IPUIPlugin
2026-03-15 23:47:38,647 [INFO] PluginManager:220 - loadIPPluginJar : add cryp
2026-03-15 23:47:38,650 [INFO] IPUIPlugin:80 - create IPUIPlugin
2026-03-15 23:47:38,650 [INFO] PluginManager:220 - loadIPPluginJar : add gpio
2026-03-15 23:47:38,653 [INFO] IPUIPlugin:80 - create IPUIPlugin
2026-03-15 23:47:38,653 [INFO] PluginManager:220 - loadIPPluginJar : add ddr_ctrl_phy
2026-03-15 23:47:38,655 [INFO] IPUIPlugin:80 - create IPUIPlugin
2026-03-15 23:47:38,655 [INFO] PluginManager:220 - loadIPPluginJar : add comp
2026-03-15 23:47:38,656 [INFO] IPUIPlugin:80 - create IPUIPlugin
2026-03-15 23:47:38,656 [INFO] PluginManager:220 - loadIPPluginJar : add tracer_emb
2026-03-15 23:47:38,657 [INFO] IPUIPlugin:80 - create IPUIPlugin
2026-03-15 23:47:38,657 [INFO] PluginManager:220 - loadIPPluginJar : add openamp
2026-03-15 23:47:38,661 [INFO] IPUIPlugin:80 - create IPUIPlugin
2026-03-15 23:47:38,661 [INFO] PluginManager:220 - loadIPPluginJar : add stm32_wpan
2026-03-15 23:47:38,665 [INFO] IPUIPlugin:80 - create IPUIPlugin
2026-03-15 23:47:38,666 [INFO] PluginManager:220 - loadIPPluginJar : add plateformsettings
2026-03-15 23:47:38,668 [INFO] IPUIPlugin:80 - create IPUIPlugin
2026-03-15 23:47:38,668 [INFO] PluginManager:220 - loadIPPluginJar : add ipddr
2026-03-15 23:47:38,670 [INFO] IPUIPlugin:80 - create IPUIPlugin
2026-03-15 23:47:38,670 [INFO] PluginManager:220 - loadIPPluginJar : add usart
2026-03-15 23:47:38,670 [INFO] IPUIPlugin:80 - create IPUIPlugin
2026-03-15 23:47:38,670 [INFO] PluginManager:220 - loadIPPluginJar : add ltdc
2026-03-15 23:47:38,672 [INFO] IPUIPlugin:80 - create IPUIPlugin
2026-03-15 23:47:38,673 [INFO] PluginManager:220 - loadIPPluginJar : add nvic
2026-03-15 23:47:38,673 [INFO] IPUIPlugin:80 - create IPUIPlugin
2026-03-15 23:47:38,673 [INFO] PluginManager:220 - loadIPPluginJar : add fatfs
2026-03-15 23:47:38,677 [INFO] IPUIPlugin:80 - create IPUIPlugin
2026-03-15 23:47:38,678 [INFO] PluginManager:220 - loadIPPluginJar : add linkedlist
2026-03-15 23:47:38,681 [INFO] IPUIPlugin:80 - create IPUIPlugin
2026-03-15 23:47:38,681 [INFO] PluginManager:220 - loadIPPluginJar : add dma
2026-03-15 23:47:38,683 [INFO] IPUIPlugin:80 - create IPUIPlugin
2026-03-15 23:47:38,684 [INFO] PluginManager:220 - loadIPPluginJar : add fmc
2026-03-15 23:47:38,685 [INFO] IPUIPlugin:80 - create IPUIPlugin
2026-03-15 23:47:38,685 [INFO] PluginManager:220 - loadIPPluginJar : add i2s
2026-03-15 23:47:38,687 [INFO] IPUIPlugin:80 - create IPUIPlugin
2026-03-15 23:47:38,687 [INFO] PluginManager:220 - loadIPPluginJar : add ucpd
2026-03-15 23:47:38,688 [INFO] IPUIPlugin:80 - create IPUIPlugin
2026-03-15 23:47:38,688 [INFO] PluginManager:220 - loadIPPluginJar : add lorawan
2026-03-15 23:47:38,689 [INFO] IPUIPlugin:80 - create IPUIPlugin
2026-03-15 23:47:38,690 [INFO] PluginManager:220 - loadIPPluginJar : add opamp
2026-03-15 23:47:38,691 [INFO] IPUIPlugin:80 - create IPUIPlugin
2026-03-15 23:47:38,691 [INFO] PluginManager:220 - loadIPPluginJar : add i3c
2026-03-15 23:47:38,693 [INFO] IPUIPlugin:80 - create IPUIPlugin
2026-03-15 23:47:38,695 [INFO] PluginManager:220 - loadIPPluginJar : add touchsensing
2026-03-15 23:47:38,697 [INFO] IPUIPlugin:80 - create IPUIPlugin
2026-03-15 23:47:38,697 [INFO] PluginManager:220 - loadIPPluginJar : add i2c
2026-03-15 23:47:38,699 [INFO] IPUIPlugin:80 - create IPUIPlugin
2026-03-15 23:47:38,700 [INFO] PluginManager:220 - loadIPPluginJar : add resmgrutility
2026-03-15 23:47:38,702 [INFO] IPUIPlugin:80 - create IPUIPlugin
2026-03-15 23:47:38,702 [INFO] PluginManager:220 - loadIPPluginJar : add sai
2026-03-15 23:47:38,707 [INFO] IPUIPlugin:80 - create IPUIPlugin
2026-03-15 23:47:38,707 [INFO] PluginManager:220 - loadIPPluginJar : add usbx
2026-03-15 23:47:38,831 [FATAL] Updater:351 - Updater called before beeing initialized
2026-03-15 23:47:38,873 [INFO] RulesReader:64 - Compatibility file has been processed (317 Rules)
2026-03-15 23:47:38,889 [INFO] RulesReader:64 - Compatibility file has been processed (317 Rules)
2026-03-15 23:47:38,896 [INFO] CADModel:165 - CPN selected for project level
2026-03-15 23:47:38,896 [INFO] CADModel:114 - Register for checkConnection events
2026-03-15 23:47:38,896 [FATAL] Updater:351 - Updater called before beeing initialized
2026-03-15 23:47:38,896 [ERROR] CADModel:125 - Updater not yet initialized, retry later 
2026-03-15 23:47:39,107 [FATAL] Updater:351 - Updater called before beeing initialized
2026-03-15 23:47:39,108 [INFO] CADModel:165 - CPN selected for project level
2026-03-15 23:47:39,108 [INFO] CADModel:114 - Register for checkConnection events
2026-03-15 23:47:39,108 [FATAL] Updater:351 - Updater called before beeing initialized
2026-03-15 23:47:39,108 [ERROR] CADModel:125 - Updater not yet initialized, retry later 
2026-03-15 23:47:39,110 [FATAL] Updater:351 - Updater called before beeing initialized
2026-03-15 23:47:39,257 [FATAL] Updater:351 - Updater called before beeing initialized
2026-03-15 23:47:39,261 [INFO] DbMcusAds:53 - JSON generation date=Thu Sep 30 12:25:09 IST 2021 (1632984909247)
2026-03-15 23:47:39,261 [FATAL] Updater:351 - Updater called before beeing initialized
2026-03-15 23:47:40,370 [WARN] DetailPanel:346 - Failed to get advertising image, set to default
2026-03-15 23:47:40,444 [FATAL] Updater:351 - Updater called before beeing initialized
2026-03-15 23:47:40,446 [FATAL] Updater:351 - Updater called before beeing initialized
2026-03-15 23:47:40,446 [FATAL] Updater:351 - Updater called before beeing initialized
2026-03-15 23:47:40,446 [WARN] DetailPanel:346 - Failed to get advertising image, set to default
2026-03-15 23:47:40,449 [FATAL] Updater:351 - Updater called before beeing initialized
2026-03-15 23:47:40,493 [ERROR] Updater:1198 - MainUpdater not yet initialized. External WinMGr cannot be set.
2026-03-15 23:47:40,496 [INFO] Updater:1134 - Updater Version found : 6.15.0
2026-03-15 23:47:40,508 [INFO] ApplicationProperties:184 - Using Application install path: /Applications/STM32CubeIDE.app/Contents/Eclipse/plugins/com.st.stm32cube.common.mx_6.15.0.202507011659
2026-03-15 23:47:40,740 [INFO] ThirdPartyUpdaterWithRetryManager:70 - Updater plugin not ready yet. [2/15]
2026-03-15 23:47:40,786 [INFO] MainUpdater:2872 - connection check result : 22
2026-03-15 23:47:40,787 [INFO] MainUpdater:289 - Updater Check For Update Now.
2026-03-15 23:47:40,787 [INFO] MicroXplorer:498 - Change Database Version : DB.6.0.150
2026-03-15 23:47:40,794 [INFO] McuFinderGlobals:63 - Set McuFinder mode to 2 (CubeIDE integrated)
2026-03-15 23:47:40,794 [INFO] UserAuth:171 - activating auth plugin
2026-03-15 23:47:40,805 [INFO] UserAuth:487 - Internet connection configuration mode: 2
2026-03-15 23:47:40,829 [INFO] UserAuth:487 - Internet connection configuration mode: 2
2026-03-15 23:47:41,053 [INFO] CheckServerUpdateThread:120 - End of CheckServer Thread
2026-03-15 23:47:43,828 [INFO] ThirdParty:978 - Integrity check success = true
2026-03-15 23:47:43,828 [INFO] IntegrityCheckThread:100 - exiting critical section [integrity check]
2026-03-15 23:47:43,828 [INFO] IntegrityCheckThread:103 - End integrity checks thread
