2026-03-20 15:45:13,151 [INFO] Activator:176 - 


2026-03-20 15:45:13,157 [INFO] Activator:177 - !SESSION log4j initialized
2026-03-20 15:45:21,445 [INFO] LogOutputStream:77 - [STDOUT_REDIRECT] 
2026-03-20 15:45:21,835 [ERROR] LogOutputStream:75 - [STDERR_REDIRECT] 
2026-03-20 15:45:23,161 [INFO] LogOutputStream:77 - [STDOUT_REDIRECT] 
2026-03-20 15:45:24,539 [ERROR] ConfigurationRetriever:142 - IOException on connection: PKIX path building failed: sun.security.provider.certpath.SunCertPathBuilderException: unable to find valid certification path to requested target
2026-03-20 15:45:24,602 [ERROR] ConfigurationRetriever:142 - IOException on connection: PKIX path building failed: sun.security.provider.certpath.SunCertPathBuilderException: unable to find valid certification path to requested target
2026-03-20 15:45:24,665 [ERROR] ConfigurationRetriever:142 - IOException on connection: PKIX path building failed: sun.security.provider.certpath.SunCertPathBuilderException: unable to find valid certification path to requested target
2026-03-20 15:45:24,914 [INFO] ApplicationProperties:184 - Using Application install path: /Applications/STM32CubeIDE.app/Contents/Eclipse/plugins/com.st.stm32cube.common.mx_6.15.0.202507011659
2026-03-20 15:45:24,927 [INFO] DbMcusXml:78 - Set database path to: /Applications/STM32CubeIDE.app/Contents/Eclipse/plugins/com.st.stm32cube.common.mx_6.15.0.202507011659//db//mcu/
2026-03-20 15:45:24,928 [INFO] ApiDb:274 - Set plugin database path to: /Applications/STM32CubeIDE.app/Contents/Eclipse/plugins/com.st.stm32cube.common.mx_6.15.0.202507011659//db//plugins/boardmanager/
2026-03-20 15:45:24,928 [WARN] ApiDb:259 - Overriding images path with different value:  => /Applications/STM32CubeIDE.app/Contents/Eclipse/plugins/com.st.stm32cube.common.mx_6.15.0.202507011659//db//plugins/mcufinder/images/
2026-03-20 15:45:24,936 [INFO] ApiDb:250 - Set database path to: /Users/ggpai/.stmcufinder/plugins/mcufinder//mcu/
2026-03-20 15:45:24,937 [INFO] DbMcusAds:125 - Set database path to: /Users/ggpai/.stmcufinder/plugins/mcufinder//mcu/
2026-03-20 15:45:24,938 [INFO] CrossReferenceDbSqlite:203 - Set database path to: /Users/ggpai/.stmcufinder/plugins/mcufinder//mcu/cs/
2026-03-20 15:45:25,061 [INFO] RulesReader:64 - Compatibility file has been processed (317 Rules)
2026-03-20 15:45:25,109 [INFO] DbMcusXml:78 - Set database path to: /Applications/STM32CubeIDE.app/Contents/Eclipse/plugins/com.st.stm32cube.common.mx_6.15.0.202507011659//db//mcu/
2026-03-20 15:45:25,109 [INFO] ApiDb:274 - Set plugin database path to: /Applications/STM32CubeIDE.app/Contents/Eclipse/plugins/com.st.stm32cube.common.mx_6.15.0.202507011659//db//plugins/boardmanager/
2026-03-20 15:45:25,110 [INFO] ApiDb:261 - Set plugin images path to: /Applications/STM32CubeIDE.app/Contents/Eclipse/plugins/com.st.stm32cube.common.mx_6.15.0.202507011659//db//plugins/mcufinder/images/
2026-03-20 15:45:25,110 [WARN] DbFile:41 - Overriding database path with different value: /Users/ggpai/.stmcufinder/plugins/mcufinder/ => /Users/ggpai/.stmcufinder/plugins/mcufinder
2026-03-20 15:45:25,110 [INFO] ApiDb:250 - Set database path to: /Users/ggpai/.stmcufinder/plugins/mcufinder//mcu/
2026-03-20 15:45:25,110 [WARN] DbFile:41 - Overriding database path with different value: /Users/ggpai/.stmcufinder/plugins/mcufinder/ => /Users/ggpai/.stmcufinder/plugins/mcufinder
2026-03-20 15:45:25,110 [INFO] DbMcusAds:125 - Set database path to: /Users/ggpai/.stmcufinder/plugins/mcufinder//mcu/
2026-03-20 15:45:25,110 [WARN] DbFile:41 - Overriding database path with different value: /Users/ggpai/.stmcufinder/plugins/mcufinder/ => /Users/ggpai/.stmcufinder/plugins/mcufinder
2026-03-20 15:45:25,110 [WARN] DbFile:41 - Overriding database path with different value: /Users/ggpai/.stmcufinder/plugins/mcufinder/ => /Users/ggpai/.stmcufinder/plugins/mcufinder
2026-03-20 15:45:25,111 [INFO] CrossReferenceDbSqlite:203 - Set database path to: /Users/ggpai/.stmcufinder/plugins/mcufinder//mcu/cs/
2026-03-20 15:45:25,175 [INFO] MainPanel:274 - HeapMemory: 268435456
2026-03-20 15:45:25,745 [INFO] DbMcusXml:78 - Set database path to: /Applications/STM32CubeIDE.app/Contents/Eclipse/plugins/com.st.stm32cube.common.mx_6.15.0.202507011659//db//mcu/
2026-03-20 15:45:25,745 [INFO] ApiDb:274 - Set plugin database path to: /Applications/STM32CubeIDE.app/Contents/Eclipse/plugins/com.st.stm32cube.common.mx_6.15.0.202507011659//db//plugins/boardmanager/
2026-03-20 15:45:25,745 [INFO] ApiDb:261 - Set plugin images path to: /Applications/STM32CubeIDE.app/Contents/Eclipse/plugins/com.st.stm32cube.common.mx_6.15.0.202507011659//db//plugins/mcufinder/images/
2026-03-20 15:45:25,746 [WARN] DbFile:41 - Overriding database path with different value: /Users/ggpai/.stmcufinder/plugins/mcufinder/ => /Users/ggpai/.stmcufinder/plugins/mcufinder
2026-03-20 15:45:25,746 [INFO] ApiDb:250 - Set database path to: /Users/ggpai/.stmcufinder/plugins/mcufinder//mcu/
2026-03-20 15:45:25,746 [WARN] DbFile:41 - Overriding database path with different value: /Users/ggpai/.stmcufinder/plugins/mcufinder/ => /Users/ggpai/.stmcufinder/plugins/mcufinder
2026-03-20 15:45:25,746 [INFO] DbMcusAds:125 - Set database path to: /Users/ggpai/.stmcufinder/plugins/mcufinder//mcu/
2026-03-20 15:45:25,746 [WARN] DbFile:41 - Overriding database path with different value: /Users/ggpai/.stmcufinder/plugins/mcufinder/ => /Users/ggpai/.stmcufinder/plugins/mcufinder
2026-03-20 15:45:25,746 [WARN] DbFile:41 - Overriding database path with different value: /Users/ggpai/.stmcufinder/plugins/mcufinder/ => /Users/ggpai/.stmcufinder/plugins/mcufinder
2026-03-20 15:45:25,746 [INFO] CrossReferenceDbSqlite:203 - Set database path to: /Users/ggpai/.stmcufinder/plugins/mcufinder//mcu/cs/
2026-03-20 15:45:25,763 [INFO] ApplicationProperties:184 - Using Application install path: /Applications/STM32CubeIDE.app/Contents/Eclipse/plugins/com.st.stm32cube.common.mx_6.15.0.202507011659
2026-03-20 15:45:25,764 [INFO] PluginManage:196 - Search for loadable plugins [exclusion list=, ]
2026-03-20 15:45:25,766 [INFO] PluginManage:310 - Check plugin analytics
2026-03-20 15:45:25,960 [INFO] AnalyticsPlugin:253 - Accepted Software Licenses: STM32CubeMX.6.17.0
2026-03-20 15:45:25,960 [INFO] AnalyticsPlugin:255 - Accepted CMSIS Pack Licenses: 
2026-03-20 15:45:25,961 [INFO] AnalyticsPlugin:257 - Accepted Firmware Licenses: 
2026-03-20 15:45:25,970 [INFO] PluginManage:359 - Loaded plugin analytics (category:tool,tabindex:-1)
2026-03-20 15:45:25,970 [INFO] PluginManage:310 - Check plugin cadmodel
2026-03-20 15:45:25,983 [INFO] CADModel:105 - Init CAD model plugin
2026-03-20 15:45:25,983 [INFO] PluginManage:359 - Loaded plugin cadmodel (category:power,tabindex:5)
2026-03-20 15:45:25,983 [INFO] PluginManage:310 - Check plugin clock
2026-03-20 15:45:25,991 [INFO] PluginManage:359 - Loaded plugin clock (category:base,tabindex:2)
2026-03-20 15:45:25,991 [INFO] PluginManage:310 - Check plugin ddr
2026-03-20 15:45:25,993 [INFO] PluginManage:359 - Loaded plugin ddr (category:tool,tabindex:6)
2026-03-20 15:45:25,993 [INFO] PluginManage:310 - Check plugin filemanager
2026-03-20 15:45:26,029 [ERROR] ConfigurationRetriever:142 - IOException on connection: PKIX path building failed: sun.security.provider.certpath.SunCertPathBuilderException: unable to find valid certification path to requested target
2026-03-20 15:45:26,074 [ERROR] ConfigurationRetriever:142 - IOException on connection: PKIX path building failed: sun.security.provider.certpath.SunCertPathBuilderException: unable to find valid certification path to requested target
2026-03-20 15:45:26,129 [ERROR] ConfigurationRetriever:142 - IOException on connection: PKIX path building failed: sun.security.provider.certpath.SunCertPathBuilderException: unable to find valid certification path to requested target
2026-03-20 15:45:26,141 [INFO] PluginManage:359 - Loaded plugin filemanager (category:base,tabindex:10)
2026-03-20 15:45:26,142 [INFO] PluginManage:310 - Check plugin ipmanager
2026-03-20 15:45:26,151 [INFO] PluginManage:359 - Loaded plugin ipmanager (category:base,tabindex:5)
2026-03-20 15:45:26,152 [INFO] PluginManage:310 - Check plugin lpbam
2026-03-20 15:45:26,163 [INFO] PluginManage:359 - Loaded plugin lpbam (category:base,tabindex:0)
2026-03-20 15:45:26,163 [INFO] PluginManage:310 - Check plugin memorymap
2026-03-20 15:45:26,171 [INFO] PluginManage:359 - Loaded plugin memorymap (category:base,tabindex:4)
2026-03-20 15:45:26,172 [INFO] PluginManage:310 - Check plugin pinoutandconfiguration
2026-03-20 15:45:26,178 [INFO] PluginManage:359 - Loaded plugin pinoutandconfiguration (category:base,tabindex:1)
2026-03-20 15:45:26,178 [INFO] PluginManage:310 - Check plugin pinoutconfig
2026-03-20 15:45:26,255 [WARN] SupportedApi:132 - Cannot load RTOS API schema: s4s-elt-must-match.1: The content of 'definitions' must match (annotation?, (simpleType | complexType)?, (unique | key | keyref)*)). A problem was found starting at: attribute.
2026-03-20 15:45:26,390 [INFO] PluginManage:359 - Loaded plugin pinoutconfig (category:base,tabindex:0)
2026-03-20 15:45:26,390 [INFO] PluginManage:310 - Check plugin power
2026-03-20 15:45:26,402 [INFO] PluginManage:359 - Loaded plugin power (category:power,tabindex:4)
2026-03-20 15:45:26,402 [INFO] PluginManage:310 - Check plugin projectmanager
2026-03-20 15:45:26,429 [INFO] PluginManage:359 - Loaded plugin projectmanager (category:projectmanager,tabindex:4)
2026-03-20 15:45:26,430 [INFO] PluginManage:310 - Check plugin rif
2026-03-20 15:45:26,453 [INFO] PluginManage:359 - Loaded plugin rif (category:base,tabindex:3)
2026-03-20 15:45:26,454 [INFO] PluginManage:310 - Check plugin thirdparty
2026-03-20 15:45:26,607 [INFO] PluginManage:359 - Loaded plugin thirdparty (category:base,tabindex:-1)
2026-03-20 15:45:26,607 [INFO] PluginManage:310 - Check plugin tools
2026-03-20 15:45:26,607 [WARN] IntegrityCheckThread:84 - waiting for thirdparty lock release [integrity check]
2026-03-20 15:45:26,608 [INFO] IntegrityCheckThread:86 - entering critical section [integrity check]
2026-03-20 15:45:26,608 [INFO] ThirdPartyUpdaterWithRetryManager:70 - Updater plugin not ready yet. [1/15]
2026-03-20 15:45:26,609 [INFO] PluginManage:359 - Loaded plugin tools (category:base,tabindex:7)
2026-03-20 15:45:26,609 [INFO] PluginManage:310 - Check plugin tutovideos
2026-03-20 15:45:26,770 [INFO] PluginManage:359 - Loaded plugin tutovideos (category:base,tabindex:-1)
2026-03-20 15:45:26,770 [INFO] PluginManage:310 - Check plugin updater
2026-03-20 15:45:26,797 [INFO] PluginManage:359 - Loaded plugin updater (category:base,tabindex:12)
2026-03-20 15:45:26,797 [INFO] PluginManage:310 - Check plugin userauth
2026-03-20 15:45:26,801 [INFO] UserAuth:118 - Init User Auth plugin
2026-03-20 15:45:26,801 [INFO] PluginManage:359 - Loaded plugin userauth (category:base,tabindex:14)
2026-03-20 15:45:26,803 [INFO] PluginManage:283 - PluginManage : Loaded plugins [18]
2026-03-20 15:45:27,037 [INFO] PinOutPanel:1589 - setPackage(No Configuration,No Configuration)
2026-03-20 15:45:27,124 [INFO] CADModel:165 - CPN selected for project level
2026-03-20 15:45:27,125 [INFO] CADModel:114 - Register for checkConnection events
2026-03-20 15:45:27,139 [INFO] IPUIPlugin:80 - create IPUIPlugin
2026-03-20 15:45:27,139 [INFO] PluginManager:220 - loadIPPluginJar : add mdma
2026-03-20 15:45:27,145 [INFO] IPUIPlugin:80 - create IPUIPlugin
2026-03-20 15:45:27,145 [INFO] PluginManager:220 - loadIPPluginJar : add freertos
2026-03-20 15:45:27,149 [INFO] IPUIPlugin:80 - create IPUIPlugin
2026-03-20 15:45:27,151 [INFO] PluginManager:220 - loadIPPluginJar : add gic
2026-03-20 15:45:27,159 [INFO] IPUIPlugin:80 - create IPUIPlugin
2026-03-20 15:45:27,159 [INFO] PluginManager:220 - loadIPPluginJar : add adc
2026-03-20 15:45:27,161 [INFO] IPUIPlugin:80 - create IPUIPlugin
2026-03-20 15:45:27,161 [INFO] PluginManager:220 - loadIPPluginJar : add gtzc
2026-03-20 15:45:27,163 [INFO] IPUIPlugin:80 - create IPUIPlugin
2026-03-20 15:45:27,163 [INFO] PluginManager:220 - loadIPPluginJar : add quadspi
2026-03-20 15:45:27,164 [INFO] IPUIPlugin:80 - create IPUIPlugin
2026-03-20 15:45:27,165 [INFO] PluginManager:220 - loadIPPluginJar : add aes
2026-03-20 15:45:27,166 [INFO] IPUIPlugin:80 - create IPUIPlugin
2026-03-20 15:45:27,167 [INFO] PluginManager:220 - loadIPPluginJar : add pdm2pcm
2026-03-20 15:45:27,168 [INFO] IPUIPlugin:80 - create IPUIPlugin
2026-03-20 15:45:27,168 [INFO] PluginManager:220 - loadIPPluginJar : add hash
2026-03-20 15:45:27,170 [INFO] IPUIPlugin:80 - create IPUIPlugin
2026-03-20 15:45:27,170 [INFO] PluginManager:220 - loadIPPluginJar : add tim
2026-03-20 15:45:27,171 [INFO] IPUIPlugin:80 - create IPUIPlugin
2026-03-20 15:45:27,171 [INFO] PluginManager:220 - loadIPPluginJar : add tsc
2026-03-20 15:45:27,173 [INFO] IPUIPlugin:80 - create IPUIPlugin
2026-03-20 15:45:27,173 [INFO] PluginManager:220 - loadIPPluginJar : add extmemmanager
2026-03-20 15:45:27,175 [INFO] IPUIPlugin:80 - create IPUIPlugin
2026-03-20 15:45:27,175 [INFO] PluginManager:220 - loadIPPluginJar : add ts
2026-03-20 15:45:27,176 [INFO] IPUIPlugin:80 - create IPUIPlugin
2026-03-20 15:45:27,177 [INFO] PluginManager:220 - loadIPPluginJar : add radio
2026-03-20 15:45:27,178 [INFO] IPUIPlugin:80 - create IPUIPlugin
2026-03-20 15:45:27,178 [INFO] PluginManager:220 - loadIPPluginJar : add can
2026-03-20 15:45:27,180 [INFO] IPUIPlugin:80 - create IPUIPlugin
2026-03-20 15:45:27,180 [INFO] PluginManager:220 - loadIPPluginJar : add dma3
2026-03-20 15:45:27,182 [INFO] IPUIPlugin:80 - create IPUIPlugin
2026-03-20 15:45:27,182 [INFO] PluginManager:220 - loadIPPluginJar : add dfsdm
2026-03-20 15:45:27,183 [INFO] IPUIPlugin:80 - create IPUIPlugin
2026-03-20 15:45:27,184 [INFO] PluginManager:220 - loadIPPluginJar : add spi
2026-03-20 15:45:27,185 [INFO] IPUIPlugin:80 - create IPUIPlugin
2026-03-20 15:45:27,185 [INFO] PluginManager:220 - loadIPPluginJar : add gfxmmu
2026-03-20 15:45:27,186 [INFO] IPUIPlugin:80 - create IPUIPlugin
2026-03-20 15:45:27,187 [INFO] PluginManager:220 - loadIPPluginJar : add genericplugin
2026-03-20 15:45:27,188 [INFO] IPUIPlugin:80 - create IPUIPlugin
2026-03-20 15:45:27,188 [INFO] PluginManager:220 - loadIPPluginJar : add cryp
2026-03-20 15:45:27,191 [INFO] IPUIPlugin:80 - create IPUIPlugin
2026-03-20 15:45:27,191 [INFO] PluginManager:220 - loadIPPluginJar : add gpio
2026-03-20 15:45:27,194 [INFO] IPUIPlugin:80 - create IPUIPlugin
2026-03-20 15:45:27,195 [INFO] PluginManager:220 - loadIPPluginJar : add ddr_ctrl_phy
2026-03-20 15:45:27,197 [INFO] IPUIPlugin:80 - create IPUIPlugin
2026-03-20 15:45:27,197 [INFO] PluginManager:220 - loadIPPluginJar : add comp
2026-03-20 15:45:27,199 [INFO] IPUIPlugin:80 - create IPUIPlugin
2026-03-20 15:45:27,199 [INFO] PluginManager:220 - loadIPPluginJar : add tracer_emb
2026-03-20 15:45:27,200 [INFO] IPUIPlugin:80 - create IPUIPlugin
2026-03-20 15:45:27,201 [INFO] PluginManager:220 - loadIPPluginJar : add openamp
2026-03-20 15:45:27,205 [INFO] IPUIPlugin:80 - create IPUIPlugin
2026-03-20 15:45:27,205 [INFO] PluginManager:220 - loadIPPluginJar : add stm32_wpan
2026-03-20 15:45:27,209 [INFO] IPUIPlugin:80 - create IPUIPlugin
2026-03-20 15:45:27,210 [INFO] PluginManager:220 - loadIPPluginJar : add plateformsettings
2026-03-20 15:45:27,213 [INFO] IPUIPlugin:80 - create IPUIPlugin
2026-03-20 15:45:27,213 [INFO] PluginManager:220 - loadIPPluginJar : add ipddr
2026-03-20 15:45:27,215 [INFO] IPUIPlugin:80 - create IPUIPlugin
2026-03-20 15:45:27,215 [INFO] PluginManager:220 - loadIPPluginJar : add usart
2026-03-20 15:45:27,216 [INFO] IPUIPlugin:80 - create IPUIPlugin
2026-03-20 15:45:27,216 [INFO] PluginManager:220 - loadIPPluginJar : add ltdc
2026-03-20 15:45:27,219 [INFO] IPUIPlugin:80 - create IPUIPlugin
2026-03-20 15:45:27,219 [INFO] PluginManager:220 - loadIPPluginJar : add nvic
2026-03-20 15:45:27,221 [INFO] IPUIPlugin:80 - create IPUIPlugin
2026-03-20 15:45:27,221 [INFO] PluginManager:220 - loadIPPluginJar : add fatfs
2026-03-20 15:45:27,226 [INFO] IPUIPlugin:80 - create IPUIPlugin
2026-03-20 15:45:27,226 [INFO] PluginManager:220 - loadIPPluginJar : add linkedlist
2026-03-20 15:45:27,230 [INFO] IPUIPlugin:80 - create IPUIPlugin
2026-03-20 15:45:27,230 [INFO] PluginManager:220 - loadIPPluginJar : add dma
2026-03-20 15:45:27,233 [INFO] IPUIPlugin:80 - create IPUIPlugin
2026-03-20 15:45:27,233 [INFO] PluginManager:220 - loadIPPluginJar : add fmc
2026-03-20 15:45:27,235 [INFO] IPUIPlugin:80 - create IPUIPlugin
2026-03-20 15:45:27,235 [INFO] PluginManager:220 - loadIPPluginJar : add i2s
2026-03-20 15:45:27,237 [INFO] IPUIPlugin:80 - create IPUIPlugin
2026-03-20 15:45:27,237 [INFO] PluginManager:220 - loadIPPluginJar : add ucpd
2026-03-20 15:45:27,238 [INFO] IPUIPlugin:80 - create IPUIPlugin
2026-03-20 15:45:27,239 [INFO] PluginManager:220 - loadIPPluginJar : add lorawan
2026-03-20 15:45:27,241 [INFO] IPUIPlugin:80 - create IPUIPlugin
2026-03-20 15:45:27,241 [INFO] PluginManager:220 - loadIPPluginJar : add opamp
2026-03-20 15:45:27,243 [INFO] IPUIPlugin:80 - create IPUIPlugin
2026-03-20 15:45:27,243 [INFO] PluginManager:220 - loadIPPluginJar : add i3c
2026-03-20 15:45:27,245 [INFO] IPUIPlugin:80 - create IPUIPlugin
2026-03-20 15:45:27,245 [INFO] PluginManager:220 - loadIPPluginJar : add touchsensing
2026-03-20 15:45:27,247 [INFO] IPUIPlugin:80 - create IPUIPlugin
2026-03-20 15:45:27,248 [INFO] PluginManager:220 - loadIPPluginJar : add i2c
2026-03-20 15:45:27,250 [INFO] IPUIPlugin:80 - create IPUIPlugin
2026-03-20 15:45:27,250 [INFO] PluginManager:220 - loadIPPluginJar : add resmgrutility
2026-03-20 15:45:27,252 [INFO] IPUIPlugin:80 - create IPUIPlugin
2026-03-20 15:45:27,252 [INFO] PluginManager:220 - loadIPPluginJar : add sai
2026-03-20 15:45:27,254 [INFO] IPUIPlugin:80 - create IPUIPlugin
2026-03-20 15:45:27,254 [INFO] PluginManager:220 - loadIPPluginJar : add usbx
2026-03-20 15:45:27,374 [FATAL] Updater:351 - Updater called before beeing initialized
2026-03-20 15:45:27,413 [INFO] RulesReader:64 - Compatibility file has been processed (317 Rules)
2026-03-20 15:45:27,424 [INFO] RulesReader:64 - Compatibility file has been processed (317 Rules)
2026-03-20 15:45:27,431 [INFO] CADModel:165 - CPN selected for project level
2026-03-20 15:45:27,431 [INFO] CADModel:114 - Register for checkConnection events
2026-03-20 15:45:27,431 [FATAL] Updater:351 - Updater called before beeing initialized
2026-03-20 15:45:27,431 [ERROR] CADModel:125 - Updater not yet initialized, retry later 
2026-03-20 15:45:27,635 [FATAL] Updater:351 - Updater called before beeing initialized
2026-03-20 15:45:27,637 [INFO] CADModel:165 - CPN selected for project level
2026-03-20 15:45:27,637 [INFO] CADModel:114 - Register for checkConnection events
2026-03-20 15:45:27,637 [FATAL] Updater:351 - Updater called before beeing initialized
2026-03-20 15:45:27,637 [ERROR] CADModel:125 - Updater not yet initialized, retry later 
2026-03-20 15:45:27,639 [FATAL] Updater:351 - Updater called before beeing initialized
2026-03-20 15:45:27,783 [FATAL] Updater:351 - Updater called before beeing initialized
2026-03-20 15:45:27,788 [INFO] DbMcusAds:53 - JSON generation date=Thu Sep 30 12:25:09 IST 2021 (1632984909247)
2026-03-20 15:45:27,788 [FATAL] Updater:351 - Updater called before beeing initialized
2026-03-20 15:45:27,845 [WARN] DetailPanel:346 - Failed to get advertising image, set to default
2026-03-20 15:45:27,921 [FATAL] Updater:351 - Updater called before beeing initialized
2026-03-20 15:45:27,923 [FATAL] Updater:351 - Updater called before beeing initialized
2026-03-20 15:45:27,924 [FATAL] Updater:351 - Updater called before beeing initialized
2026-03-20 15:45:27,924 [WARN] DetailPanel:346 - Failed to get advertising image, set to default
2026-03-20 15:45:27,928 [FATAL] Updater:351 - Updater called before beeing initialized
2026-03-20 15:45:27,978 [ERROR] Updater:1198 - MainUpdater not yet initialized. External WinMGr cannot be set.
2026-03-20 15:45:27,981 [INFO] Updater:1134 - Updater Version found : 6.15.0
2026-03-20 15:45:27,994 [INFO] ApplicationProperties:184 - Using Application install path: /Applications/STM32CubeIDE.app/Contents/Eclipse/plugins/com.st.stm32cube.common.mx_6.15.0.202507011659
2026-03-20 15:45:28,691 [INFO] MainUpdater:2872 - connection check result : 22
2026-03-20 15:45:28,692 [INFO] MainUpdater:289 - Updater Check For Update Now.
2026-03-20 15:45:28,692 [INFO] MicroXplorer:498 - Change Database Version : DB.6.0.150
2026-03-20 15:45:28,698 [INFO] McuFinderGlobals:63 - Set McuFinder mode to 2 (CubeIDE integrated)
2026-03-20 15:45:28,698 [INFO] UserAuth:171 - activating auth plugin
2026-03-20 15:45:28,707 [INFO] UserAuth:487 - Internet connection configuration mode: 2
2026-03-20 15:45:28,738 [INFO] UserAuth:487 - Internet connection configuration mode: 2
2026-03-20 15:45:28,957 [INFO] CheckServerUpdateThread:120 - End of CheckServer Thread
2026-03-20 15:45:29,731 [INFO] ThirdParty:978 - Integrity check success = true
2026-03-20 15:45:29,731 [INFO] IntegrityCheckThread:100 - exiting critical section [integrity check]
2026-03-20 15:45:29,731 [INFO] IntegrityCheckThread:103 - End integrity checks thread
2026-03-20 18:06:55,241 [ERROR] ConfigurationRetriever:142 - IOException on connection: PKIX path building failed: sun.security.provider.certpath.SunCertPathBuilderException: unable to find valid certification path to requested target
2026-03-20 18:06:55,318 [ERROR] ConfigurationRetriever:142 - IOException on connection: PKIX path building failed: sun.security.provider.certpath.SunCertPathBuilderException: unable to find valid certification path to requested target
2026-03-20 18:06:55,387 [ERROR] ConfigurationRetriever:142 - IOException on connection: PKIX path building failed: sun.security.provider.certpath.SunCertPathBuilderException: unable to find valid certification path to requested target
