2026-03-10 18:58:46,630 [INFO] Activator:176 - 


2026-03-10 18:58:46,633 [INFO] Activator:177 - !SESSION log4j initialized
2026-03-10 18:58:49,352 [INFO] LogOutputStream:77 - [STDOUT_REDIRECT] 
2026-03-10 18:58:50,042 [ERROR] ConfigurationRetriever:142 - IOException on connection: PKIX path building failed: sun.security.provider.certpath.SunCertPathBuilderException: unable to find valid certification path to requested target
2026-03-10 18:58:50,079 [ERROR] ConfigurationRetriever:142 - IOException on connection: PKIX path building failed: sun.security.provider.certpath.SunCertPathBuilderException: unable to find valid certification path to requested target
2026-03-10 18:58:50,115 [ERROR] ConfigurationRetriever:142 - IOException on connection: PKIX path building failed: sun.security.provider.certpath.SunCertPathBuilderException: unable to find valid certification path to requested target
2026-03-10 19:08:01,594 [ERROR] ConfigurationRetriever:142 - IOException on connection: PKIX path building failed: sun.security.provider.certpath.SunCertPathBuilderException: unable to find valid certification path to requested target
2026-03-10 19:08:01,645 [ERROR] ConfigurationRetriever:142 - IOException on connection: PKIX path building failed: sun.security.provider.certpath.SunCertPathBuilderException: unable to find valid certification path to requested target
2026-03-10 19:08:01,684 [ERROR] ConfigurationRetriever:142 - IOException on connection: PKIX path building failed: sun.security.provider.certpath.SunCertPathBuilderException: unable to find valid certification path to requested target
2026-03-10 19:08:01,725 [ERROR] LogOutputStream:75 - [STDERR_REDIRECT] 
2026-03-10 19:10:13,869 [INFO] Activator:176 - 


2026-03-10 19:10:13,871 [INFO] Activator:177 - !SESSION log4j initialized
2026-03-10 19:10:17,499 [INFO] LogOutputStream:77 - [STDOUT_REDIRECT] 
2026-03-10 19:10:18,233 [ERROR] ConfigurationRetriever:142 - IOException on connection: PKIX path building failed: sun.security.provider.certpath.SunCertPathBuilderException: unable to find valid certification path to requested target
2026-03-10 19:10:18,273 [ERROR] ConfigurationRetriever:142 - IOException on connection: PKIX path building failed: sun.security.provider.certpath.SunCertPathBuilderException: unable to find valid certification path to requested target
2026-03-10 19:10:18,314 [ERROR] ConfigurationRetriever:142 - IOException on connection: PKIX path building failed: sun.security.provider.certpath.SunCertPathBuilderException: unable to find valid certification path to requested target
2026-03-10 19:22:08,428 [ERROR] ConfigurationRetriever:142 - IOException on connection: PKIX path building failed: sun.security.provider.certpath.SunCertPathBuilderException: unable to find valid certification path to requested target
2026-03-10 19:22:08,478 [ERROR] ConfigurationRetriever:142 - IOException on connection: PKIX path building failed: sun.security.provider.certpath.SunCertPathBuilderException: unable to find valid certification path to requested target
2026-03-10 19:22:08,515 [ERROR] ConfigurationRetriever:142 - IOException on connection: PKIX path building failed: sun.security.provider.certpath.SunCertPathBuilderException: unable to find valid certification path to requested target
2026-03-10 19:22:08,573 [ERROR] LogOutputStream:75 - [STDERR_REDIRECT] 
2026-03-10 19:22:23,177 [INFO] Activator:176 - 


2026-03-10 19:22:23,179 [INFO] Activator:177 - !SESSION log4j initialized
2026-03-10 19:22:26,456 [INFO] LogOutputStream:77 - [STDOUT_REDIRECT] 
2026-03-10 19:22:27,013 [ERROR] ConfigurationRetriever:142 - IOException on connection: PKIX path building failed: sun.security.provider.certpath.SunCertPathBuilderException: unable to find valid certification path to requested target
2026-03-10 19:22:27,076 [ERROR] ConfigurationRetriever:142 - IOException on connection: PKIX path building failed: sun.security.provider.certpath.SunCertPathBuilderException: unable to find valid certification path to requested target
2026-03-10 19:22:27,116 [ERROR] ConfigurationRetriever:142 - IOException on connection: PKIX path building failed: sun.security.provider.certpath.SunCertPathBuilderException: unable to find valid certification path to requested target
2026-03-10 19:26:36,335 [ERROR] ConfigurationRetriever:142 - IOException on connection: PKIX path building failed: sun.security.provider.certpath.SunCertPathBuilderException: unable to find valid certification path to requested target
2026-03-10 19:26:36,401 [ERROR] ConfigurationRetriever:142 - IOException on connection: PKIX path building failed: sun.security.provider.certpath.SunCertPathBuilderException: unable to find valid certification path to requested target
2026-03-10 19:26:36,455 [ERROR] ConfigurationRetriever:142 - IOException on connection: PKIX path building failed: sun.security.provider.certpath.SunCertPathBuilderException: unable to find valid certification path to requested target
2026-03-10 19:26:36,495 [ERROR] LogOutputStream:75 - [STDERR_REDIRECT] 
2026-03-10 19:26:48,983 [INFO] Activator:176 - 


2026-03-10 19:26:48,985 [INFO] Activator:177 - !SESSION log4j initialized
2026-03-10 19:26:52,290 [INFO] LogOutputStream:77 - [STDOUT_REDIRECT] 
2026-03-10 19:26:52,877 [ERROR] ConfigurationRetriever:142 - IOException on connection: PKIX path building failed: sun.security.provider.certpath.SunCertPathBuilderException: unable to find valid certification path to requested target
2026-03-10 19:26:52,919 [ERROR] ConfigurationRetriever:142 - IOException on connection: PKIX path building failed: sun.security.provider.certpath.SunCertPathBuilderException: unable to find valid certification path to requested target
2026-03-10 19:26:52,956 [ERROR] ConfigurationRetriever:142 - IOException on connection: PKIX path building failed: sun.security.provider.certpath.SunCertPathBuilderException: unable to find valid certification path to requested target
2026-03-10 19:28:24,220 [ERROR] ConfigurationRetriever:142 - IOException on connection: PKIX path building failed: sun.security.provider.certpath.SunCertPathBuilderException: unable to find valid certification path to requested target
2026-03-10 19:28:24,330 [ERROR] ConfigurationRetriever:142 - IOException on connection: PKIX path building failed: sun.security.provider.certpath.SunCertPathBuilderException: unable to find valid certification path to requested target
2026-03-10 19:28:24,385 [ERROR] ConfigurationRetriever:142 - IOException on connection: PKIX path building failed: sun.security.provider.certpath.SunCertPathBuilderException: unable to find valid certification path to requested target
2026-03-10 19:28:24,429 [ERROR] LogOutputStream:75 - [STDERR_REDIRECT] 
2026-03-10 19:36:09,311 [INFO] Activator:176 - 


2026-03-10 19:36:09,313 [INFO] Activator:177 - !SESSION log4j initialized
2026-03-10 19:36:14,010 [INFO] LogOutputStream:77 - [STDOUT_REDIRECT] 
2026-03-10 19:36:14,406 [INFO] LogOutputStream:77 - [STDOUT_REDIRECT] Start the detection of the machine's architecture
2026-03-10 19:36:15,423 [INFO] LogOutputStream:77 - [STDOUT_REDIRECT] use arm architecture
2026-03-10 19:36:15,423 [INFO] LogOutputStream:77 - [STDOUT_REDIRECT] Architecture: Apple Silicon (ARM64)
2026-03-10 19:36:20,434 [ERROR] ConfigurationRetriever:142 - IOException on connection: (certificate_unknown) PKIX path building failed: sun.security.provider.certpath.SunCertPathBuilderException: unable to find valid certification path to requested target
2026-03-10 19:36:20,471 [ERROR] ConfigurationRetriever:142 - IOException on connection: (certificate_unknown) PKIX path building failed: sun.security.provider.certpath.SunCertPathBuilderException: unable to find valid certification path to requested target
2026-03-10 19:36:20,525 [ERROR] ConfigurationRetriever:142 - IOException on connection: (certificate_unknown) PKIX path building failed: sun.security.provider.certpath.SunCertPathBuilderException: unable to find valid certification path to requested target
2026-03-10 23:20:29,050 [ERROR] ConfigurationRetriever:142 - IOException on connection: (certificate_unknown) PKIX path building failed: sun.security.provider.certpath.SunCertPathBuilderException: unable to find valid certification path to requested target
2026-03-10 23:20:29,101 [ERROR] ConfigurationRetriever:142 - IOException on connection: (certificate_unknown) PKIX path building failed: sun.security.provider.certpath.SunCertPathBuilderException: unable to find valid certification path to requested target
2026-03-10 23:20:29,143 [ERROR] ConfigurationRetriever:142 - IOException on connection: (certificate_unknown) PKIX path building failed: sun.security.provider.certpath.SunCertPathBuilderException: unable to find valid certification path to requested target
2026-03-10 23:20:30,796 [ERROR] LogOutputStream:75 - [STDERR_REDIRECT] 
