2026-03-17 17:17:18,352 [INFO] Activator:176 - 


2026-03-17 17:17:18,357 [INFO] Activator:177 - !SESSION log4j initialized
2026-03-17 17:17:22,807 [INFO] LogOutputStream:77 - [STDOUT_REDIRECT] 
2026-03-17 17:17:23,375 [ERROR] LogOutputStream:75 - [STDERR_REDIRECT] 
2026-03-17 17:17:27,456 [INFO] LogOutputStream:77 - [STDOUT_REDIRECT] 
2026-03-17 17:17:27,965 [ERROR] ConfigurationRetriever:142 - IOException on connection: PKIX path building failed: sun.security.provider.certpath.SunCertPathBuilderException: unable to find valid certification path to requested target
2026-03-17 17:17:28,014 [ERROR] ConfigurationRetriever:142 - IOException on connection: PKIX path building failed: sun.security.provider.certpath.SunCertPathBuilderException: unable to find valid certification path to requested target
2026-03-17 17:17:28,058 [ERROR] ConfigurationRetriever:142 - IOException on connection: PKIX path building failed: sun.security.provider.certpath.SunCertPathBuilderException: unable to find valid certification path to requested target
2026-03-17 17:17:28,393 [INFO] ApplicationProperties:184 - Using Application install path: /Applications/STM32CubeIDE.app/Contents/Eclipse/plugins/com.st.stm32cube.common.mx_6.15.0.202507011659
2026-03-17 17:17:28,422 [INFO] DbMcusXml:78 - Set database path to: /Applications/STM32CubeIDE.app/Contents/Eclipse/plugins/com.st.stm32cube.common.mx_6.15.0.202507011659//db//mcu/
2026-03-17 17:17:28,422 [INFO] ApiDb:274 - Set plugin database path to: /Applications/STM32CubeIDE.app/Contents/Eclipse/plugins/com.st.stm32cube.common.mx_6.15.0.202507011659//db//plugins/boardmanager/
2026-03-17 17:17:28,425 [WARN] ApiDb:259 - Overriding images path with different value:  => /Applications/STM32CubeIDE.app/Contents/Eclipse/plugins/com.st.stm32cube.common.mx_6.15.0.202507011659//db//plugins/mcufinder/images/
2026-03-17 17:17:28,442 [INFO] ApiDb:250 - Set database path to: /Users/ggpai/.stmcufinder/plugins/mcufinder//mcu/
2026-03-17 17:17:28,442 [INFO] DbMcusAds:125 - Set database path to: /Users/ggpai/.stmcufinder/plugins/mcufinder//mcu/
2026-03-17 17:17:28,444 [INFO] CrossReferenceDbSqlite:203 - Set database path to: /Users/ggpai/.stmcufinder/plugins/mcufinder//mcu/cs/
2026-03-17 17:17:28,598 [INFO] RulesReader:64 - Compatibility file has been processed (317 Rules)
2026-03-17 17:17:28,658 [INFO] DbMcusXml:78 - Set database path to: /Applications/STM32CubeIDE.app/Contents/Eclipse/plugins/com.st.stm32cube.common.mx_6.15.0.202507011659//db//mcu/
2026-03-17 17:17:28,658 [INFO] ApiDb:274 - Set plugin database path to: /Applications/STM32CubeIDE.app/Contents/Eclipse/plugins/com.st.stm32cube.common.mx_6.15.0.202507011659//db//plugins/boardmanager/
2026-03-17 17:17:28,659 [INFO] ApiDb:261 - Set plugin images path to: /Applications/STM32CubeIDE.app/Contents/Eclipse/plugins/com.st.stm32cube.common.mx_6.15.0.202507011659//db//plugins/mcufinder/images/
2026-03-17 17:17:28,659 [WARN] DbFile:41 - Overriding database path with different value: /Users/ggpai/.stmcufinder/plugins/mcufinder/ => /Users/ggpai/.stmcufinder/plugins/mcufinder
2026-03-17 17:17:28,659 [INFO] ApiDb:250 - Set database path to: /Users/ggpai/.stmcufinder/plugins/mcufinder//mcu/
2026-03-17 17:17:28,659 [WARN] DbFile:41 - Overriding database path with different value: /Users/ggpai/.stmcufinder/plugins/mcufinder/ => /Users/ggpai/.stmcufinder/plugins/mcufinder
2026-03-17 17:17:28,659 [INFO] DbMcusAds:125 - Set database path to: /Users/ggpai/.stmcufinder/plugins/mcufinder//mcu/
2026-03-17 17:17:28,659 [WARN] DbFile:41 - Overriding database path with different value: /Users/ggpai/.stmcufinder/plugins/mcufinder/ => /Users/ggpai/.stmcufinder/plugins/mcufinder
2026-03-17 17:17:28,659 [WARN] DbFile:41 - Overriding database path with different value: /Users/ggpai/.stmcufinder/plugins/mcufinder/ => /Users/ggpai/.stmcufinder/plugins/mcufinder
2026-03-17 17:17:28,659 [INFO] CrossReferenceDbSqlite:203 - Set database path to: /Users/ggpai/.stmcufinder/plugins/mcufinder//mcu/cs/
2026-03-17 17:17:28,734 [INFO] MainPanel:274 - HeapMemory: 268435456
2026-03-17 17:17:29,219 [INFO] DbMcusXml:78 - Set database path to: /Applications/STM32CubeIDE.app/Contents/Eclipse/plugins/com.st.stm32cube.common.mx_6.15.0.202507011659//db//mcu/
2026-03-17 17:17:29,219 [INFO] ApiDb:274 - Set plugin database path to: /Applications/STM32CubeIDE.app/Contents/Eclipse/plugins/com.st.stm32cube.common.mx_6.15.0.202507011659//db//plugins/boardmanager/
2026-03-17 17:17:29,219 [INFO] ApiDb:261 - Set plugin images path to: /Applications/STM32CubeIDE.app/Contents/Eclipse/plugins/com.st.stm32cube.common.mx_6.15.0.202507011659//db//plugins/mcufinder/images/
2026-03-17 17:17:29,219 [WARN] DbFile:41 - Overriding database path with different value: /Users/ggpai/.stmcufinder/plugins/mcufinder/ => /Users/ggpai/.stmcufinder/plugins/mcufinder
2026-03-17 17:17:29,219 [INFO] ApiDb:250 - Set database path to: /Users/ggpai/.stmcufinder/plugins/mcufinder//mcu/
2026-03-17 17:17:29,220 [WARN] DbFile:41 - Overriding database path with different value: /Users/ggpai/.stmcufinder/plugins/mcufinder/ => /Users/ggpai/.stmcufinder/plugins/mcufinder
2026-03-17 17:17:29,220 [INFO] DbMcusAds:125 - Set database path to: /Users/ggpai/.stmcufinder/plugins/mcufinder//mcu/
2026-03-17 17:17:29,220 [WARN] DbFile:41 - Overriding database path with different value: /Users/ggpai/.stmcufinder/plugins/mcufinder/ => /Users/ggpai/.stmcufinder/plugins/mcufinder
2026-03-17 17:17:29,220 [WARN] DbFile:41 - Overriding database path with different value: /Users/ggpai/.stmcufinder/plugins/mcufinder/ => /Users/ggpai/.stmcufinder/plugins/mcufinder
2026-03-17 17:17:29,220 [INFO] CrossReferenceDbSqlite:203 - Set database path to: /Users/ggpai/.stmcufinder/plugins/mcufinder//mcu/cs/
2026-03-17 17:17:29,238 [INFO] ApplicationProperties:184 - Using Application install path: /Applications/STM32CubeIDE.app/Contents/Eclipse/plugins/com.st.stm32cube.common.mx_6.15.0.202507011659
2026-03-17 17:17:29,239 [INFO] PluginManage:196 - Search for loadable plugins [exclusion list=, ]
2026-03-17 17:17:29,241 [INFO] PluginManage:310 - Check plugin analytics
2026-03-17 17:17:29,420 [INFO] AnalyticsPlugin:253 - Accepted Software Licenses: STM32CubeMX.6.17.0
2026-03-17 17:17:29,421 [INFO] AnalyticsPlugin:255 - Accepted CMSIS Pack Licenses: 
2026-03-17 17:17:29,421 [INFO] AnalyticsPlugin:257 - Accepted Firmware Licenses: 
2026-03-17 17:17:29,425 [INFO] PluginManage:359 - Loaded plugin analytics (category:tool,tabindex:-1)
2026-03-17 17:17:29,438 [INFO] PluginManage:310 - Check plugin cadmodel
2026-03-17 17:17:29,468 [INFO] CADModel:105 - Init CAD model plugin
2026-03-17 17:17:29,468 [INFO] PluginManage:359 - Loaded plugin cadmodel (category:power,tabindex:5)
2026-03-17 17:17:29,469 [INFO] PluginManage:310 - Check plugin clock
2026-03-17 17:17:29,490 [INFO] PluginManage:359 - Loaded plugin clock (category:base,tabindex:2)
2026-03-17 17:17:29,490 [INFO] PluginManage:310 - Check plugin ddr
2026-03-17 17:17:29,494 [INFO] PluginManage:359 - Loaded plugin ddr (category:tool,tabindex:6)
2026-03-17 17:17:29,496 [INFO] PluginManage:310 - Check plugin filemanager
2026-03-17 17:17:29,528 [ERROR] ConfigurationRetriever:142 - IOException on connection: PKIX path building failed: sun.security.provider.certpath.SunCertPathBuilderException: unable to find valid certification path to requested target
2026-03-17 17:17:29,577 [ERROR] ConfigurationRetriever:142 - IOException on connection: PKIX path building failed: sun.security.provider.certpath.SunCertPathBuilderException: unable to find valid certification path to requested target
2026-03-17 17:17:29,622 [ERROR] ConfigurationRetriever:142 - IOException on connection: PKIX path building failed: sun.security.provider.certpath.SunCertPathBuilderException: unable to find valid certification path to requested target
2026-03-17 17:17:29,646 [INFO] PluginManage:359 - Loaded plugin filemanager (category:base,tabindex:10)
2026-03-17 17:17:29,646 [INFO] PluginManage:310 - Check plugin ipmanager
2026-03-17 17:17:29,655 [INFO] PluginManage:359 - Loaded plugin ipmanager (category:base,tabindex:5)
2026-03-17 17:17:29,655 [INFO] PluginManage:310 - Check plugin lpbam
2026-03-17 17:17:29,663 [INFO] PluginManage:359 - Loaded plugin lpbam (category:base,tabindex:0)
2026-03-17 17:17:29,663 [INFO] PluginManage:310 - Check plugin memorymap
2026-03-17 17:17:29,671 [INFO] PluginManage:359 - Loaded plugin memorymap (category:base,tabindex:4)
2026-03-17 17:17:29,671 [INFO] PluginManage:310 - Check plugin pinoutandconfiguration
2026-03-17 17:17:29,677 [INFO] PluginManage:359 - Loaded plugin pinoutandconfiguration (category:base,tabindex:1)
2026-03-17 17:17:29,678 [INFO] PluginManage:310 - Check plugin pinoutconfig
2026-03-17 17:17:29,754 [WARN] SupportedApi:132 - Cannot load RTOS API schema: s4s-elt-must-match.1: The content of 'definitions' must match (annotation?, (simpleType | complexType)?, (unique | key | keyref)*)). A problem was found starting at: attribute.
2026-03-17 17:17:29,877 [INFO] PluginManage:359 - Loaded plugin pinoutconfig (category:base,tabindex:0)
2026-03-17 17:17:29,877 [INFO] PluginManage:310 - Check plugin power
2026-03-17 17:17:29,886 [INFO] PluginManage:359 - Loaded plugin power (category:power,tabindex:4)
2026-03-17 17:17:29,886 [INFO] PluginManage:310 - Check plugin projectmanager
2026-03-17 17:17:29,905 [INFO] PluginManage:359 - Loaded plugin projectmanager (category:projectmanager,tabindex:4)
2026-03-17 17:17:29,905 [INFO] PluginManage:310 - Check plugin rif
2026-03-17 17:17:29,911 [INFO] PluginManage:359 - Loaded plugin rif (category:base,tabindex:3)
2026-03-17 17:17:29,911 [INFO] PluginManage:310 - Check plugin thirdparty
2026-03-17 17:17:30,053 [INFO] PluginManage:359 - Loaded plugin thirdparty (category:base,tabindex:-1)
2026-03-17 17:17:30,053 [INFO] PluginManage:310 - Check plugin tools
2026-03-17 17:17:30,053 [WARN] IntegrityCheckThread:84 - waiting for thirdparty lock release [integrity check]
2026-03-17 17:17:30,054 [INFO] IntegrityCheckThread:86 - entering critical section [integrity check]
2026-03-17 17:17:30,054 [INFO] ThirdPartyUpdaterWithRetryManager:70 - Updater plugin not ready yet. [1/15]
2026-03-17 17:17:30,059 [INFO] PluginManage:359 - Loaded plugin tools (category:base,tabindex:7)
2026-03-17 17:17:30,059 [INFO] PluginManage:310 - Check plugin tutovideos
2026-03-17 17:17:30,208 [INFO] PluginManage:359 - Loaded plugin tutovideos (category:base,tabindex:-1)
2026-03-17 17:17:30,209 [INFO] PluginManage:310 - Check plugin updater
2026-03-17 17:17:30,236 [INFO] PluginManage:359 - Loaded plugin updater (category:base,tabindex:12)
2026-03-17 17:17:30,236 [INFO] PluginManage:310 - Check plugin userauth
2026-03-17 17:17:30,241 [INFO] UserAuth:118 - Init User Auth plugin
2026-03-17 17:17:30,242 [INFO] PluginManage:359 - Loaded plugin userauth (category:base,tabindex:14)
2026-03-17 17:17:30,243 [INFO] PluginManage:283 - PluginManage : Loaded plugins [18]
2026-03-17 17:17:30,441 [INFO] PinOutPanel:1589 - setPackage(No Configuration,No Configuration)
2026-03-17 17:17:30,506 [INFO] CADModel:165 - CPN selected for project level
2026-03-17 17:17:30,506 [INFO] CADModel:114 - Register for checkConnection events
2026-03-17 17:17:30,514 [INFO] IPUIPlugin:80 - create IPUIPlugin
2026-03-17 17:17:30,515 [INFO] PluginManager:220 - loadIPPluginJar : add mdma
2026-03-17 17:17:30,519 [INFO] IPUIPlugin:80 - create IPUIPlugin
2026-03-17 17:17:30,519 [INFO] PluginManager:220 - loadIPPluginJar : add freertos
2026-03-17 17:17:30,522 [INFO] IPUIPlugin:80 - create IPUIPlugin
2026-03-17 17:17:30,522 [INFO] PluginManager:220 - loadIPPluginJar : add gic
2026-03-17 17:17:30,528 [INFO] IPUIPlugin:80 - create IPUIPlugin
2026-03-17 17:17:30,529 [INFO] PluginManager:220 - loadIPPluginJar : add adc
2026-03-17 17:17:30,530 [INFO] IPUIPlugin:80 - create IPUIPlugin
2026-03-17 17:17:30,530 [INFO] PluginManager:220 - loadIPPluginJar : add gtzc
2026-03-17 17:17:30,532 [INFO] IPUIPlugin:80 - create IPUIPlugin
2026-03-17 17:17:30,532 [INFO] PluginManager:220 - loadIPPluginJar : add quadspi
2026-03-17 17:17:30,533 [INFO] IPUIPlugin:80 - create IPUIPlugin
2026-03-17 17:17:30,533 [INFO] PluginManager:220 - loadIPPluginJar : add aes
2026-03-17 17:17:30,534 [INFO] IPUIPlugin:80 - create IPUIPlugin
2026-03-17 17:17:30,534 [INFO] PluginManager:220 - loadIPPluginJar : add pdm2pcm
2026-03-17 17:17:30,536 [INFO] IPUIPlugin:80 - create IPUIPlugin
2026-03-17 17:17:30,536 [INFO] PluginManager:220 - loadIPPluginJar : add hash
2026-03-17 17:17:30,537 [INFO] IPUIPlugin:80 - create IPUIPlugin
2026-03-17 17:17:30,537 [INFO] PluginManager:220 - loadIPPluginJar : add tim
2026-03-17 17:17:30,538 [INFO] IPUIPlugin:80 - create IPUIPlugin
2026-03-17 17:17:30,538 [INFO] PluginManager:220 - loadIPPluginJar : add tsc
2026-03-17 17:17:30,540 [INFO] IPUIPlugin:80 - create IPUIPlugin
2026-03-17 17:17:30,540 [INFO] PluginManager:220 - loadIPPluginJar : add extmemmanager
2026-03-17 17:17:30,541 [INFO] IPUIPlugin:80 - create IPUIPlugin
2026-03-17 17:17:30,541 [INFO] PluginManager:220 - loadIPPluginJar : add ts
2026-03-17 17:17:30,542 [INFO] IPUIPlugin:80 - create IPUIPlugin
2026-03-17 17:17:30,543 [INFO] PluginManager:220 - loadIPPluginJar : add radio
2026-03-17 17:17:30,544 [INFO] IPUIPlugin:80 - create IPUIPlugin
2026-03-17 17:17:30,544 [INFO] PluginManager:220 - loadIPPluginJar : add can
2026-03-17 17:17:30,545 [INFO] IPUIPlugin:80 - create IPUIPlugin
2026-03-17 17:17:30,545 [INFO] PluginManager:220 - loadIPPluginJar : add dma3
2026-03-17 17:17:30,547 [INFO] IPUIPlugin:80 - create IPUIPlugin
2026-03-17 17:17:30,547 [INFO] PluginManager:220 - loadIPPluginJar : add dfsdm
2026-03-17 17:17:30,548 [INFO] IPUIPlugin:80 - create IPUIPlugin
2026-03-17 17:17:30,548 [INFO] PluginManager:220 - loadIPPluginJar : add spi
2026-03-17 17:17:30,549 [INFO] IPUIPlugin:80 - create IPUIPlugin
2026-03-17 17:17:30,549 [INFO] PluginManager:220 - loadIPPluginJar : add gfxmmu
2026-03-17 17:17:30,550 [INFO] IPUIPlugin:80 - create IPUIPlugin
2026-03-17 17:17:30,550 [INFO] PluginManager:220 - loadIPPluginJar : add genericplugin
2026-03-17 17:17:30,551 [INFO] IPUIPlugin:80 - create IPUIPlugin
2026-03-17 17:17:30,551 [INFO] PluginManager:220 - loadIPPluginJar : add cryp
2026-03-17 17:17:30,554 [INFO] IPUIPlugin:80 - create IPUIPlugin
2026-03-17 17:17:30,554 [INFO] PluginManager:220 - loadIPPluginJar : add gpio
2026-03-17 17:17:30,556 [INFO] IPUIPlugin:80 - create IPUIPlugin
2026-03-17 17:17:30,557 [INFO] PluginManager:220 - loadIPPluginJar : add ddr_ctrl_phy
2026-03-17 17:17:30,558 [INFO] IPUIPlugin:80 - create IPUIPlugin
2026-03-17 17:17:30,558 [INFO] PluginManager:220 - loadIPPluginJar : add comp
2026-03-17 17:17:30,559 [INFO] IPUIPlugin:80 - create IPUIPlugin
2026-03-17 17:17:30,559 [INFO] PluginManager:220 - loadIPPluginJar : add tracer_emb
2026-03-17 17:17:30,561 [INFO] IPUIPlugin:80 - create IPUIPlugin
2026-03-17 17:17:30,561 [INFO] PluginManager:220 - loadIPPluginJar : add openamp
2026-03-17 17:17:30,564 [INFO] IPUIPlugin:80 - create IPUIPlugin
2026-03-17 17:17:30,564 [INFO] PluginManager:220 - loadIPPluginJar : add stm32_wpan
2026-03-17 17:17:30,567 [INFO] IPUIPlugin:80 - create IPUIPlugin
2026-03-17 17:17:30,568 [INFO] PluginManager:220 - loadIPPluginJar : add plateformsettings
2026-03-17 17:17:30,570 [INFO] IPUIPlugin:80 - create IPUIPlugin
2026-03-17 17:17:30,570 [INFO] PluginManager:220 - loadIPPluginJar : add ipddr
2026-03-17 17:17:30,571 [INFO] IPUIPlugin:80 - create IPUIPlugin
2026-03-17 17:17:30,571 [INFO] PluginManager:220 - loadIPPluginJar : add usart
2026-03-17 17:17:30,572 [INFO] IPUIPlugin:80 - create IPUIPlugin
2026-03-17 17:17:30,573 [INFO] PluginManager:220 - loadIPPluginJar : add ltdc
2026-03-17 17:17:30,574 [INFO] IPUIPlugin:80 - create IPUIPlugin
2026-03-17 17:17:30,574 [INFO] PluginManager:220 - loadIPPluginJar : add nvic
2026-03-17 17:17:30,575 [INFO] IPUIPlugin:80 - create IPUIPlugin
2026-03-17 17:17:30,575 [INFO] PluginManager:220 - loadIPPluginJar : add fatfs
2026-03-17 17:17:30,579 [INFO] IPUIPlugin:80 - create IPUIPlugin
2026-03-17 17:17:30,579 [INFO] PluginManager:220 - loadIPPluginJar : add linkedlist
2026-03-17 17:17:30,582 [INFO] IPUIPlugin:80 - create IPUIPlugin
2026-03-17 17:17:30,582 [INFO] PluginManager:220 - loadIPPluginJar : add dma
2026-03-17 17:17:30,584 [INFO] IPUIPlugin:80 - create IPUIPlugin
2026-03-17 17:17:30,584 [INFO] PluginManager:220 - loadIPPluginJar : add fmc
2026-03-17 17:17:30,585 [INFO] IPUIPlugin:80 - create IPUIPlugin
2026-03-17 17:17:30,585 [INFO] PluginManager:220 - loadIPPluginJar : add i2s
2026-03-17 17:17:30,586 [INFO] IPUIPlugin:80 - create IPUIPlugin
2026-03-17 17:17:30,586 [INFO] PluginManager:220 - loadIPPluginJar : add ucpd
2026-03-17 17:17:30,588 [INFO] IPUIPlugin:80 - create IPUIPlugin
2026-03-17 17:17:30,588 [INFO] PluginManager:220 - loadIPPluginJar : add lorawan
2026-03-17 17:17:30,589 [INFO] IPUIPlugin:80 - create IPUIPlugin
2026-03-17 17:17:30,589 [INFO] PluginManager:220 - loadIPPluginJar : add opamp
2026-03-17 17:17:30,591 [INFO] IPUIPlugin:80 - create IPUIPlugin
2026-03-17 17:17:30,591 [INFO] PluginManager:220 - loadIPPluginJar : add i3c
2026-03-17 17:17:30,592 [INFO] IPUIPlugin:80 - create IPUIPlugin
2026-03-17 17:17:30,592 [INFO] PluginManager:220 - loadIPPluginJar : add touchsensing
2026-03-17 17:17:30,594 [INFO] IPUIPlugin:80 - create IPUIPlugin
2026-03-17 17:17:30,594 [INFO] PluginManager:220 - loadIPPluginJar : add i2c
2026-03-17 17:17:30,595 [INFO] IPUIPlugin:80 - create IPUIPlugin
2026-03-17 17:17:30,595 [INFO] PluginManager:220 - loadIPPluginJar : add resmgrutility
2026-03-17 17:17:30,597 [INFO] IPUIPlugin:80 - create IPUIPlugin
2026-03-17 17:17:30,597 [INFO] PluginManager:220 - loadIPPluginJar : add sai
2026-03-17 17:17:30,598 [INFO] IPUIPlugin:80 - create IPUIPlugin
2026-03-17 17:17:30,598 [INFO] PluginManager:220 - loadIPPluginJar : add usbx
2026-03-17 17:17:30,714 [FATAL] Updater:351 - Updater called before beeing initialized
2026-03-17 17:17:30,752 [INFO] RulesReader:64 - Compatibility file has been processed (317 Rules)
2026-03-17 17:17:30,772 [INFO] RulesReader:64 - Compatibility file has been processed (317 Rules)
2026-03-17 17:17:30,778 [INFO] CADModel:165 - CPN selected for project level
2026-03-17 17:17:30,778 [INFO] CADModel:114 - Register for checkConnection events
2026-03-17 17:17:30,778 [FATAL] Updater:351 - Updater called before beeing initialized
2026-03-17 17:17:30,778 [ERROR] CADModel:125 - Updater not yet initialized, retry later 
2026-03-17 17:17:30,992 [FATAL] Updater:351 - Updater called before beeing initialized
2026-03-17 17:17:30,993 [INFO] CADModel:165 - CPN selected for project level
2026-03-17 17:17:30,993 [INFO] CADModel:114 - Register for checkConnection events
2026-03-17 17:17:30,993 [FATAL] Updater:351 - Updater called before beeing initialized
2026-03-17 17:17:30,993 [ERROR] CADModel:125 - Updater not yet initialized, retry later 
2026-03-17 17:17:30,995 [FATAL] Updater:351 - Updater called before beeing initialized
2026-03-17 17:17:31,133 [FATAL] Updater:351 - Updater called before beeing initialized
2026-03-17 17:17:31,138 [INFO] DbMcusAds:53 - JSON generation date=Thu Sep 30 12:25:09 IST 2021 (1632984909247)
2026-03-17 17:17:31,139 [FATAL] Updater:351 - Updater called before beeing initialized
2026-03-17 17:17:31,192 [WARN] DetailPanel:346 - Failed to get advertising image, set to default
2026-03-17 17:17:31,262 [FATAL] Updater:351 - Updater called before beeing initialized
2026-03-17 17:17:31,264 [FATAL] Updater:351 - Updater called before beeing initialized
2026-03-17 17:17:31,264 [FATAL] Updater:351 - Updater called before beeing initialized
2026-03-17 17:17:31,264 [WARN] DetailPanel:346 - Failed to get advertising image, set to default
2026-03-17 17:17:31,265 [FATAL] Updater:351 - Updater called before beeing initialized
2026-03-17 17:17:31,312 [ERROR] Updater:1198 - MainUpdater not yet initialized. External WinMGr cannot be set.
2026-03-17 17:17:31,321 [INFO] Updater:1134 - Updater Version found : 6.15.0
2026-03-17 17:17:31,332 [INFO] ApplicationProperties:184 - Using Application install path: /Applications/STM32CubeIDE.app/Contents/Eclipse/plugins/com.st.stm32cube.common.mx_6.15.0.202507011659
2026-03-17 17:17:31,631 [INFO] MainUpdater:2872 - connection check result : 22
2026-03-17 17:17:31,631 [INFO] MainUpdater:289 - Updater Check For Update Now.
2026-03-17 17:17:31,632 [INFO] MicroXplorer:498 - Change Database Version : DB.6.0.150
2026-03-17 17:17:31,642 [INFO] McuFinderGlobals:63 - Set McuFinder mode to 2 (CubeIDE integrated)
2026-03-17 17:17:31,642 [INFO] UserAuth:171 - activating auth plugin
2026-03-17 17:17:31,650 [INFO] UserAuth:487 - Internet connection configuration mode: 2
2026-03-17 17:17:31,682 [INFO] UserAuth:487 - Internet connection configuration mode: 2
2026-03-17 17:17:31,929 [INFO] CheckServerUpdateThread:120 - End of CheckServer Thread
2026-03-17 17:17:33,195 [INFO] ThirdParty:978 - Integrity check success = true
2026-03-17 17:17:33,196 [INFO] IntegrityCheckThread:100 - exiting critical section [integrity check]
2026-03-17 17:17:33,196 [INFO] IntegrityCheckThread:103 - End integrity checks thread
2026-03-17 17:43:41,177 [ERROR] ConfigurationRetriever:142 - IOException on connection: PKIX path building failed: sun.security.provider.certpath.SunCertPathBuilderException: unable to find valid certification path to requested target
2026-03-17 17:43:41,222 [ERROR] ConfigurationRetriever:142 - IOException on connection: PKIX path building failed: sun.security.provider.certpath.SunCertPathBuilderException: unable to find valid certification path to requested target
2026-03-17 17:43:41,264 [ERROR] ConfigurationRetriever:142 - IOException on connection: PKIX path building failed: sun.security.provider.certpath.SunCertPathBuilderException: unable to find valid certification path to requested target
2026-03-17 17:48:29,608 [ERROR] ConfigurationRetriever:142 - IOException on connection: PKIX path building failed: sun.security.provider.certpath.SunCertPathBuilderException: unable to find valid certification path to requested target
2026-03-17 17:48:29,656 [ERROR] ConfigurationRetriever:142 - IOException on connection: PKIX path building failed: sun.security.provider.certpath.SunCertPathBuilderException: unable to find valid certification path to requested target
2026-03-17 17:48:29,703 [ERROR] ConfigurationRetriever:142 - IOException on connection: PKIX path building failed: sun.security.provider.certpath.SunCertPathBuilderException: unable to find valid certification path to requested target
2026-03-17 17:48:41,394 [ERROR] ConfigurationRetriever:142 - IOException on connection: PKIX path building failed: sun.security.provider.certpath.SunCertPathBuilderException: unable to find valid certification path to requested target
2026-03-17 17:48:41,450 [ERROR] ConfigurationRetriever:142 - IOException on connection: PKIX path building failed: sun.security.provider.certpath.SunCertPathBuilderException: unable to find valid certification path to requested target
2026-03-17 17:48:41,841 [ERROR] ConfigurationRetriever:142 - IOException on connection: PKIX path building failed: sun.security.provider.certpath.SunCertPathBuilderException: unable to find valid certification path to requested target
2026-03-17 17:48:43,963 [ERROR] ConfigurationRetriever:142 - IOException on connection: PKIX path building failed: sun.security.provider.certpath.SunCertPathBuilderException: unable to find valid certification path to requested target
2026-03-17 17:48:44,014 [ERROR] ConfigurationRetriever:142 - IOException on connection: PKIX path building failed: sun.security.provider.certpath.SunCertPathBuilderException: unable to find valid certification path to requested target
2026-03-17 17:48:44,073 [ERROR] ConfigurationRetriever:142 - IOException on connection: PKIX path building failed: sun.security.provider.certpath.SunCertPathBuilderException: unable to find valid certification path to requested target
2026-03-17 17:52:20,800 [ERROR] ConfigurationRetriever:142 - IOException on connection: PKIX path building failed: sun.security.provider.certpath.SunCertPathBuilderException: unable to find valid certification path to requested target
2026-03-17 17:52:20,852 [ERROR] ConfigurationRetriever:142 - IOException on connection: PKIX path building failed: sun.security.provider.certpath.SunCertPathBuilderException: unable to find valid certification path to requested target
2026-03-17 17:52:20,905 [ERROR] ConfigurationRetriever:142 - IOException on connection: PKIX path building failed: sun.security.provider.certpath.SunCertPathBuilderException: unable to find valid certification path to requested target
2026-03-17 17:53:08,772 [ERROR] ConfigurationRetriever:142 - IOException on connection: PKIX path building failed: sun.security.provider.certpath.SunCertPathBuilderException: unable to find valid certification path to requested target
2026-03-17 17:53:08,822 [ERROR] ConfigurationRetriever:142 - IOException on connection: PKIX path building failed: sun.security.provider.certpath.SunCertPathBuilderException: unable to find valid certification path to requested target
2026-03-17 17:53:08,868 [ERROR] ConfigurationRetriever:142 - IOException on connection: PKIX path building failed: sun.security.provider.certpath.SunCertPathBuilderException: unable to find valid certification path to requested target
2026-03-17 17:53:39,400 [ERROR] ConfigurationRetriever:142 - IOException on connection: PKIX path building failed: sun.security.provider.certpath.SunCertPathBuilderException: unable to find valid certification path to requested target
2026-03-17 17:53:39,537 [ERROR] ConfigurationRetriever:142 - IOException on connection: PKIX path building failed: sun.security.provider.certpath.SunCertPathBuilderException: unable to find valid certification path to requested target
2026-03-17 17:53:39,638 [ERROR] ConfigurationRetriever:142 - IOException on connection: PKIX path building failed: sun.security.provider.certpath.SunCertPathBuilderException: unable to find valid certification path to requested target
2026-03-17 17:53:40,714 [ERROR] ConfigurationRetriever:142 - IOException on connection: PKIX path building failed: sun.security.provider.certpath.SunCertPathBuilderException: unable to find valid certification path to requested target
2026-03-17 17:53:40,759 [ERROR] ConfigurationRetriever:142 - IOException on connection: PKIX path building failed: sun.security.provider.certpath.SunCertPathBuilderException: unable to find valid certification path to requested target
2026-03-17 17:53:40,811 [ERROR] ConfigurationRetriever:142 - IOException on connection: PKIX path building failed: sun.security.provider.certpath.SunCertPathBuilderException: unable to find valid certification path to requested target
2026-03-17 18:54:47,856 [ERROR] ConfigurationRetriever:142 - IOException on connection: PKIX path building failed: sun.security.provider.certpath.SunCertPathBuilderException: unable to find valid certification path to requested target
2026-03-17 18:54:47,894 [ERROR] ConfigurationRetriever:142 - IOException on connection: PKIX path building failed: sun.security.provider.certpath.SunCertPathBuilderException: unable to find valid certification path to requested target
2026-03-17 18:54:47,932 [ERROR] ConfigurationRetriever:142 - IOException on connection: PKIX path building failed: sun.security.provider.certpath.SunCertPathBuilderException: unable to find valid certification path to requested target
2026-03-17 18:55:05,857 [ERROR] ConfigurationRetriever:142 - IOException on connection: PKIX path building failed: sun.security.provider.certpath.SunCertPathBuilderException: unable to find valid certification path to requested target
2026-03-17 18:55:05,900 [ERROR] ConfigurationRetriever:142 - IOException on connection: PKIX path building failed: sun.security.provider.certpath.SunCertPathBuilderException: unable to find valid certification path to requested target
2026-03-17 18:55:06,002 [ERROR] ConfigurationRetriever:142 - IOException on connection: PKIX path building failed: sun.security.provider.certpath.SunCertPathBuilderException: unable to find valid certification path to requested target
2026-03-17 18:55:08,030 [ERROR] ConfigurationRetriever:142 - IOException on connection: PKIX path building failed: sun.security.provider.certpath.SunCertPathBuilderException: unable to find valid certification path to requested target
2026-03-17 18:55:08,071 [ERROR] ConfigurationRetriever:142 - IOException on connection: PKIX path building failed: sun.security.provider.certpath.SunCertPathBuilderException: unable to find valid certification path to requested target
2026-03-17 18:55:08,122 [ERROR] ConfigurationRetriever:142 - IOException on connection: PKIX path building failed: sun.security.provider.certpath.SunCertPathBuilderException: unable to find valid certification path to requested target
2026-03-17 18:55:31,076 [INFO] LogOutputStream:77 - [STDOUT_REDIRECT] StartTraceHandler.execute(), success : Collect=false
2026-03-17 18:55:33,210 [INFO] LogOutputStream:77 - [STDOUT_REDIRECT] StartTraceHandler.execute(), success : Collect=true
2026-03-17 18:55:35,034 [INFO] LogOutputStream:77 - [STDOUT_REDIRECT] StartTraceHandler.execute(), success : Collect=false
2026-03-17 18:55:37,271 [INFO] LogOutputStream:77 - [STDOUT_REDIRECT] StartTraceHandler.execute(), success : Collect=true
