2026-03-21 08:25:17,959 [INFO] Activator:176 - 


2026-03-21 08:25:17,964 [INFO] Activator:177 - !SESSION log4j initialized
2026-03-21 08:25:25,459 [INFO] LogOutputStream:77 - [STDOUT_REDIRECT] 
2026-03-21 08:25:25,804 [ERROR] LogOutputStream:75 - [STDERR_REDIRECT] 
2026-03-21 08:25:27,210 [INFO] LogOutputStream:77 - [STDOUT_REDIRECT] 
2026-03-21 08:25:28,626 [ERROR] ConfigurationRetriever:142 - IOException on connection: PKIX path building failed: sun.security.provider.certpath.SunCertPathBuilderException: unable to find valid certification path to requested target
2026-03-21 08:25:28,680 [ERROR] ConfigurationRetriever:142 - IOException on connection: PKIX path building failed: sun.security.provider.certpath.SunCertPathBuilderException: unable to find valid certification path to requested target
2026-03-21 08:25:28,746 [ERROR] ConfigurationRetriever:142 - IOException on connection: PKIX path building failed: sun.security.provider.certpath.SunCertPathBuilderException: unable to find valid certification path to requested target
2026-03-21 08:25:28,975 [INFO] ApplicationProperties:184 - Using Application install path: /Applications/STM32CubeIDE.app/Contents/Eclipse/plugins/com.st.stm32cube.common.mx_6.15.0.202507011659
2026-03-21 08:25:28,988 [INFO] DbMcusXml:78 - Set database path to: /Applications/STM32CubeIDE.app/Contents/Eclipse/plugins/com.st.stm32cube.common.mx_6.15.0.202507011659//db//mcu/
2026-03-21 08:25:28,988 [INFO] ApiDb:274 - Set plugin database path to: /Applications/STM32CubeIDE.app/Contents/Eclipse/plugins/com.st.stm32cube.common.mx_6.15.0.202507011659//db//plugins/boardmanager/
2026-03-21 08:25:28,989 [WARN] ApiDb:259 - Overriding images path with different value:  => /Applications/STM32CubeIDE.app/Contents/Eclipse/plugins/com.st.stm32cube.common.mx_6.15.0.202507011659//db//plugins/mcufinder/images/
2026-03-21 08:25:28,996 [INFO] ApiDb:250 - Set database path to: /Users/ggpai/.stmcufinder/plugins/mcufinder//mcu/
2026-03-21 08:25:28,997 [INFO] DbMcusAds:125 - Set database path to: /Users/ggpai/.stmcufinder/plugins/mcufinder//mcu/
2026-03-21 08:25:28,999 [INFO] CrossReferenceDbSqlite:203 - Set database path to: /Users/ggpai/.stmcufinder/plugins/mcufinder//mcu/cs/
2026-03-21 08:25:29,124 [INFO] RulesReader:64 - Compatibility file has been processed (317 Rules)
2026-03-21 08:25:29,172 [INFO] DbMcusXml:78 - Set database path to: /Applications/STM32CubeIDE.app/Contents/Eclipse/plugins/com.st.stm32cube.common.mx_6.15.0.202507011659//db//mcu/
2026-03-21 08:25:29,172 [INFO] ApiDb:274 - Set plugin database path to: /Applications/STM32CubeIDE.app/Contents/Eclipse/plugins/com.st.stm32cube.common.mx_6.15.0.202507011659//db//plugins/boardmanager/
2026-03-21 08:25:29,173 [INFO] ApiDb:261 - Set plugin images path to: /Applications/STM32CubeIDE.app/Contents/Eclipse/plugins/com.st.stm32cube.common.mx_6.15.0.202507011659//db//plugins/mcufinder/images/
2026-03-21 08:25:29,174 [WARN] DbFile:41 - Overriding database path with different value: /Users/ggpai/.stmcufinder/plugins/mcufinder/ => /Users/ggpai/.stmcufinder/plugins/mcufinder
2026-03-21 08:25:29,174 [INFO] ApiDb:250 - Set database path to: /Users/ggpai/.stmcufinder/plugins/mcufinder//mcu/
2026-03-21 08:25:29,174 [WARN] DbFile:41 - Overriding database path with different value: /Users/ggpai/.stmcufinder/plugins/mcufinder/ => /Users/ggpai/.stmcufinder/plugins/mcufinder
2026-03-21 08:25:29,174 [INFO] DbMcusAds:125 - Set database path to: /Users/ggpai/.stmcufinder/plugins/mcufinder//mcu/
2026-03-21 08:25:29,174 [WARN] DbFile:41 - Overriding database path with different value: /Users/ggpai/.stmcufinder/plugins/mcufinder/ => /Users/ggpai/.stmcufinder/plugins/mcufinder
2026-03-21 08:25:29,174 [WARN] DbFile:41 - Overriding database path with different value: /Users/ggpai/.stmcufinder/plugins/mcufinder/ => /Users/ggpai/.stmcufinder/plugins/mcufinder
2026-03-21 08:25:29,174 [INFO] CrossReferenceDbSqlite:203 - Set database path to: /Users/ggpai/.stmcufinder/plugins/mcufinder//mcu/cs/
2026-03-21 08:25:29,239 [INFO] MainPanel:274 - HeapMemory: 268435456
2026-03-21 08:25:29,773 [INFO] DbMcusXml:78 - Set database path to: /Applications/STM32CubeIDE.app/Contents/Eclipse/plugins/com.st.stm32cube.common.mx_6.15.0.202507011659//db//mcu/
2026-03-21 08:25:29,773 [INFO] ApiDb:274 - Set plugin database path to: /Applications/STM32CubeIDE.app/Contents/Eclipse/plugins/com.st.stm32cube.common.mx_6.15.0.202507011659//db//plugins/boardmanager/
2026-03-21 08:25:29,773 [INFO] ApiDb:261 - Set plugin images path to: /Applications/STM32CubeIDE.app/Contents/Eclipse/plugins/com.st.stm32cube.common.mx_6.15.0.202507011659//db//plugins/mcufinder/images/
2026-03-21 08:25:29,774 [WARN] DbFile:41 - Overriding database path with different value: /Users/ggpai/.stmcufinder/plugins/mcufinder/ => /Users/ggpai/.stmcufinder/plugins/mcufinder
2026-03-21 08:25:29,774 [INFO] ApiDb:250 - Set database path to: /Users/ggpai/.stmcufinder/plugins/mcufinder//mcu/
2026-03-21 08:25:29,774 [WARN] DbFile:41 - Overriding database path with different value: /Users/ggpai/.stmcufinder/plugins/mcufinder/ => /Users/ggpai/.stmcufinder/plugins/mcufinder
2026-03-21 08:25:29,774 [INFO] DbMcusAds:125 - Set database path to: /Users/ggpai/.stmcufinder/plugins/mcufinder//mcu/
2026-03-21 08:25:29,774 [WARN] DbFile:41 - Overriding database path with different value: /Users/ggpai/.stmcufinder/plugins/mcufinder/ => /Users/ggpai/.stmcufinder/plugins/mcufinder
2026-03-21 08:25:29,774 [WARN] DbFile:41 - Overriding database path with different value: /Users/ggpai/.stmcufinder/plugins/mcufinder/ => /Users/ggpai/.stmcufinder/plugins/mcufinder
2026-03-21 08:25:29,774 [INFO] CrossReferenceDbSqlite:203 - Set database path to: /Users/ggpai/.stmcufinder/plugins/mcufinder//mcu/cs/
2026-03-21 08:25:29,789 [INFO] ApplicationProperties:184 - Using Application install path: /Applications/STM32CubeIDE.app/Contents/Eclipse/plugins/com.st.stm32cube.common.mx_6.15.0.202507011659
2026-03-21 08:25:29,791 [INFO] PluginManage:196 - Search for loadable plugins [exclusion list=, ]
2026-03-21 08:25:29,792 [INFO] PluginManage:310 - Check plugin analytics
2026-03-21 08:25:29,966 [INFO] AnalyticsPlugin:253 - Accepted Software Licenses: STM32CubeMX.6.17.0
2026-03-21 08:25:29,966 [INFO] AnalyticsPlugin:255 - Accepted CMSIS Pack Licenses: 
2026-03-21 08:25:29,966 [INFO] AnalyticsPlugin:257 - Accepted Firmware Licenses: 
2026-03-21 08:25:29,971 [INFO] PluginManage:359 - Loaded plugin analytics (category:tool,tabindex:-1)
2026-03-21 08:25:29,972 [INFO] PluginManage:310 - Check plugin cadmodel
2026-03-21 08:25:29,986 [INFO] CADModel:105 - Init CAD model plugin
2026-03-21 08:25:29,986 [INFO] PluginManage:359 - Loaded plugin cadmodel (category:power,tabindex:5)
2026-03-21 08:25:29,986 [INFO] PluginManage:310 - Check plugin clock
2026-03-21 08:25:29,995 [INFO] PluginManage:359 - Loaded plugin clock (category:base,tabindex:2)
2026-03-21 08:25:29,995 [INFO] PluginManage:310 - Check plugin ddr
2026-03-21 08:25:29,996 [INFO] PluginManage:359 - Loaded plugin ddr (category:tool,tabindex:6)
2026-03-21 08:25:29,996 [INFO] PluginManage:310 - Check plugin filemanager
2026-03-21 08:25:30,035 [ERROR] ConfigurationRetriever:142 - IOException on connection: PKIX path building failed: sun.security.provider.certpath.SunCertPathBuilderException: unable to find valid certification path to requested target
2026-03-21 08:25:30,077 [ERROR] ConfigurationRetriever:142 - IOException on connection: PKIX path building failed: sun.security.provider.certpath.SunCertPathBuilderException: unable to find valid certification path to requested target
2026-03-21 08:25:30,128 [ERROR] ConfigurationRetriever:142 - IOException on connection: PKIX path building failed: sun.security.provider.certpath.SunCertPathBuilderException: unable to find valid certification path to requested target
2026-03-21 08:25:30,141 [INFO] PluginManage:359 - Loaded plugin filemanager (category:base,tabindex:10)
2026-03-21 08:25:30,141 [INFO] PluginManage:310 - Check plugin ipmanager
2026-03-21 08:25:30,150 [INFO] PluginManage:359 - Loaded plugin ipmanager (category:base,tabindex:5)
2026-03-21 08:25:30,150 [INFO] PluginManage:310 - Check plugin lpbam
2026-03-21 08:25:30,161 [INFO] PluginManage:359 - Loaded plugin lpbam (category:base,tabindex:0)
2026-03-21 08:25:30,161 [INFO] PluginManage:310 - Check plugin memorymap
2026-03-21 08:25:30,169 [INFO] PluginManage:359 - Loaded plugin memorymap (category:base,tabindex:4)
2026-03-21 08:25:30,169 [INFO] PluginManage:310 - Check plugin pinoutandconfiguration
2026-03-21 08:25:30,176 [INFO] PluginManage:359 - Loaded plugin pinoutandconfiguration (category:base,tabindex:1)
2026-03-21 08:25:30,176 [INFO] PluginManage:310 - Check plugin pinoutconfig
2026-03-21 08:25:30,256 [WARN] SupportedApi:132 - Cannot load RTOS API schema: s4s-elt-must-match.1: The content of 'definitions' must match (annotation?, (simpleType | complexType)?, (unique | key | keyref)*)). A problem was found starting at: attribute.
2026-03-21 08:25:30,372 [INFO] PluginManage:359 - Loaded plugin pinoutconfig (category:base,tabindex:0)
2026-03-21 08:25:30,373 [INFO] PluginManage:310 - Check plugin power
2026-03-21 08:25:30,383 [INFO] PluginManage:359 - Loaded plugin power (category:power,tabindex:4)
2026-03-21 08:25:30,383 [INFO] PluginManage:310 - Check plugin projectmanager
2026-03-21 08:25:30,410 [INFO] PluginManage:359 - Loaded plugin projectmanager (category:projectmanager,tabindex:4)
2026-03-21 08:25:30,411 [INFO] PluginManage:310 - Check plugin rif
2026-03-21 08:25:30,418 [INFO] PluginManage:359 - Loaded plugin rif (category:base,tabindex:3)
2026-03-21 08:25:30,418 [INFO] PluginManage:310 - Check plugin thirdparty
2026-03-21 08:25:30,561 [INFO] PluginManage:359 - Loaded plugin thirdparty (category:base,tabindex:-1)
2026-03-21 08:25:30,561 [INFO] PluginManage:310 - Check plugin tools
2026-03-21 08:25:30,561 [WARN] IntegrityCheckThread:84 - waiting for thirdparty lock release [integrity check]
2026-03-21 08:25:30,561 [INFO] IntegrityCheckThread:86 - entering critical section [integrity check]
2026-03-21 08:25:30,562 [INFO] ThirdPartyUpdaterWithRetryManager:70 - Updater plugin not ready yet. [1/15]
2026-03-21 08:25:30,562 [INFO] PluginManage:359 - Loaded plugin tools (category:base,tabindex:7)
2026-03-21 08:25:30,563 [INFO] PluginManage:310 - Check plugin tutovideos
2026-03-21 08:25:30,769 [INFO] PluginManage:359 - Loaded plugin tutovideos (category:base,tabindex:-1)
2026-03-21 08:25:30,770 [INFO] PluginManage:310 - Check plugin updater
2026-03-21 08:25:30,798 [INFO] PluginManage:359 - Loaded plugin updater (category:base,tabindex:12)
2026-03-21 08:25:30,798 [INFO] PluginManage:310 - Check plugin userauth
2026-03-21 08:25:30,802 [INFO] UserAuth:118 - Init User Auth plugin
2026-03-21 08:25:30,803 [INFO] PluginManage:359 - Loaded plugin userauth (category:base,tabindex:14)
2026-03-21 08:25:30,804 [INFO] PluginManage:283 - PluginManage : Loaded plugins [18]
2026-03-21 08:25:31,008 [INFO] PinOutPanel:1589 - setPackage(No Configuration,No Configuration)
2026-03-21 08:25:31,079 [INFO] CADModel:165 - CPN selected for project level
2026-03-21 08:25:31,079 [INFO] CADModel:114 - Register for checkConnection events
2026-03-21 08:25:31,088 [INFO] IPUIPlugin:80 - create IPUIPlugin
2026-03-21 08:25:31,088 [INFO] PluginManager:220 - loadIPPluginJar : add mdma
2026-03-21 08:25:31,093 [INFO] IPUIPlugin:80 - create IPUIPlugin
2026-03-21 08:25:31,093 [INFO] PluginManager:220 - loadIPPluginJar : add freertos
2026-03-21 08:25:31,097 [INFO] IPUIPlugin:80 - create IPUIPlugin
2026-03-21 08:25:31,098 [INFO] PluginManager:220 - loadIPPluginJar : add gic
2026-03-21 08:25:31,105 [INFO] IPUIPlugin:80 - create IPUIPlugin
2026-03-21 08:25:31,105 [INFO] PluginManager:220 - loadIPPluginJar : add adc
2026-03-21 08:25:31,106 [INFO] IPUIPlugin:80 - create IPUIPlugin
2026-03-21 08:25:31,106 [INFO] PluginManager:220 - loadIPPluginJar : add gtzc
2026-03-21 08:25:31,107 [INFO] IPUIPlugin:80 - create IPUIPlugin
2026-03-21 08:25:31,107 [INFO] PluginManager:220 - loadIPPluginJar : add quadspi
2026-03-21 08:25:31,109 [INFO] IPUIPlugin:80 - create IPUIPlugin
2026-03-21 08:25:31,109 [INFO] PluginManager:220 - loadIPPluginJar : add aes
2026-03-21 08:25:31,111 [INFO] IPUIPlugin:80 - create IPUIPlugin
2026-03-21 08:25:31,111 [INFO] PluginManager:220 - loadIPPluginJar : add pdm2pcm
2026-03-21 08:25:31,112 [INFO] IPUIPlugin:80 - create IPUIPlugin
2026-03-21 08:25:31,112 [INFO] PluginManager:220 - loadIPPluginJar : add hash
2026-03-21 08:25:31,113 [INFO] IPUIPlugin:80 - create IPUIPlugin
2026-03-21 08:25:31,114 [INFO] PluginManager:220 - loadIPPluginJar : add tim
2026-03-21 08:25:31,115 [INFO] IPUIPlugin:80 - create IPUIPlugin
2026-03-21 08:25:31,115 [INFO] PluginManager:220 - loadIPPluginJar : add tsc
2026-03-21 08:25:31,116 [INFO] IPUIPlugin:80 - create IPUIPlugin
2026-03-21 08:25:31,116 [INFO] PluginManager:220 - loadIPPluginJar : add extmemmanager
2026-03-21 08:25:31,117 [INFO] IPUIPlugin:80 - create IPUIPlugin
2026-03-21 08:25:31,117 [INFO] PluginManager:220 - loadIPPluginJar : add ts
2026-03-21 08:25:31,118 [INFO] IPUIPlugin:80 - create IPUIPlugin
2026-03-21 08:25:31,118 [INFO] PluginManager:220 - loadIPPluginJar : add radio
2026-03-21 08:25:31,120 [INFO] IPUIPlugin:80 - create IPUIPlugin
2026-03-21 08:25:31,120 [INFO] PluginManager:220 - loadIPPluginJar : add can
2026-03-21 08:25:31,121 [INFO] IPUIPlugin:80 - create IPUIPlugin
2026-03-21 08:25:31,121 [INFO] PluginManager:220 - loadIPPluginJar : add dma3
2026-03-21 08:25:31,123 [INFO] IPUIPlugin:80 - create IPUIPlugin
2026-03-21 08:25:31,123 [INFO] PluginManager:220 - loadIPPluginJar : add dfsdm
2026-03-21 08:25:31,124 [INFO] IPUIPlugin:80 - create IPUIPlugin
2026-03-21 08:25:31,124 [INFO] PluginManager:220 - loadIPPluginJar : add spi
2026-03-21 08:25:31,126 [INFO] IPUIPlugin:80 - create IPUIPlugin
2026-03-21 08:25:31,126 [INFO] PluginManager:220 - loadIPPluginJar : add gfxmmu
2026-03-21 08:25:31,127 [INFO] IPUIPlugin:80 - create IPUIPlugin
2026-03-21 08:25:31,127 [INFO] PluginManager:220 - loadIPPluginJar : add genericplugin
2026-03-21 08:25:31,128 [INFO] IPUIPlugin:80 - create IPUIPlugin
2026-03-21 08:25:31,129 [INFO] PluginManager:220 - loadIPPluginJar : add cryp
2026-03-21 08:25:31,131 [INFO] IPUIPlugin:80 - create IPUIPlugin
2026-03-21 08:25:31,132 [INFO] PluginManager:220 - loadIPPluginJar : add gpio
2026-03-21 08:25:31,134 [INFO] IPUIPlugin:80 - create IPUIPlugin
2026-03-21 08:25:31,134 [INFO] PluginManager:220 - loadIPPluginJar : add ddr_ctrl_phy
2026-03-21 08:25:31,136 [INFO] IPUIPlugin:80 - create IPUIPlugin
2026-03-21 08:25:31,137 [INFO] PluginManager:220 - loadIPPluginJar : add comp
2026-03-21 08:25:31,138 [INFO] IPUIPlugin:80 - create IPUIPlugin
2026-03-21 08:25:31,138 [INFO] PluginManager:220 - loadIPPluginJar : add tracer_emb
2026-03-21 08:25:31,139 [INFO] IPUIPlugin:80 - create IPUIPlugin
2026-03-21 08:25:31,139 [INFO] PluginManager:220 - loadIPPluginJar : add openamp
2026-03-21 08:25:31,143 [INFO] IPUIPlugin:80 - create IPUIPlugin
2026-03-21 08:25:31,143 [INFO] PluginManager:220 - loadIPPluginJar : add stm32_wpan
2026-03-21 08:25:31,146 [INFO] IPUIPlugin:80 - create IPUIPlugin
2026-03-21 08:25:31,147 [INFO] PluginManager:220 - loadIPPluginJar : add plateformsettings
2026-03-21 08:25:31,150 [INFO] IPUIPlugin:80 - create IPUIPlugin
2026-03-21 08:25:31,150 [INFO] PluginManager:220 - loadIPPluginJar : add ipddr
2026-03-21 08:25:31,152 [INFO] IPUIPlugin:80 - create IPUIPlugin
2026-03-21 08:25:31,152 [INFO] PluginManager:220 - loadIPPluginJar : add usart
2026-03-21 08:25:31,155 [INFO] IPUIPlugin:80 - create IPUIPlugin
2026-03-21 08:25:31,155 [INFO] PluginManager:220 - loadIPPluginJar : add ltdc
2026-03-21 08:25:31,157 [INFO] IPUIPlugin:80 - create IPUIPlugin
2026-03-21 08:25:31,157 [INFO] PluginManager:220 - loadIPPluginJar : add nvic
2026-03-21 08:25:31,158 [INFO] IPUIPlugin:80 - create IPUIPlugin
2026-03-21 08:25:31,158 [INFO] PluginManager:220 - loadIPPluginJar : add fatfs
2026-03-21 08:25:31,162 [INFO] IPUIPlugin:80 - create IPUIPlugin
2026-03-21 08:25:31,162 [INFO] PluginManager:220 - loadIPPluginJar : add linkedlist
2026-03-21 08:25:31,165 [INFO] IPUIPlugin:80 - create IPUIPlugin
2026-03-21 08:25:31,165 [INFO] PluginManager:220 - loadIPPluginJar : add dma
2026-03-21 08:25:31,167 [INFO] IPUIPlugin:80 - create IPUIPlugin
2026-03-21 08:25:31,167 [INFO] PluginManager:220 - loadIPPluginJar : add fmc
2026-03-21 08:25:31,169 [INFO] IPUIPlugin:80 - create IPUIPlugin
2026-03-21 08:25:31,169 [INFO] PluginManager:220 - loadIPPluginJar : add i2s
2026-03-21 08:25:31,170 [INFO] IPUIPlugin:80 - create IPUIPlugin
2026-03-21 08:25:31,170 [INFO] PluginManager:220 - loadIPPluginJar : add ucpd
2026-03-21 08:25:31,171 [INFO] IPUIPlugin:80 - create IPUIPlugin
2026-03-21 08:25:31,171 [INFO] PluginManager:220 - loadIPPluginJar : add lorawan
2026-03-21 08:25:31,173 [INFO] IPUIPlugin:80 - create IPUIPlugin
2026-03-21 08:25:31,173 [INFO] PluginManager:220 - loadIPPluginJar : add opamp
2026-03-21 08:25:31,174 [INFO] IPUIPlugin:80 - create IPUIPlugin
2026-03-21 08:25:31,174 [INFO] PluginManager:220 - loadIPPluginJar : add i3c
2026-03-21 08:25:31,176 [INFO] IPUIPlugin:80 - create IPUIPlugin
2026-03-21 08:25:31,176 [INFO] PluginManager:220 - loadIPPluginJar : add touchsensing
2026-03-21 08:25:31,178 [INFO] IPUIPlugin:80 - create IPUIPlugin
2026-03-21 08:25:31,178 [INFO] PluginManager:220 - loadIPPluginJar : add i2c
2026-03-21 08:25:31,180 [INFO] IPUIPlugin:80 - create IPUIPlugin
2026-03-21 08:25:31,180 [INFO] PluginManager:220 - loadIPPluginJar : add resmgrutility
2026-03-21 08:25:31,182 [INFO] IPUIPlugin:80 - create IPUIPlugin
2026-03-21 08:25:31,182 [INFO] PluginManager:220 - loadIPPluginJar : add sai
2026-03-21 08:25:31,183 [INFO] IPUIPlugin:80 - create IPUIPlugin
2026-03-21 08:25:31,184 [INFO] PluginManager:220 - loadIPPluginJar : add usbx
2026-03-21 08:25:31,301 [FATAL] Updater:351 - Updater called before beeing initialized
2026-03-21 08:25:31,346 [INFO] RulesReader:64 - Compatibility file has been processed (317 Rules)
2026-03-21 08:25:31,364 [INFO] RulesReader:64 - Compatibility file has been processed (317 Rules)
2026-03-21 08:25:31,371 [INFO] CADModel:165 - CPN selected for project level
2026-03-21 08:25:31,371 [INFO] CADModel:114 - Register for checkConnection events
2026-03-21 08:25:31,371 [FATAL] Updater:351 - Updater called before beeing initialized
2026-03-21 08:25:31,371 [ERROR] CADModel:125 - Updater not yet initialized, retry later 
2026-03-21 08:25:31,602 [FATAL] Updater:351 - Updater called before beeing initialized
2026-03-21 08:25:31,604 [INFO] CADModel:165 - CPN selected for project level
2026-03-21 08:25:31,604 [INFO] CADModel:114 - Register for checkConnection events
2026-03-21 08:25:31,604 [FATAL] Updater:351 - Updater called before beeing initialized
2026-03-21 08:25:31,604 [ERROR] CADModel:125 - Updater not yet initialized, retry later 
2026-03-21 08:25:31,606 [FATAL] Updater:351 - Updater called before beeing initialized
2026-03-21 08:25:31,766 [FATAL] Updater:351 - Updater called before beeing initialized
2026-03-21 08:25:31,770 [INFO] DbMcusAds:53 - JSON generation date=Thu Sep 30 12:25:09 IST 2021 (1632984909247)
2026-03-21 08:25:31,771 [FATAL] Updater:351 - Updater called before beeing initialized
2026-03-21 08:25:31,828 [WARN] DetailPanel:346 - Failed to get advertising image, set to default
2026-03-21 08:25:31,922 [FATAL] Updater:351 - Updater called before beeing initialized
2026-03-21 08:25:31,923 [FATAL] Updater:351 - Updater called before beeing initialized
2026-03-21 08:25:31,923 [FATAL] Updater:351 - Updater called before beeing initialized
2026-03-21 08:25:31,924 [WARN] DetailPanel:346 - Failed to get advertising image, set to default
2026-03-21 08:25:31,927 [FATAL] Updater:351 - Updater called before beeing initialized
2026-03-21 08:25:31,969 [ERROR] Updater:1198 - MainUpdater not yet initialized. External WinMGr cannot be set.
2026-03-21 08:25:31,972 [INFO] Updater:1134 - Updater Version found : 6.15.0
2026-03-21 08:25:31,985 [INFO] ApplicationProperties:184 - Using Application install path: /Applications/STM32CubeIDE.app/Contents/Eclipse/plugins/com.st.stm32cube.common.mx_6.15.0.202507011659
2026-03-21 08:25:32,290 [INFO] MainUpdater:2872 - connection check result : 22
2026-03-21 08:25:32,291 [INFO] MainUpdater:289 - Updater Check For Update Now.
2026-03-21 08:25:32,291 [INFO] MicroXplorer:498 - Change Database Version : DB.6.0.150
2026-03-21 08:25:32,299 [INFO] McuFinderGlobals:63 - Set McuFinder mode to 2 (CubeIDE integrated)
2026-03-21 08:25:32,300 [INFO] UserAuth:171 - activating auth plugin
2026-03-21 08:25:32,311 [INFO] UserAuth:487 - Internet connection configuration mode: 2
2026-03-21 08:25:32,342 [INFO] UserAuth:487 - Internet connection configuration mode: 2
2026-03-21 08:25:32,566 [INFO] CheckServerUpdateThread:120 - End of CheckServer Thread
2026-03-21 08:25:33,677 [INFO] ThirdParty:978 - Integrity check success = true
2026-03-21 08:25:33,678 [INFO] IntegrityCheckThread:100 - exiting critical section [integrity check]
2026-03-21 08:25:33,678 [INFO] IntegrityCheckThread:103 - End integrity checks thread
2026-03-21 19:55:56,983 [ERROR] ConfigurationRetriever:142 - IOException on connection: PKIX path building failed: sun.security.provider.certpath.SunCertPathBuilderException: unable to find valid certification path to requested target
2026-03-21 19:55:57,038 [ERROR] ConfigurationRetriever:142 - IOException on connection: PKIX path building failed: sun.security.provider.certpath.SunCertPathBuilderException: unable to find valid certification path to requested target
2026-03-21 19:55:57,084 [ERROR] ConfigurationRetriever:142 - IOException on connection: PKIX path building failed: sun.security.provider.certpath.SunCertPathBuilderException: unable to find valid certification path to requested target
2026-03-21 21:38:23,593 [INFO] Activator:176 - 


2026-03-21 21:38:23,595 [INFO] Activator:177 - !SESSION log4j initialized
2026-03-21 21:38:28,318 [INFO] LogOutputStream:77 - [STDOUT_REDIRECT] 
2026-03-21 21:38:28,661 [ERROR] LogOutputStream:75 - [STDERR_REDIRECT] 
2026-03-21 21:38:30,976 [INFO] LogOutputStream:77 - [STDOUT_REDIRECT] 
2026-03-21 21:38:32,165 [ERROR] ConfigurationRetriever:142 - IOException on connection: PKIX path building failed: sun.security.provider.certpath.SunCertPathBuilderException: unable to find valid certification path to requested target
2026-03-21 21:38:32,210 [ERROR] ConfigurationRetriever:142 - IOException on connection: PKIX path building failed: sun.security.provider.certpath.SunCertPathBuilderException: unable to find valid certification path to requested target
2026-03-21 21:38:32,252 [ERROR] ConfigurationRetriever:142 - IOException on connection: PKIX path building failed: sun.security.provider.certpath.SunCertPathBuilderException: unable to find valid certification path to requested target
2026-03-21 21:38:32,719 [INFO] ApplicationProperties:184 - Using Application install path: /Applications/STM32CubeIDE.app/Contents/Eclipse/plugins/com.st.stm32cube.common.mx_6.15.0.202507011659
2026-03-21 21:38:32,733 [INFO] DbMcusXml:78 - Set database path to: /Applications/STM32CubeIDE.app/Contents/Eclipse/plugins/com.st.stm32cube.common.mx_6.15.0.202507011659//db//mcu/
2026-03-21 21:38:32,734 [INFO] ApiDb:274 - Set plugin database path to: /Applications/STM32CubeIDE.app/Contents/Eclipse/plugins/com.st.stm32cube.common.mx_6.15.0.202507011659//db//plugins/boardmanager/
2026-03-21 21:38:32,734 [WARN] ApiDb:259 - Overriding images path with different value:  => /Applications/STM32CubeIDE.app/Contents/Eclipse/plugins/com.st.stm32cube.common.mx_6.15.0.202507011659//db//plugins/mcufinder/images/
2026-03-21 21:38:32,740 [INFO] ApiDb:250 - Set database path to: /Users/ggpai/.stmcufinder/plugins/mcufinder//mcu/
2026-03-21 21:38:32,741 [INFO] DbMcusAds:125 - Set database path to: /Users/ggpai/.stmcufinder/plugins/mcufinder//mcu/
2026-03-21 21:38:32,742 [INFO] CrossReferenceDbSqlite:203 - Set database path to: /Users/ggpai/.stmcufinder/plugins/mcufinder//mcu/cs/
2026-03-21 21:38:32,880 [INFO] RulesReader:64 - Compatibility file has been processed (317 Rules)
2026-03-21 21:38:32,928 [INFO] DbMcusXml:78 - Set database path to: /Applications/STM32CubeIDE.app/Contents/Eclipse/plugins/com.st.stm32cube.common.mx_6.15.0.202507011659//db//mcu/
2026-03-21 21:38:32,928 [INFO] ApiDb:274 - Set plugin database path to: /Applications/STM32CubeIDE.app/Contents/Eclipse/plugins/com.st.stm32cube.common.mx_6.15.0.202507011659//db//plugins/boardmanager/
2026-03-21 21:38:32,929 [INFO] ApiDb:261 - Set plugin images path to: /Applications/STM32CubeIDE.app/Contents/Eclipse/plugins/com.st.stm32cube.common.mx_6.15.0.202507011659//db//plugins/mcufinder/images/
2026-03-21 21:38:32,929 [WARN] DbFile:41 - Overriding database path with different value: /Users/ggpai/.stmcufinder/plugins/mcufinder/ => /Users/ggpai/.stmcufinder/plugins/mcufinder
2026-03-21 21:38:32,929 [INFO] ApiDb:250 - Set database path to: /Users/ggpai/.stmcufinder/plugins/mcufinder//mcu/
2026-03-21 21:38:32,929 [WARN] DbFile:41 - Overriding database path with different value: /Users/ggpai/.stmcufinder/plugins/mcufinder/ => /Users/ggpai/.stmcufinder/plugins/mcufinder
2026-03-21 21:38:32,929 [INFO] DbMcusAds:125 - Set database path to: /Users/ggpai/.stmcufinder/plugins/mcufinder//mcu/
2026-03-21 21:38:32,929 [WARN] DbFile:41 - Overriding database path with different value: /Users/ggpai/.stmcufinder/plugins/mcufinder/ => /Users/ggpai/.stmcufinder/plugins/mcufinder
2026-03-21 21:38:32,929 [WARN] DbFile:41 - Overriding database path with different value: /Users/ggpai/.stmcufinder/plugins/mcufinder/ => /Users/ggpai/.stmcufinder/plugins/mcufinder
2026-03-21 21:38:32,929 [INFO] CrossReferenceDbSqlite:203 - Set database path to: /Users/ggpai/.stmcufinder/plugins/mcufinder//mcu/cs/
2026-03-21 21:38:33,000 [INFO] MainPanel:274 - HeapMemory: 268435456
2026-03-21 21:38:33,497 [INFO] DbMcusXml:78 - Set database path to: /Applications/STM32CubeIDE.app/Contents/Eclipse/plugins/com.st.stm32cube.common.mx_6.15.0.202507011659//db//mcu/
2026-03-21 21:38:33,498 [INFO] ApiDb:274 - Set plugin database path to: /Applications/STM32CubeIDE.app/Contents/Eclipse/plugins/com.st.stm32cube.common.mx_6.15.0.202507011659//db//plugins/boardmanager/
2026-03-21 21:38:33,498 [INFO] ApiDb:261 - Set plugin images path to: /Applications/STM32CubeIDE.app/Contents/Eclipse/plugins/com.st.stm32cube.common.mx_6.15.0.202507011659//db//plugins/mcufinder/images/
2026-03-21 21:38:33,498 [WARN] DbFile:41 - Overriding database path with different value: /Users/ggpai/.stmcufinder/plugins/mcufinder/ => /Users/ggpai/.stmcufinder/plugins/mcufinder
2026-03-21 21:38:33,498 [INFO] ApiDb:250 - Set database path to: /Users/ggpai/.stmcufinder/plugins/mcufinder//mcu/
2026-03-21 21:38:33,498 [WARN] DbFile:41 - Overriding database path with different value: /Users/ggpai/.stmcufinder/plugins/mcufinder/ => /Users/ggpai/.stmcufinder/plugins/mcufinder
2026-03-21 21:38:33,499 [INFO] DbMcusAds:125 - Set database path to: /Users/ggpai/.stmcufinder/plugins/mcufinder//mcu/
2026-03-21 21:38:33,499 [WARN] DbFile:41 - Overriding database path with different value: /Users/ggpai/.stmcufinder/plugins/mcufinder/ => /Users/ggpai/.stmcufinder/plugins/mcufinder
2026-03-21 21:38:33,499 [WARN] DbFile:41 - Overriding database path with different value: /Users/ggpai/.stmcufinder/plugins/mcufinder/ => /Users/ggpai/.stmcufinder/plugins/mcufinder
2026-03-21 21:38:33,499 [INFO] CrossReferenceDbSqlite:203 - Set database path to: /Users/ggpai/.stmcufinder/plugins/mcufinder//mcu/cs/
2026-03-21 21:38:33,514 [INFO] ApplicationProperties:184 - Using Application install path: /Applications/STM32CubeIDE.app/Contents/Eclipse/plugins/com.st.stm32cube.common.mx_6.15.0.202507011659
2026-03-21 21:38:33,515 [INFO] PluginManage:196 - Search for loadable plugins [exclusion list=, ]
2026-03-21 21:38:33,517 [INFO] PluginManage:310 - Check plugin analytics
2026-03-21 21:38:33,684 [INFO] AnalyticsPlugin:253 - Accepted Software Licenses: STM32CubeMX.6.17.0
2026-03-21 21:38:33,685 [INFO] AnalyticsPlugin:255 - Accepted CMSIS Pack Licenses: 
2026-03-21 21:38:33,685 [INFO] AnalyticsPlugin:257 - Accepted Firmware Licenses: 
2026-03-21 21:38:33,695 [INFO] PluginManage:359 - Loaded plugin analytics (category:tool,tabindex:-1)
2026-03-21 21:38:33,697 [INFO] PluginManage:310 - Check plugin cadmodel
2026-03-21 21:38:33,708 [INFO] CADModel:105 - Init CAD model plugin
2026-03-21 21:38:33,708 [INFO] PluginManage:359 - Loaded plugin cadmodel (category:power,tabindex:5)
2026-03-21 21:38:33,709 [INFO] PluginManage:310 - Check plugin clock
2026-03-21 21:38:33,719 [INFO] PluginManage:359 - Loaded plugin clock (category:base,tabindex:2)
2026-03-21 21:38:33,720 [INFO] PluginManage:310 - Check plugin ddr
2026-03-21 21:38:33,721 [INFO] PluginManage:359 - Loaded plugin ddr (category:tool,tabindex:6)
2026-03-21 21:38:33,722 [INFO] PluginManage:310 - Check plugin filemanager
2026-03-21 21:38:33,737 [ERROR] ConfigurationRetriever:142 - IOException on connection: PKIX path building failed: sun.security.provider.certpath.SunCertPathBuilderException: unable to find valid certification path to requested target
2026-03-21 21:38:33,786 [ERROR] ConfigurationRetriever:142 - IOException on connection: PKIX path building failed: sun.security.provider.certpath.SunCertPathBuilderException: unable to find valid certification path to requested target
2026-03-21 21:38:33,827 [ERROR] ConfigurationRetriever:142 - IOException on connection: PKIX path building failed: sun.security.provider.certpath.SunCertPathBuilderException: unable to find valid certification path to requested target
2026-03-21 21:38:33,882 [INFO] PluginManage:359 - Loaded plugin filemanager (category:base,tabindex:10)
2026-03-21 21:38:33,883 [INFO] PluginManage:310 - Check plugin ipmanager
2026-03-21 21:38:33,891 [INFO] PluginManage:359 - Loaded plugin ipmanager (category:base,tabindex:5)
2026-03-21 21:38:33,891 [INFO] PluginManage:310 - Check plugin lpbam
2026-03-21 21:38:33,899 [INFO] PluginManage:359 - Loaded plugin lpbam (category:base,tabindex:0)
2026-03-21 21:38:33,899 [INFO] PluginManage:310 - Check plugin memorymap
2026-03-21 21:38:33,908 [INFO] PluginManage:359 - Loaded plugin memorymap (category:base,tabindex:4)
2026-03-21 21:38:33,908 [INFO] PluginManage:310 - Check plugin pinoutandconfiguration
2026-03-21 21:38:33,915 [INFO] PluginManage:359 - Loaded plugin pinoutandconfiguration (category:base,tabindex:1)
2026-03-21 21:38:33,915 [INFO] PluginManage:310 - Check plugin pinoutconfig
2026-03-21 21:38:33,988 [WARN] SupportedApi:132 - Cannot load RTOS API schema: s4s-elt-must-match.1: The content of 'definitions' must match (annotation?, (simpleType | complexType)?, (unique | key | keyref)*)). A problem was found starting at: attribute.
2026-03-21 21:38:34,117 [INFO] PluginManage:359 - Loaded plugin pinoutconfig (category:base,tabindex:0)
2026-03-21 21:38:34,118 [INFO] PluginManage:310 - Check plugin power
2026-03-21 21:38:34,129 [INFO] PluginManage:359 - Loaded plugin power (category:power,tabindex:4)
2026-03-21 21:38:34,129 [INFO] PluginManage:310 - Check plugin projectmanager
2026-03-21 21:38:34,157 [INFO] PluginManage:359 - Loaded plugin projectmanager (category:projectmanager,tabindex:4)
2026-03-21 21:38:34,157 [INFO] PluginManage:310 - Check plugin rif
2026-03-21 21:38:34,164 [INFO] PluginManage:359 - Loaded plugin rif (category:base,tabindex:3)
2026-03-21 21:38:34,165 [INFO] PluginManage:310 - Check plugin thirdparty
2026-03-21 21:38:34,303 [INFO] PluginManage:359 - Loaded plugin thirdparty (category:base,tabindex:-1)
2026-03-21 21:38:34,304 [INFO] PluginManage:310 - Check plugin tools
2026-03-21 21:38:34,303 [WARN] IntegrityCheckThread:84 - waiting for thirdparty lock release [integrity check]
2026-03-21 21:38:34,307 [INFO] IntegrityCheckThread:86 - entering critical section [integrity check]
2026-03-21 21:38:34,307 [INFO] PluginManage:359 - Loaded plugin tools (category:base,tabindex:7)
2026-03-21 21:38:34,307 [INFO] PluginManage:310 - Check plugin tutovideos
2026-03-21 21:38:34,307 [INFO] ThirdPartyUpdaterWithRetryManager:70 - Updater plugin not ready yet. [1/15]
2026-03-21 21:38:34,460 [INFO] PluginManage:359 - Loaded plugin tutovideos (category:base,tabindex:-1)
2026-03-21 21:38:34,460 [INFO] PluginManage:310 - Check plugin updater
2026-03-21 21:38:34,486 [INFO] PluginManage:359 - Loaded plugin updater (category:base,tabindex:12)
2026-03-21 21:38:34,486 [INFO] PluginManage:310 - Check plugin userauth
2026-03-21 21:38:34,489 [INFO] UserAuth:118 - Init User Auth plugin
2026-03-21 21:38:34,490 [INFO] PluginManage:359 - Loaded plugin userauth (category:base,tabindex:14)
2026-03-21 21:38:34,491 [INFO] PluginManage:283 - PluginManage : Loaded plugins [18]
2026-03-21 21:38:34,686 [INFO] PinOutPanel:1589 - setPackage(No Configuration,No Configuration)
2026-03-21 21:38:34,772 [INFO] CADModel:165 - CPN selected for project level
2026-03-21 21:38:34,772 [INFO] CADModel:114 - Register for checkConnection events
2026-03-21 21:38:34,783 [INFO] IPUIPlugin:80 - create IPUIPlugin
2026-03-21 21:38:34,783 [INFO] PluginManager:220 - loadIPPluginJar : add mdma
2026-03-21 21:38:34,788 [INFO] IPUIPlugin:80 - create IPUIPlugin
2026-03-21 21:38:34,788 [INFO] PluginManager:220 - loadIPPluginJar : add freertos
2026-03-21 21:38:34,792 [INFO] IPUIPlugin:80 - create IPUIPlugin
2026-03-21 21:38:34,792 [INFO] PluginManager:220 - loadIPPluginJar : add gic
2026-03-21 21:38:34,798 [INFO] IPUIPlugin:80 - create IPUIPlugin
2026-03-21 21:38:34,798 [INFO] PluginManager:220 - loadIPPluginJar : add adc
2026-03-21 21:38:34,799 [INFO] IPUIPlugin:80 - create IPUIPlugin
2026-03-21 21:38:34,799 [INFO] PluginManager:220 - loadIPPluginJar : add gtzc
2026-03-21 21:38:34,800 [INFO] IPUIPlugin:80 - create IPUIPlugin
2026-03-21 21:38:34,800 [INFO] PluginManager:220 - loadIPPluginJar : add quadspi
2026-03-21 21:38:34,801 [INFO] IPUIPlugin:80 - create IPUIPlugin
2026-03-21 21:38:34,801 [INFO] PluginManager:220 - loadIPPluginJar : add aes
2026-03-21 21:38:34,803 [INFO] IPUIPlugin:80 - create IPUIPlugin
2026-03-21 21:38:34,803 [INFO] PluginManager:220 - loadIPPluginJar : add pdm2pcm
2026-03-21 21:38:34,804 [INFO] IPUIPlugin:80 - create IPUIPlugin
2026-03-21 21:38:34,804 [INFO] PluginManager:220 - loadIPPluginJar : add hash
2026-03-21 21:38:34,805 [INFO] IPUIPlugin:80 - create IPUIPlugin
2026-03-21 21:38:34,805 [INFO] PluginManager:220 - loadIPPluginJar : add tim
2026-03-21 21:38:34,806 [INFO] IPUIPlugin:80 - create IPUIPlugin
2026-03-21 21:38:34,806 [INFO] PluginManager:220 - loadIPPluginJar : add tsc
2026-03-21 21:38:34,808 [INFO] IPUIPlugin:80 - create IPUIPlugin
2026-03-21 21:38:34,808 [INFO] PluginManager:220 - loadIPPluginJar : add extmemmanager
2026-03-21 21:38:34,809 [INFO] IPUIPlugin:80 - create IPUIPlugin
2026-03-21 21:38:34,809 [INFO] PluginManager:220 - loadIPPluginJar : add ts
2026-03-21 21:38:34,809 [INFO] IPUIPlugin:80 - create IPUIPlugin
2026-03-21 21:38:34,810 [INFO] PluginManager:220 - loadIPPluginJar : add radio
2026-03-21 21:38:34,811 [INFO] IPUIPlugin:80 - create IPUIPlugin
2026-03-21 21:38:34,811 [INFO] PluginManager:220 - loadIPPluginJar : add can
2026-03-21 21:38:34,812 [INFO] IPUIPlugin:80 - create IPUIPlugin
2026-03-21 21:38:34,812 [INFO] PluginManager:220 - loadIPPluginJar : add dma3
2026-03-21 21:38:34,813 [INFO] IPUIPlugin:80 - create IPUIPlugin
2026-03-21 21:38:34,813 [INFO] PluginManager:220 - loadIPPluginJar : add dfsdm
2026-03-21 21:38:34,814 [INFO] IPUIPlugin:80 - create IPUIPlugin
2026-03-21 21:38:34,814 [INFO] PluginManager:220 - loadIPPluginJar : add spi
2026-03-21 21:38:34,816 [INFO] IPUIPlugin:80 - create IPUIPlugin
2026-03-21 21:38:34,816 [INFO] PluginManager:220 - loadIPPluginJar : add gfxmmu
2026-03-21 21:38:34,817 [INFO] IPUIPlugin:80 - create IPUIPlugin
2026-03-21 21:38:34,817 [INFO] PluginManager:220 - loadIPPluginJar : add genericplugin
2026-03-21 21:38:34,817 [INFO] IPUIPlugin:80 - create IPUIPlugin
2026-03-21 21:38:34,818 [INFO] PluginManager:220 - loadIPPluginJar : add cryp
2026-03-21 21:38:34,820 [INFO] IPUIPlugin:80 - create IPUIPlugin
2026-03-21 21:38:34,820 [INFO] PluginManager:220 - loadIPPluginJar : add gpio
2026-03-21 21:38:34,822 [INFO] IPUIPlugin:80 - create IPUIPlugin
2026-03-21 21:38:34,823 [INFO] PluginManager:220 - loadIPPluginJar : add ddr_ctrl_phy
2026-03-21 21:38:34,824 [INFO] IPUIPlugin:80 - create IPUIPlugin
2026-03-21 21:38:34,824 [INFO] PluginManager:220 - loadIPPluginJar : add comp
2026-03-21 21:38:34,825 [INFO] IPUIPlugin:80 - create IPUIPlugin
2026-03-21 21:38:34,825 [INFO] PluginManager:220 - loadIPPluginJar : add tracer_emb
2026-03-21 21:38:34,826 [INFO] IPUIPlugin:80 - create IPUIPlugin
2026-03-21 21:38:34,827 [INFO] PluginManager:220 - loadIPPluginJar : add openamp
2026-03-21 21:38:34,830 [INFO] IPUIPlugin:80 - create IPUIPlugin
2026-03-21 21:38:34,830 [INFO] PluginManager:220 - loadIPPluginJar : add stm32_wpan
2026-03-21 21:38:34,833 [INFO] IPUIPlugin:80 - create IPUIPlugin
2026-03-21 21:38:34,834 [INFO] PluginManager:220 - loadIPPluginJar : add plateformsettings
2026-03-21 21:38:34,836 [INFO] IPUIPlugin:80 - create IPUIPlugin
2026-03-21 21:38:34,836 [INFO] PluginManager:220 - loadIPPluginJar : add ipddr
2026-03-21 21:38:34,837 [INFO] IPUIPlugin:80 - create IPUIPlugin
2026-03-21 21:38:34,837 [INFO] PluginManager:220 - loadIPPluginJar : add usart
2026-03-21 21:38:34,838 [INFO] IPUIPlugin:80 - create IPUIPlugin
2026-03-21 21:38:34,838 [INFO] PluginManager:220 - loadIPPluginJar : add ltdc
2026-03-21 21:38:34,840 [INFO] IPUIPlugin:80 - create IPUIPlugin
2026-03-21 21:38:34,840 [INFO] PluginManager:220 - loadIPPluginJar : add nvic
2026-03-21 21:38:34,840 [INFO] IPUIPlugin:80 - create IPUIPlugin
2026-03-21 21:38:34,840 [INFO] PluginManager:220 - loadIPPluginJar : add fatfs
2026-03-21 21:38:34,844 [INFO] IPUIPlugin:80 - create IPUIPlugin
2026-03-21 21:38:34,845 [INFO] PluginManager:220 - loadIPPluginJar : add linkedlist
2026-03-21 21:38:34,848 [INFO] IPUIPlugin:80 - create IPUIPlugin
2026-03-21 21:38:34,848 [INFO] PluginManager:220 - loadIPPluginJar : add dma
2026-03-21 21:38:34,850 [INFO] IPUIPlugin:80 - create IPUIPlugin
2026-03-21 21:38:34,850 [INFO] PluginManager:220 - loadIPPluginJar : add fmc
2026-03-21 21:38:34,851 [INFO] IPUIPlugin:80 - create IPUIPlugin
2026-03-21 21:38:34,851 [INFO] PluginManager:220 - loadIPPluginJar : add i2s
2026-03-21 21:38:34,852 [INFO] IPUIPlugin:80 - create IPUIPlugin
2026-03-21 21:38:34,852 [INFO] PluginManager:220 - loadIPPluginJar : add ucpd
2026-03-21 21:38:34,853 [INFO] IPUIPlugin:80 - create IPUIPlugin
2026-03-21 21:38:34,853 [INFO] PluginManager:220 - loadIPPluginJar : add lorawan
2026-03-21 21:38:34,855 [INFO] IPUIPlugin:80 - create IPUIPlugin
2026-03-21 21:38:34,856 [INFO] PluginManager:220 - loadIPPluginJar : add opamp
2026-03-21 21:38:34,858 [INFO] IPUIPlugin:80 - create IPUIPlugin
2026-03-21 21:38:34,858 [INFO] PluginManager:220 - loadIPPluginJar : add i3c
2026-03-21 21:38:34,859 [INFO] IPUIPlugin:80 - create IPUIPlugin
2026-03-21 21:38:34,859 [INFO] PluginManager:220 - loadIPPluginJar : add touchsensing
2026-03-21 21:38:34,861 [INFO] IPUIPlugin:80 - create IPUIPlugin
2026-03-21 21:38:34,861 [INFO] PluginManager:220 - loadIPPluginJar : add i2c
2026-03-21 21:38:34,863 [INFO] IPUIPlugin:80 - create IPUIPlugin
2026-03-21 21:38:34,863 [INFO] PluginManager:220 - loadIPPluginJar : add resmgrutility
2026-03-21 21:38:34,864 [INFO] IPUIPlugin:80 - create IPUIPlugin
2026-03-21 21:38:34,864 [INFO] PluginManager:220 - loadIPPluginJar : add sai
2026-03-21 21:38:34,866 [INFO] IPUIPlugin:80 - create IPUIPlugin
2026-03-21 21:38:34,866 [INFO] PluginManager:220 - loadIPPluginJar : add usbx
2026-03-21 21:38:34,989 [FATAL] Updater:351 - Updater called before beeing initialized
2026-03-21 21:38:35,055 [INFO] RulesReader:64 - Compatibility file has been processed (317 Rules)
2026-03-21 21:38:35,080 [INFO] RulesReader:64 - Compatibility file has been processed (317 Rules)
2026-03-21 21:38:35,091 [INFO] CADModel:165 - CPN selected for project level
2026-03-21 21:38:35,091 [INFO] CADModel:114 - Register for checkConnection events
2026-03-21 21:38:35,091 [FATAL] Updater:351 - Updater called before beeing initialized
2026-03-21 21:38:35,092 [ERROR] CADModel:125 - Updater not yet initialized, retry later 
2026-03-21 21:38:35,742 [FATAL] Updater:351 - Updater called before beeing initialized
2026-03-21 21:38:35,743 [INFO] CADModel:165 - CPN selected for project level
2026-03-21 21:38:35,743 [INFO] CADModel:114 - Register for checkConnection events
2026-03-21 21:38:35,743 [FATAL] Updater:351 - Updater called before beeing initialized
2026-03-21 21:38:35,743 [ERROR] CADModel:125 - Updater not yet initialized, retry later 
2026-03-21 21:38:35,745 [FATAL] Updater:351 - Updater called before beeing initialized
2026-03-21 21:38:35,908 [FATAL] Updater:351 - Updater called before beeing initialized
2026-03-21 21:38:35,912 [INFO] DbMcusAds:53 - JSON generation date=Thu Sep 30 12:25:09 IST 2021 (1632984909247)
2026-03-21 21:38:35,912 [FATAL] Updater:351 - Updater called before beeing initialized
2026-03-21 21:38:35,965 [WARN] DetailPanel:346 - Failed to get advertising image, set to default
2026-03-21 21:38:36,036 [FATAL] Updater:351 - Updater called before beeing initialized
2026-03-21 21:38:36,037 [FATAL] Updater:351 - Updater called before beeing initialized
2026-03-21 21:38:36,037 [FATAL] Updater:351 - Updater called before beeing initialized
2026-03-21 21:38:36,037 [WARN] DetailPanel:346 - Failed to get advertising image, set to default
2026-03-21 21:38:36,040 [FATAL] Updater:351 - Updater called before beeing initialized
2026-03-21 21:38:36,082 [ERROR] Updater:1198 - MainUpdater not yet initialized. External WinMGr cannot be set.
2026-03-21 21:38:36,085 [INFO] Updater:1134 - Updater Version found : 6.15.0
2026-03-21 21:38:36,097 [INFO] ApplicationProperties:184 - Using Application install path: /Applications/STM32CubeIDE.app/Contents/Eclipse/plugins/com.st.stm32cube.common.mx_6.15.0.202507011659
2026-03-21 21:38:36,367 [INFO] MainUpdater:2872 - connection check result : 22
2026-03-21 21:38:36,368 [INFO] MainUpdater:289 - Updater Check For Update Now.
2026-03-21 21:38:36,368 [INFO] MicroXplorer:498 - Change Database Version : DB.6.0.150
2026-03-21 21:38:36,372 [INFO] McuFinderGlobals:63 - Set McuFinder mode to 2 (CubeIDE integrated)
2026-03-21 21:38:36,372 [INFO] UserAuth:171 - activating auth plugin
2026-03-21 21:38:36,382 [INFO] UserAuth:487 - Internet connection configuration mode: 2
2026-03-21 21:38:36,404 [INFO] UserAuth:487 - Internet connection configuration mode: 2
2026-03-21 21:38:36,608 [INFO] CheckServerUpdateThread:120 - End of CheckServer Thread
2026-03-21 21:38:37,427 [INFO] ThirdParty:978 - Integrity check success = true
2026-03-21 21:38:37,427 [INFO] IntegrityCheckThread:100 - exiting critical section [integrity check]
2026-03-21 21:38:37,427 [INFO] IntegrityCheckThread:103 - End integrity checks thread
2026-03-21 22:49:18,441 [ERROR] ConfigurationRetriever:142 - IOException on connection: PKIX path building failed: sun.security.provider.certpath.SunCertPathBuilderException: unable to find valid certification path to requested target
2026-03-21 22:49:18,506 [ERROR] ConfigurationRetriever:142 - IOException on connection: PKIX path building failed: sun.security.provider.certpath.SunCertPathBuilderException: unable to find valid certification path to requested target
2026-03-21 22:49:18,559 [ERROR] ConfigurationRetriever:142 - IOException on connection: PKIX path building failed: sun.security.provider.certpath.SunCertPathBuilderException: unable to find valid certification path to requested target
2026-03-21 22:49:50,126 [ERROR] ConfigurationRetriever:142 - IOException on connection: PKIX path building failed: sun.security.provider.certpath.SunCertPathBuilderException: unable to find valid certification path to requested target
2026-03-21 22:49:50,173 [ERROR] ConfigurationRetriever:142 - IOException on connection: PKIX path building failed: sun.security.provider.certpath.SunCertPathBuilderException: unable to find valid certification path to requested target
2026-03-21 22:49:50,215 [ERROR] ConfigurationRetriever:142 - IOException on connection: PKIX path building failed: sun.security.provider.certpath.SunCertPathBuilderException: unable to find valid certification path to requested target
2026-03-21 22:49:50,738 [ERROR] ConfigurationRetriever:142 - IOException on connection: PKIX path building failed: sun.security.provider.certpath.SunCertPathBuilderException: unable to find valid certification path to requested target
2026-03-21 22:49:50,787 [ERROR] ConfigurationRetriever:142 - IOException on connection: PKIX path building failed: sun.security.provider.certpath.SunCertPathBuilderException: unable to find valid certification path to requested target
2026-03-21 22:49:50,834 [ERROR] ConfigurationRetriever:142 - IOException on connection: PKIX path building failed: sun.security.provider.certpath.SunCertPathBuilderException: unable to find valid certification path to requested target
